2024-01-12 14:20:25.645 [info] Log level: Info
2024-01-12 14:20:25.645 [info] Validating found git in: "git"
2024-01-12 14:20:25.645 [info] Using git "2.43.0" from "git"
2024-01-12 14:20:25.645 [info] > git rev-parse --show-toplevel [4ms]
2024-01-12 14:20:25.645 [info] > git rev-parse --git-dir --git-common-dir [1ms]
2024-01-12 14:20:25.645 [info] Open repository: /media/main/Code/all git-clones/Arch-HyprV1
2024-01-12 14:20:25.658 [info] > git rev-parse --show-toplevel [3ms]
2024-01-12 14:20:25.659 [info] > git config --get commit.template [8ms]
2024-01-12 14:20:25.668 [info] > git rev-parse --show-toplevel [5ms]
2024-01-12 14:20:25.672 [info] > git for-each-ref --format=%(refname)%00%(upstream:short)%00%(objectname)%00%(upstream:track)%00%(upstream:remotename)%00%(upstream:remoteref) refs/heads/development refs/remotes/development [6ms]
2024-01-12 14:20:25.677 [warning] ENOENT: no such file or directory, open '/media/main/Code/all git-clones/Arch-HyprV1/.git/refs/remotes/origin/development'
2024-01-12 14:20:25.677 [info] > git rev-parse --show-toplevel [5ms]
2024-01-12 14:20:25.679 [info] > git rev-parse refs/remotes/origin/development [2ms]
2024-01-12 14:20:25.689 [info] > git status -z -uall [6ms]
2024-01-12 14:20:25.700 [info] > git config --get commit.template [1ms]
2024-01-12 14:20:25.721 [info] > git for-each-ref --format=%(refname)%00%(upstream:short)%00%(objectname)%00%(upstream:track)%00%(upstream:remotename)%00%(upstream:remoteref) refs/heads/development refs/remotes/development [17ms]
2024-01-12 14:20:25.726 [warning] ENOENT: no such file or directory, open '/media/main/Code/all git-clones/Arch-HyprV1/.git/refs/remotes/origin/development'
2024-01-12 14:20:25.732 [info] > git rev-parse refs/remotes/origin/development [7ms]
2024-01-12 14:20:25.740 [info] > git status -z -uall [4ms]
2024-01-12 14:20:26.163 [info] > git check-ignore -v -z --stdin [1ms]
2024-01-12 14:20:28.501 [info] > git show --textconv :install.sh [17ms]
2024-01-12 14:20:28.502 [info] > git ls-files --stage -- /media/main/Code/all git-clones/Arch-HyprV1/install.sh [2ms]
2024-01-12 14:20:28.510 [info] > git cat-file -s 6a4af403a9cf9ee140629f3527584c490846654a [3ms]
2024-01-12 14:20:44.354 [info] > git config --get commit.template [17ms]
2024-01-12 14:20:44.355 [info] > git for-each-ref --format=%(refname)%00%(upstream:short)%00%(objectname)%00%(upstream:track)%00%(upstream:remotename)%00%(upstream:remoteref) refs/heads/development refs/remotes/development [4ms]
2024-01-12 14:20:44.364 [warning] ENOENT: no such file or directory, open '/media/main/Code/all git-clones/Arch-HyprV1/.git/refs/remotes/origin/development'
2024-01-12 14:20:44.365 [info] > git rev-parse refs/remotes/origin/development [1ms]
2024-01-12 14:20:44.376 [info] > git status -z -uall [5ms]
2024-01-12 14:20:44.419 [info] > git ls-files --stage -- /media/main/Code/all git-clones/Arch-HyprV1/install.sh [1ms]
2024-01-12 14:20:44.425 [info] > git cat-file -s 6a4af403a9cf9ee140629f3527584c490846654a [1ms]
2024-01-12 14:20:44.432 [info] > git show --textconv :install.sh [1ms]
2024-01-12 14:20:47.276 [info] > git ls-files --stage -- /media/main/Code/all git-clones/Arch-HyprV1/install.sh [4ms]
2024-01-12 14:20:47.294 [info] > git cat-file -s 8e90a65a3405763fa9d815d810132fe2a697833d [2ms]
2024-01-12 14:20:47.313 [info] > git show --textconv :install.sh [1ms]
2024-01-12 14:20:49.421 [info] > git config --get commit.template [22ms]
2024-01-12 14:20:49.422 [info] > git for-each-ref --format=%(refname)%00%(upstream:short)%00%(objectname)%00%(upstream:track)%00%(upstream:remotename)%00%(upstream:remoteref) refs/heads/main refs/remotes/main [4ms]
2024-01-12 14:20:49.438 [warning] ENOENT: no such file or directory, open '/media/main/Code/all git-clones/Arch-HyprV1/.git/refs/remotes/origin/main'
2024-01-12 14:20:49.441 [info] > git rev-parse refs/remotes/origin/main [4ms]
2024-01-12 14:20:49.463 [info] > git status -z -uall [9ms]
2024-01-12 14:21:00.711 [info] > git config --get commit.template [17ms]
2024-01-12 14:21:00.712 [info] > git for-each-ref --format=%(refname)%00%(upstream:short)%00%(objectname)%00%(upstream:track)%00%(upstream:remotename)%00%(upstream:remoteref) refs/heads/development refs/remotes/development [5ms]
2024-01-12 14:21:00.726 [warning] ENOENT: no such file or directory, open '/media/main/Code/all git-clones/Arch-HyprV1/.git/refs/remotes/origin/development'
2024-01-12 14:21:00.729 [info] > git rev-parse refs/remotes/origin/development [3ms]
2024-01-12 14:21:00.756 [info] > git status -z -uall [12ms]
2024-01-12 14:21:00.787 [info] > git ls-files --stage -- /media/main/Code/all git-clones/Arch-HyprV1/install.sh [2ms]
2024-01-12 14:21:00.796 [info] > git cat-file -s 6a4af403a9cf9ee140629f3527584c490846654a [2ms]
2024-01-12 14:21:00.809 [info] > git show --textconv :install.sh [3ms]
2024-01-12 14:21:03.538 [info] Log level: Info
2024-01-12 14:21:03.538 [info] Validating found git in: "git"
2024-01-12 14:21:03.538 [info] Using git "2.43.0" from "git"
