2024-01-18 13:22:18.591 [info] Log level: Info
2024-01-18 13:22:18.591 [info] Validating found git in: "git"
2024-01-18 13:22:18.591 [info] Using git "2.43.0" from "git"
2024-01-18 13:22:18.591 [info] > git rev-parse --show-toplevel [31ms]
2024-01-18 13:22:18.591 [info] > git rev-parse --git-dir --git-common-dir [7ms]
2024-01-18 13:22:18.591 [info] Open repository: /home/mahin/Hyprland-Dots-01
2024-01-18 13:22:18.591 [info] > git rev-parse --show-toplevel [6ms]
2024-01-18 13:22:18.591 [info] > git config --get commit.template [49ms]
2024-01-18 13:22:18.620 [info] > git rev-parse --show-toplevel [33ms]
2024-01-18 13:22:18.667 [info] > git for-each-ref --format=%(refname)%00%(upstream:short)%00%(objectname)%00%(upstream:track)%00%(upstream:remotename)%00%(upstream:remoteref) refs/heads/development refs/remotes/development [51ms]
2024-01-18 13:22:18.730 [info] > git status -z -uall [25ms]
2024-01-18 13:22:18.741 [info] > git rev-parse --show-toplevel [81ms]
2024-01-18 13:22:18.925 [info] > git rev-parse --show-toplevel [10ms]
2024-01-18 13:22:18.932 [info] > git config --get commit.template [61ms]
2024-01-18 13:22:19.061 [info] > git rev-parse --show-toplevel [101ms]
2024-01-18 13:22:19.090 [info] > git for-each-ref --format=%(refname)%00%(upstream:short)%00%(objectname)%00%(upstream:track)%00%(upstream:remotename)%00%(upstream:remoteref) refs/heads/development refs/remotes/development [36ms]
2024-01-18 13:22:19.129 [info] > git status -z -uall [9ms]
2024-01-18 13:22:19.138 [info] > git rev-parse --show-toplevel [49ms]
2024-01-18 13:22:19.297 [info] > git rev-parse --show-toplevel [52ms]
2024-01-18 13:22:19.412 [info] > git check-ignore -v -z --stdin [10ms]
2024-01-18 13:22:19.414 [info] > git rev-parse --show-toplevel [62ms]
2024-01-18 13:22:19.506 [info] > git rev-parse --show-toplevel [50ms]
2024-01-18 13:22:19.576 [info] > git rev-parse --show-toplevel [20ms]
2024-01-18 13:22:19.706 [info] > git rev-parse --show-toplevel [42ms]
2024-01-18 13:22:19.770 [info] > git rev-parse --show-toplevel [2ms]
2024-01-18 13:22:19.808 [info] > git rev-parse --show-toplevel [1ms]
2024-01-18 13:22:23.303 [info] > git config --get commit.template [1ms]
2024-01-18 13:22:23.313 [info] > git for-each-ref --format=%(refname)%00%(upstream:short)%00%(objectname)%00%(upstream:track)%00%(upstream:remotename)%00%(upstream:remoteref) refs/heads/development refs/remotes/development [1ms]
2024-01-18 13:22:23.327 [info] > git status -z -uall [1ms]
2024-01-18 13:22:28.353 [info] > git check-ignore -v -z --stdin [1ms]
2024-01-18 13:22:34.801 [info] > git ls-files --stage -- /home/mahin/Hyprland-Dots-01/scripts/toggle_dark_light.sh [9ms]
2024-01-18 13:22:34.820 [info] > git show --textconv :scripts/toggle_dark_light.sh [52ms]
2024-01-18 13:22:34.822 [info] > git cat-file -s 28160285649c0dc38bd9639625fad5dff99d259a [4ms]
2024-01-18 13:22:45.633 [info] > git config --get commit.template [3ms]
2024-01-18 13:22:45.644 [info] > git for-each-ref --format=%(refname)%00%(upstream:short)%00%(objectname)%00%(upstream:track)%00%(upstream:remotename)%00%(upstream:remoteref) refs/heads/development refs/remotes/development [1ms]
2024-01-18 13:22:45.658 [info] > git status -z -uall [4ms]
