2024-01-11 14:59:42.564 [info] Reading sessions from keychain...
2024-01-11 14:59:42.564 [info] Getting sessions for all scopes...
2024-01-11 14:59:42.564 [info] Getting sessions for all scopes...
2024-01-11 14:59:42.564 [info] Getting sessions for read:user,repo,user:email,workflow...
2024-01-11 14:59:42.816 [info] Getting sessions for all scopes...
2024-01-11 14:59:43.471 [info] Got 0 sessions for ...
2024-01-11 14:59:43.471 [info] Got 0 sessions for ...
2024-01-11 14:59:43.471 [info] Got 0 sessions for read:user,repo,user:email,workflow...
2024-01-11 14:59:43.471 [info] Got 0 sessions for ...
2024-01-11 15:03:57.578 [info] Reading sessions from keychain...
2024-01-11 15:03:57.578 [info] Getting sessions for all scopes...
2024-01-11 15:03:57.578 [info] Got 0 sessions for ...
2024-01-11 15:03:57.578 [info] Getting sessions for all scopes...
2024-01-11 15:03:57.578 [info] Got 0 sessions for ...
2024-01-11 15:03:57.578 [info] Getting sessions for read:user,repo,user:email,workflow...
2024-01-11 15:03:57.578 [info] Got 0 sessions for read:user,repo,user:email,workflow...
2024-01-11 15:03:59.982 [info] Logging in for the following scopes: read:user repo user:email workflow
2024-01-11 15:04:00.000 [info] Trying without local server... (read:user repo user:email workflow)
2024-01-11 15:04:21.885 [info] Exchanging code for token...
2024-01-11 15:04:23.128 [info] Token exchange success!
2024-01-11 15:04:23.136 [info] Getting user info...
2024-01-11 15:04:24.311 [info] Got account info!
2024-01-11 15:04:24.313 [info] Storing 1 sessions...
2024-01-11 15:04:24.326 [info] Reading sessions from keychain...
2024-01-11 15:04:24.326 [info] Stored 1 sessions!
2024-01-11 15:04:24.327 [info] Login success!
2024-01-11 15:04:24.328 [info] Got stored sessions!
2024-01-11 15:04:24.328 [info] Got 1 verified sessions.
