2024-01-11 14:59:38.840 [info] Added views:workbench.panel.markers.view in workbench.panel.markers
2024-01-11 14:59:38.840 [info] Added views:workbench.panel.output in workbench.panel.output
2024-01-11 14:59:38.840 [info] Added views:terminal in terminal
2024-01-11 14:59:38.840 [info] Added views:outline in workbench.view.explorer
2024-01-11 14:59:38.840 [info] Added views:workbench.scm in workbench.view.scm
2024-01-11 14:59:38.840 [info] Added views:workbench.view.search in workbench.view.search
2024-01-11 14:59:38.840 [info] Added views:timeline in workbench.view.explorer
2024-01-11 14:59:38.840 [info] Added views:workbench.explorer.fileView in workbench.view.explorer
2024-01-11 14:59:39.266 [info] Added views:workbench.debug.welcome in workbench.view.debug
2024-01-11 14:59:40.353 [info] Added views:workbench.panel.repl.view in workbench.panel.repl
2024-01-11 14:59:43.403 [info] Added views:~remote.forwardedPorts in ~remote.forwardedPortsContainer
2024-01-11 15:00:23.882 [info] Added views:workbench.panel.markers.view in workbench.panel.markers
2024-01-11 15:00:23.882 [info] Added views:workbench.panel.output in workbench.panel.output
2024-01-11 15:00:23.882 [info] Added views:terminal in terminal
2024-01-11 15:00:23.882 [info] Added views:outline in workbench.view.explorer
2024-01-11 15:00:23.882 [info] Added views:workbench.scm in workbench.view.scm
2024-01-11 15:00:23.882 [info] Added views:workbench.view.search in workbench.view.search
2024-01-11 15:00:23.882 [info] Added views:timeline in workbench.view.explorer
2024-01-11 15:00:23.882 [info] Added views:workbench.explorer.emptyView in workbench.view.explorer
2024-01-11 15:00:24.804 [info] Added views:workbench.debug.variablesView,workbench.debug.watchExpressionsView,workbench.debug.callStackView,workbench.debug.breakPointsView in workbench.view.debug
2024-01-11 15:00:24.945 [info] Added views:workbench.panel.repl.view in workbench.panel.repl
2024-01-11 15:00:24.945 [info] Removed views:workbench.debug.breakPointsView,workbench.debug.callStackView,workbench.debug.watchExpressionsView,workbench.debug.variablesView from workbench.view.debug
2024-01-11 15:00:24.946 [info] Added views:workbench.debug.welcome in workbench.view.debug
2024-01-11 15:00:25.501 [info] Added views:~remote.forwardedPorts in ~remote.forwardedPortsContainer
2024-01-11 15:00:33.756 [info] Added views:workbench.panel.markers.view in workbench.panel.markers
2024-01-11 15:00:33.756 [info] Added views:workbench.panel.output in workbench.panel.output
2024-01-11 15:00:33.756 [info] Added views:terminal in terminal
2024-01-11 15:00:33.756 [info] Added views:outline in workbench.view.explorer
2024-01-11 15:00:33.756 [info] Added views:workbench.scm in workbench.view.scm
2024-01-11 15:00:33.756 [info] Added views:workbench.view.search in workbench.view.search
2024-01-11 15:00:33.756 [info] Added views:timeline in workbench.view.explorer
2024-01-11 15:00:33.757 [info] Added views:workbench.explorer.fileView in workbench.view.explorer
2024-01-11 15:00:33.972 [info] Added views:workbench.debug.welcome in workbench.view.debug
2024-01-11 15:00:34.763 [info] Added views:workbench.panel.repl.view in workbench.panel.repl
2024-01-11 15:00:36.196 [info] Added views:~remote.forwardedPorts in ~remote.forwardedPortsContainer
2024-01-11 15:05:00.302 [info] Added views:workbench.panel.markers.view in workbench.panel.markers
2024-01-11 15:05:00.302 [info] Added views:workbench.panel.output in workbench.panel.output
2024-01-11 15:05:00.302 [info] Added views:terminal in terminal
2024-01-11 15:05:00.302 [info] Added views:outline in workbench.view.explorer
2024-01-11 15:05:00.302 [info] Added views:workbench.scm in workbench.view.scm
2024-01-11 15:05:00.302 [info] Added views:workbench.view.search in workbench.view.search
2024-01-11 15:05:00.302 [info] Added views:timeline in workbench.view.explorer
2024-01-11 15:05:00.302 [info] Added views:workbench.explorer.emptyView in workbench.view.explorer
2024-01-11 15:05:00.688 [info] Added views:workbench.debug.variablesView,workbench.debug.watchExpressionsView,workbench.debug.callStackView,workbench.debug.breakPointsView in workbench.view.debug
2024-01-11 15:05:00.732 [info] Added views:workbench.panel.repl.view in workbench.panel.repl
2024-01-11 15:05:00.733 [info] Removed views:workbench.debug.breakPointsView,workbench.debug.callStackView,workbench.debug.watchExpressionsView,workbench.debug.variablesView from workbench.view.debug
2024-01-11 15:05:00.734 [info] Added views:workbench.debug.welcome in workbench.view.debug
2024-01-11 15:05:00.797 [info] Added views:~remote.forwardedPorts in ~remote.forwardedPortsContainer
