2024-01-18 12:44:31.773 [info] Added views:workbench.panel.markers.view in workbench.panel.markers
2024-01-18 12:44:31.773 [info] Added views:workbench.panel.output in workbench.panel.output
2024-01-18 12:44:31.773 [info] Added views:terminal in terminal
2024-01-18 12:44:31.773 [info] Added views:outline in workbench.view.explorer
2024-01-18 12:44:31.773 [info] Added views:workbench.scm in workbench.view.scm
2024-01-18 12:44:31.773 [info] Added views:workbench.view.search in workbench.view.search
2024-01-18 12:44:31.773 [info] Added views:timeline in workbench.view.explorer
2024-01-18 12:44:31.773 [info] Added views:workbench.explorer.fileView in workbench.view.explorer
2024-01-18 12:44:32.200 [info] Added views:workbench.debug.welcome in workbench.view.debug
2024-01-18 12:44:32.893 [info] Added views:workbench.panel.repl.view in workbench.panel.repl
2024-01-18 12:44:36.698 [info] Added views:~remote.forwardedPorts in ~remote.forwardedPortsContainer
2024-01-18 13:25:13.116 [info] Added views:workbench.panel.markers.view in workbench.panel.markers
2024-01-18 13:25:13.116 [info] Added views:workbench.panel.output in workbench.panel.output
2024-01-18 13:25:13.116 [info] Added views:terminal in terminal
2024-01-18 13:25:13.116 [info] Added views:outline in workbench.view.explorer
2024-01-18 13:25:13.116 [info] Added views:workbench.scm in workbench.view.scm
2024-01-18 13:25:13.116 [info] Added views:workbench.view.search in workbench.view.search
2024-01-18 13:25:13.116 [info] Added views:timeline in workbench.view.explorer
2024-01-18 13:25:13.116 [info] Added views:workbench.explorer.emptyView in workbench.view.explorer
2024-01-18 13:25:14.378 [info] Added views:workbench.debug.variablesView,workbench.debug.watchExpressionsView,workbench.debug.callStackView,workbench.debug.breakPointsView in workbench.view.debug
2024-01-18 13:25:14.557 [info] Added views:workbench.panel.repl.view in workbench.panel.repl
2024-01-18 13:25:14.558 [info] Removed views:workbench.debug.breakPointsView,workbench.debug.callStackView,workbench.debug.watchExpressionsView,workbench.debug.variablesView from workbench.view.debug
2024-01-18 13:25:14.559 [info] Added views:workbench.debug.welcome in workbench.view.debug
2024-01-18 13:25:15.319 [info] Added views:~remote.forwardedPorts in ~remote.forwardedPortsContainer
2024-01-18 13:25:20.548 [info] Added views:workbench.panel.output in workbench.panel.output
2024-01-18 13:25:20.548 [info] Added views:workbench.panel.markers.view in workbench.panel.markers
2024-01-18 13:25:20.548 [info] Added views:terminal in terminal
2024-01-18 13:25:20.548 [info] Added views:outline in workbench.view.explorer
2024-01-18 13:25:20.548 [info] Added views:workbench.scm in workbench.view.scm
2024-01-18 13:25:20.548 [info] Added views:workbench.view.search in workbench.view.search
2024-01-18 13:25:20.548 [info] Added views:timeline in workbench.view.explorer
2024-01-18 13:25:20.548 [info] Added views:workbench.explorer.fileView in workbench.view.explorer
2024-01-18 13:25:20.996 [info] Added views:workbench.debug.welcome in workbench.view.debug
2024-01-18 13:25:22.289 [info] Added views:workbench.panel.repl.view in workbench.panel.repl
2024-01-18 13:25:24.282 [info] Added views:~remote.forwardedPorts in ~remote.forwardedPortsContainer
2024-01-18 13:57:25.889 [info] Added views:workbench.panel.markers.view in workbench.panel.markers
2024-01-18 13:57:25.889 [info] Added views:workbench.panel.output in workbench.panel.output
2024-01-18 13:57:25.889 [info] Added views:terminal in terminal
2024-01-18 13:57:25.889 [info] Added views:outline in workbench.view.explorer
2024-01-18 13:57:25.889 [info] Added views:workbench.scm in workbench.view.scm
2024-01-18 13:57:25.889 [info] Added views:workbench.view.search in workbench.view.search
2024-01-18 13:57:25.889 [info] Added views:timeline in workbench.view.explorer
2024-01-18 13:57:25.889 [info] Added views:workbench.explorer.emptyView in workbench.view.explorer
2024-01-18 13:57:26.969 [info] Added views:workbench.debug.variablesView,workbench.debug.watchExpressionsView,workbench.debug.callStackView,workbench.debug.breakPointsView in workbench.view.debug
2024-01-18 13:57:27.054 [info] Added views:workbench.panel.repl.view in workbench.panel.repl
2024-01-18 13:57:27.055 [info] Removed views:workbench.debug.breakPointsView,workbench.debug.callStackView,workbench.debug.watchExpressionsView,workbench.debug.variablesView from workbench.view.debug
2024-01-18 13:57:27.055 [info] Added views:workbench.debug.welcome in workbench.view.debug
