2024-01-18 11:50:18.966 [info] Log level: Info
2024-01-18 11:50:18.966 [info] Validating found git in: "git"
2024-01-18 11:50:18.966 [info] Using git "2.43.0" from "git"
2024-01-18 11:50:18.966 [info] > git rev-parse --show-toplevel [2ms]
2024-01-18 11:50:18.966 [info] > git rev-parse --git-dir --git-common-dir [2ms]
2024-01-18 11:50:18.966 [info] Open repository: /home/mahin/Arch-HyprV1
2024-01-18 11:50:18.967 [info] > git rev-parse --show-toplevel [24ms]
2024-01-18 11:50:18.969 [info] > git config --get commit.template [33ms]
2024-01-18 11:50:19.019 [info] > git rev-parse --show-toplevel [17ms]
2024-01-18 11:50:19.040 [info] > git rev-parse --show-toplevel [9ms]
2024-01-18 11:50:19.041 [info] > git for-each-ref --format=%(refname)%00%(upstream:short)%00%(objectname)%00%(upstream:track)%00%(upstream:remotename)%00%(upstream:remoteref) refs/heads/development refs/remotes/development [24ms]
2024-01-18 11:50:19.062 [info] > git rev-parse --show-toplevel [7ms]
2024-01-18 11:50:19.116 [info] > git status -z -uall [6ms]
2024-01-18 11:50:19.132 [info] > git config --get commit.template [2ms]
2024-01-18 11:50:19.143 [info] > git for-each-ref --format=%(refname)%00%(upstream:short)%00%(objectname)%00%(upstream:track)%00%(upstream:remotename)%00%(upstream:remoteref) refs/heads/development refs/remotes/development [4ms]
2024-01-18 11:50:19.160 [info] > git status -z -uall [11ms]
2024-01-18 11:50:19.457 [info] > git check-ignore -v -z --stdin [2ms]
2024-01-18 11:50:19.679 [info] > git ls-files --stage -- /home/mahin/Arch-HyprV1/install-scripts/sddm.sh [2ms]
2024-01-18 11:50:19.686 [info] > git show --textconv :install-scripts/sddm.sh [16ms]
2024-01-18 11:50:19.686 [info] > git cat-file -s c39799f8beb1e2b08bd76a40e8646b73ee677abf [2ms]
2024-01-18 11:50:21.709 [info] > git config --get commit.template [13ms]
2024-01-18 11:50:21.711 [info] > git for-each-ref --format=%(refname)%00%(upstream:short)%00%(objectname)%00%(upstream:track)%00%(upstream:remotename)%00%(upstream:remoteref) refs/heads/development refs/remotes/development [3ms]
2024-01-18 11:50:21.737 [info] > git status -z -uall [14ms]
2024-01-18 11:50:21.799 [info] > git ls-files --stage -- /home/mahin/Arch-HyprV1/install-scripts/sddm.sh [3ms]
2024-01-18 11:50:21.813 [info] > git cat-file -s c39799f8beb1e2b08bd76a40e8646b73ee677abf [2ms]
2024-01-18 11:50:21.828 [info] > git show --textconv :install-scripts/sddm.sh [2ms]
2024-01-18 11:50:25.431 [info] > git check-ignore -v -z --stdin [5ms]
2024-01-18 11:50:26.773 [info] > git ls-files --stage -- /home/mahin/Arch-HyprV1/install-scripts/dotfiles.sh [3ms]
2024-01-18 11:50:26.782 [info] > git show --textconv :install-scripts/dotfiles.sh [26ms]
2024-01-18 11:50:26.783 [info] > git cat-file -s 25e94879bfb81120cc1843fb21052937c89750e0 [2ms]
2024-01-18 11:50:51.432 [info] > git config --get commit.template [4ms]
2024-01-18 11:50:51.444 [info] > git for-each-ref --format=%(refname)%00%(upstream:short)%00%(objectname)%00%(upstream:track)%00%(upstream:remotename)%00%(upstream:remoteref) refs/heads/development refs/remotes/development [2ms]
2024-01-18 11:50:51.458 [info] > git status -z -uall [6ms]
2024-01-18 11:50:56.479 [info] > git config --get commit.template [3ms]
2024-01-18 11:50:56.490 [info] > git for-each-ref --format=%(refname)%00%(upstream:short)%00%(objectname)%00%(upstream:track)%00%(upstream:remotename)%00%(upstream:remoteref) refs/heads/development refs/remotes/development [3ms]
2024-01-18 11:50:56.510 [info] > git status -z -uall [11ms]
2024-01-18 11:51:01.547 [info] > git config --get commit.template [15ms]
2024-01-18 11:51:01.548 [info] > git for-each-ref --format=%(refname)%00%(upstream:short)%00%(objectname)%00%(upstream:track)%00%(upstream:remotename)%00%(upstream:remoteref) refs/heads/development refs/remotes/development [3ms]
2024-01-18 11:51:01.579 [info] > git status -z -uall [17ms]
2024-01-18 11:51:31.376 [info] > git config --get commit.template [20ms]
2024-01-18 11:51:31.378 [info] > git for-each-ref --format=%(refname)%00%(upstream:short)%00%(objectname)%00%(upstream:track)%00%(upstream:remotename)%00%(upstream:remoteref) refs/heads/development refs/remotes/development [5ms]
2024-01-18 11:51:31.402 [info] > git status -z -uall [9ms]
2024-01-18 11:51:36.438 [info] > git config --get commit.template [15ms]
2024-01-18 11:51:36.441 [info] > git for-each-ref --format=%(refname)%00%(upstream:short)%00%(objectname)%00%(upstream:track)%00%(upstream:remotename)%00%(upstream:remoteref) refs/heads/development refs/remotes/development [4ms]
2024-01-18 11:51:36.470 [info] > git status -z -uall [16ms]
2024-01-18 11:51:41.510 [info] > git config --get commit.template [14ms]
2024-01-18 11:51:41.511 [info] > git for-each-ref --format=%(refname)%00%(upstream:short)%00%(objectname)%00%(upstream:track)%00%(upstream:remotename)%00%(upstream:remoteref) refs/heads/development refs/remotes/development [2ms]
2024-01-18 11:51:41.525 [info] > git status -z -uall [7ms]
2024-01-18 11:51:55.386 [info] > git config --get commit.template [18ms]
2024-01-18 11:51:55.388 [info] > git for-each-ref --format=%(refname)%00%(upstream:short)%00%(objectname)%00%(upstream:track)%00%(upstream:remotename)%00%(upstream:remoteref) refs/heads/development refs/remotes/development [4ms]
2024-01-18 11:51:55.414 [info] > git status -z -uall [12ms]
2024-01-18 11:52:00.441 [info] > git config --get commit.template [4ms]
2024-01-18 11:52:00.458 [info] > git for-each-ref --format=%(refname)%00%(upstream:short)%00%(objectname)%00%(upstream:track)%00%(upstream:remotename)%00%(upstream:remoteref) refs/heads/development refs/remotes/development [2ms]
2024-01-18 11:52:00.473 [info] > git status -z -uall [6ms]
2024-01-18 11:52:05.509 [info] > git config --get commit.template [15ms]
2024-01-18 11:52:05.512 [info] > git for-each-ref --format=%(refname)%00%(upstream:short)%00%(objectname)%00%(upstream:track)%00%(upstream:remotename)%00%(upstream:remoteref) refs/heads/development refs/remotes/development [4ms]
2024-01-18 11:52:05.530 [info] > git status -z -uall [8ms]
2024-01-18 11:52:22.341 [info] > git config --get commit.template [19ms]
2024-01-18 11:52:22.344 [info] > git for-each-ref --format=%(refname)%00%(upstream:short)%00%(objectname)%00%(upstream:track)%00%(upstream:remotename)%00%(upstream:remoteref) refs/heads/development refs/remotes/development [4ms]
2024-01-18 11:52:22.367 [info] > git status -z -uall [10ms]
2024-01-18 11:52:29.436 [info] > git config --get commit.template [12ms]
2024-01-18 11:52:29.439 [info] > git for-each-ref --format=%(refname)%00%(upstream:short)%00%(objectname)%00%(upstream:track)%00%(upstream:remotename)%00%(upstream:remoteref) refs/heads/development refs/remotes/development [3ms]
2024-01-18 11:52:29.460 [info] > git status -z -uall [12ms]
2024-01-18 11:52:34.493 [info] > git config --get commit.template [13ms]
2024-01-18 11:52:34.495 [info] > git for-each-ref --format=%(refname)%00%(upstream:short)%00%(objectname)%00%(upstream:track)%00%(upstream:remotename)%00%(upstream:remoteref) refs/heads/development refs/remotes/development [3ms]
2024-01-18 11:52:34.519 [info] > git status -z -uall [13ms]
2024-01-18 11:52:42.235 [info] > git config --get commit.template [13ms]
2024-01-18 11:52:42.236 [info] > git for-each-ref --format=%(refname)%00%(upstream:short)%00%(objectname)%00%(upstream:track)%00%(upstream:remotename)%00%(upstream:remoteref) refs/heads/development refs/remotes/development [3ms]
2024-01-18 11:52:42.262 [info] > git status -z -uall [15ms]
2024-01-18 11:52:47.279 [info] > git config --get commit.template [2ms]
2024-01-18 11:52:47.286 [info] > git for-each-ref --format=%(refname)%00%(upstream:short)%00%(objectname)%00%(upstream:track)%00%(upstream:remotename)%00%(upstream:remoteref) refs/heads/development refs/remotes/development [2ms]
2024-01-18 11:52:47.302 [info] > git status -z -uall [8ms]
2024-01-18 11:52:52.335 [info] > git config --get commit.template [10ms]
2024-01-18 11:52:52.336 [info] > git for-each-ref --format=%(refname)%00%(upstream:short)%00%(objectname)%00%(upstream:track)%00%(upstream:remotename)%00%(upstream:remoteref) refs/heads/development refs/remotes/development [2ms]
2024-01-18 11:52:52.349 [info] > git status -z -uall [6ms]
2024-01-18 11:52:57.388 [info] > git config --get commit.template [17ms]
2024-01-18 11:52:57.391 [info] > git for-each-ref --format=%(refname)%00%(upstream:short)%00%(objectname)%00%(upstream:track)%00%(upstream:remotename)%00%(upstream:remoteref) refs/heads/development refs/remotes/development [5ms]
2024-01-18 11:52:57.416 [info] > git status -z -uall [13ms]
2024-01-18 11:56:56.908 [info] > git config --get commit.template [2ms]
2024-01-18 11:56:56.922 [info] > git for-each-ref --format=%(refname)%00%(upstream:short)%00%(objectname)%00%(upstream:track)%00%(upstream:remotename)%00%(upstream:remoteref) refs/heads/development refs/remotes/development [4ms]
2024-01-18 11:56:56.939 [info] > git status -z -uall [7ms]
2024-01-18 11:56:56.993 [info] > git ls-files --stage -- /home/mahin/Arch-HyprV1/install-scripts/dotfiles.sh [1ms]
2024-01-18 11:56:56.999 [info] > git cat-file -s bdd5db8440e8d9a858c6fa0b50edcf2615844606 [2ms]
2024-01-18 11:56:57.006 [info] > git show --textconv :install-scripts/dotfiles.sh [1ms]
2024-01-18 11:57:14.023 [info] > git config --get commit.template [17ms]
2024-01-18 11:57:14.025 [info] > git for-each-ref --format=%(refname)%00%(upstream:short)%00%(objectname)%00%(upstream:track)%00%(upstream:remotename)%00%(upstream:remoteref) refs/heads/development refs/remotes/development [4ms]
2024-01-18 11:57:14.040 [info] > git status -z -uall [6ms]
2024-01-18 11:57:14.094 [info] > git ls-files --stage -- /home/mahin/Arch-HyprV1/install-scripts/dotfiles.sh [1ms]
2024-01-18 11:57:14.100 [info] > git cat-file -s bdd5db8440e8d9a858c6fa0b50edcf2615844606 [1ms]
2024-01-18 11:57:14.108 [info] > git show --textconv :install-scripts/dotfiles.sh [2ms]
2024-01-18 11:57:23.085 [info] > git config --get commit.template [18ms]
2024-01-18 11:57:23.088 [info] > git for-each-ref --format=%(refname)%00%(upstream:short)%00%(objectname)%00%(upstream:track)%00%(upstream:remotename)%00%(upstream:remoteref) refs/heads/development refs/remotes/development [5ms]
2024-01-18 11:57:23.120 [info] > git status -z -uall [17ms]
2024-01-18 11:57:23.159 [info] > git ls-files --stage -- /home/mahin/Arch-HyprV1/install-scripts/dotfiles.sh [2ms]
2024-01-18 11:57:23.166 [info] > git cat-file -s bdd5db8440e8d9a858c6fa0b50edcf2615844606 [2ms]
2024-01-18 11:57:23.176 [info] > git show --textconv :install-scripts/dotfiles.sh [2ms]
