2024-01-19 18:01:27.171 [info] Log level: Info
2024-01-19 18:01:27.171 [info] Validating found git in: "git"
2024-01-19 18:01:27.171 [info] Using git "2.43.0" from "git"
2024-01-19 18:01:27.171 [info] > git rev-parse --show-toplevel [4ms]
2024-01-19 18:01:27.171 [info] > git rev-parse --git-dir --git-common-dir [33ms]
2024-01-19 18:01:27.171 [info] Open repository: /home/mahin/Hyprland-Dots-01
2024-01-19 18:01:27.173 [info] > git rev-parse --show-toplevel [3ms]
2024-01-19 18:01:27.183 [info] > git config --get commit.template [20ms]
2024-01-19 18:01:27.188 [info] > git rev-parse --show-toplevel [7ms]
2024-01-19 18:01:27.192 [info] > git rev-parse --show-toplevel [1ms]
2024-01-19 18:01:27.201 [info] > git rev-parse --show-toplevel [1ms]
2024-01-19 18:01:27.206 [info] > git rev-parse --show-toplevel [1ms]
2024-01-19 18:01:27.213 [info] > git rev-parse --show-toplevel [2ms]
2024-01-19 18:01:27.220 [info] > git rev-parse --show-toplevel [1ms]
2024-01-19 18:01:27.225 [info] > git rev-parse --show-toplevel [1ms]
2024-01-19 18:01:27.232 [info] > git rev-parse --show-toplevel [1ms]
2024-01-19 18:01:27.238 [info] > git rev-parse --show-toplevel [0ms]
2024-01-19 18:01:27.242 [info] > git for-each-ref --format=%(refname)%00%(upstream:short)%00%(objectname)%00%(upstream:track)%00%(upstream:remotename)%00%(upstream:remoteref) refs/heads/development refs/remotes/development [55ms]
2024-01-19 18:01:27.250 [info] > git rev-parse --show-toplevel [9ms]
2024-01-19 18:01:27.257 [info] > git rev-parse --show-toplevel [0ms]
2024-01-19 18:01:27.264 [info] > git rev-parse --show-toplevel [1ms]
2024-01-19 18:01:27.475 [info] > git status -z -uall [226ms]
2024-01-19 18:01:27.505 [info] > git config --get commit.template [4ms]
2024-01-19 18:01:27.653 [info] > git for-each-ref --format=%(refname)%00%(upstream:short)%00%(objectname)%00%(upstream:track)%00%(upstream:remotename)%00%(upstream:remoteref) refs/heads/development refs/remotes/development [141ms]
2024-01-19 18:01:27.666 [info] > git status -z -uall [9ms]
2024-01-19 18:01:27.687 [info] > git check-ignore -v -z --stdin [5ms]
2024-01-19 18:01:29.421 [info] > git config --get commit.template [2ms]
2024-01-19 18:01:29.426 [info] > git for-each-ref --format=%(refname)%00%(upstream:short)%00%(objectname)%00%(upstream:track)%00%(upstream:remotename)%00%(upstream:remoteref) refs/heads/development refs/remotes/development [1ms]
2024-01-19 18:01:29.433 [info] > git status -z -uall [2ms]
2024-01-19 18:01:34.138 [info] > git check-ignore -v -z --stdin [4ms]
2024-01-19 18:01:42.666 [info] > git check-ignore -v -z --stdin [3ms]
2024-01-19 18:02:29.926 [info] > git show --textconv :waybar/style.css [13ms]
2024-01-19 18:02:29.926 [info] > git ls-files --stage -- /home/mahin/Hyprland-Dots-01/waybar/style.css [2ms]
2024-01-19 18:02:29.957 [info] > git cat-file -s 67de4f91eed4cd4bd4e19789a6a8d2afac64fd14 [24ms]
2024-01-19 18:02:53.469 [info] > git check-ignore -v -z --stdin [2ms]
2024-01-19 18:05:08.193 [info] > git check-ignore -v -z --stdin [4ms]
2024-01-19 18:05:19.020 [info] > git show --textconv :waybar/style.css [19ms]
2024-01-19 18:05:19.024 [info] > git ls-files --stage -- /home/mahin/Hyprland-Dots-01/waybar/style.css [6ms]
2024-01-19 18:05:19.041 [info] > git cat-file -s 67de4f91eed4cd4bd4e19789a6a8d2afac64fd14 [4ms]
2024-01-19 18:05:20.828 [info] > git config --get commit.template [2ms]
2024-01-19 18:05:20.843 [info] > git for-each-ref --format=%(refname)%00%(upstream:short)%00%(objectname)%00%(upstream:track)%00%(upstream:remotename)%00%(upstream:remoteref) refs/heads/development refs/remotes/development [4ms]
2024-01-19 18:05:20.858 [info] > git status -z -uall [2ms]
2024-01-19 18:05:21.927 [info] > git ls-files --stage -- /home/mahin/Hyprland-Dots-01/waybar/style/style.css [3ms]
2024-01-19 18:05:21.941 [info] > git cat-file -s eddeda60f9eda76f82f61a587cbd9b0973e25f59 [2ms]
2024-01-19 18:05:21.944 [info] > git show --textconv :waybar/style/style.css [35ms]
2024-01-19 18:05:31.620 [info] > git show --textconv :waybar/style.css [14ms]
2024-01-19 18:05:31.622 [info] > git ls-files --stage -- /home/mahin/Hyprland-Dots-01/waybar/style.css [3ms]
2024-01-19 18:05:31.632 [info] > git cat-file -s 67de4f91eed4cd4bd4e19789a6a8d2afac64fd14 [3ms]
2024-01-19 18:05:32.428 [info] > git config --get commit.template [10ms]
2024-01-19 18:05:32.429 [info] > git for-each-ref --format=%(refname)%00%(upstream:short)%00%(objectname)%00%(upstream:track)%00%(upstream:remotename)%00%(upstream:remoteref) refs/heads/development refs/remotes/development [4ms]
2024-01-19 18:05:32.440 [info] > git status -z -uall [3ms]
2024-01-19 18:05:37.477 [info] > git config --get commit.template [17ms]
2024-01-19 18:05:37.479 [info] > git for-each-ref --format=%(refname)%00%(upstream:short)%00%(objectname)%00%(upstream:track)%00%(upstream:remotename)%00%(upstream:remoteref) refs/heads/development refs/remotes/development [4ms]
2024-01-19 18:05:37.493 [info] > git status -z -uall [3ms]
2024-01-19 18:05:39.162 [info] > git show --textconv :waybar/style/style.css [6ms]
2024-01-19 18:05:39.164 [info] > git ls-files --stage -- /home/mahin/Hyprland-Dots-01/waybar/style/style.css [2ms]
2024-01-19 18:05:39.171 [info] > git cat-file -s eddeda60f9eda76f82f61a587cbd9b0973e25f59 [2ms]
2024-01-19 18:05:41.134 [info] > git show --textconv :waybar/style.css [11ms]
2024-01-19 18:05:41.136 [info] > git ls-files --stage -- /home/mahin/Hyprland-Dots-01/waybar/style.css [2ms]
2024-01-19 18:05:41.146 [info] > git cat-file -s 67de4f91eed4cd4bd4e19789a6a8d2afac64fd14 [1ms]
2024-01-19 18:06:09.317 [info] > git show --textconv :alacritty/alacritty.toml [18ms]
2024-01-19 18:06:09.321 [info] > git ls-files --stage -- /home/mahin/Hyprland-Dots-01/alacritty/alacritty.toml [6ms]
2024-01-19 18:06:09.557 [info] > git check-ignore -v -z --stdin [3ms]
2024-01-19 18:06:10.122 [info] > git config --get commit.template [14ms]
2024-01-19 18:06:10.123 [info] > git for-each-ref --format=%(refname)%00%(upstream:short)%00%(objectname)%00%(upstream:track)%00%(upstream:remotename)%00%(upstream:remoteref) refs/heads/development refs/remotes/development [2ms]
2024-01-19 18:06:10.136 [info] > git status -z -uall [3ms]
2024-01-19 18:06:10.904 [info] > git ls-files --stage -- /home/mahin/Hyprland-Dots-01/alacritty/themes/alacritty.toml [3ms]
2024-01-19 18:06:10.915 [info] > git show --textconv :alacritty/themes/alacritty.toml [24ms]
2024-01-19 18:06:10.917 [info] > git cat-file -s 7b355f03f594d9ee3986d3307976ad6f144f3e7d [4ms]
2024-01-19 18:06:14.123 [info] > git show --textconv :alacritty/alacritty.toml [12ms]
2024-01-19 18:06:14.125 [info] > git ls-files --stage -- /home/mahin/Hyprland-Dots-01/alacritty/alacritty.toml [3ms]
2024-01-19 18:06:17.009 [info] > git config --get commit.template [8ms]
2024-01-19 18:06:17.009 [info] > git for-each-ref --format=%(refname)%00%(upstream:short)%00%(objectname)%00%(upstream:track)%00%(upstream:remotename)%00%(upstream:remoteref) refs/heads/development refs/remotes/development [1ms]
2024-01-19 18:06:17.019 [info] > git status -z -uall [3ms]
2024-01-19 18:06:17.920 [info] > git show --textconv :alacritty/themes/alacritty.toml [11ms]
2024-01-19 18:06:17.922 [info] > git ls-files --stage -- /home/mahin/Hyprland-Dots-01/alacritty/themes/alacritty.toml [3ms]
2024-01-19 18:06:17.929 [info] > git cat-file -s 7b355f03f594d9ee3986d3307976ad6f144f3e7d [2ms]
2024-01-19 18:06:19.370 [info] > git show --textconv :alacritty/alacritty.toml [9ms]
2024-01-19 18:06:19.372 [info] > git ls-files --stage -- /home/mahin/Hyprland-Dots-01/alacritty/alacritty.toml [2ms]
2024-01-19 18:06:30.145 [info] > git check-ignore -v -z --stdin [3ms]
2024-01-19 18:06:51.008 [info] > git config --get commit.template [12ms]
2024-01-19 18:06:51.008 [info] > git for-each-ref --format=%(refname)%00%(upstream:short)%00%(objectname)%00%(upstream:track)%00%(upstream:remotename)%00%(upstream:remoteref) refs/heads/development refs/remotes/development [2ms]
2024-01-19 18:06:51.022 [info] > git status -z -uall [3ms]
2024-01-19 18:06:58.929 [info] > git config --get commit.template [15ms]
2024-01-19 18:06:58.930 [info] > git for-each-ref --format=%(refname)%00%(upstream:short)%00%(objectname)%00%(upstream:track)%00%(upstream:remotename)%00%(upstream:remoteref) refs/heads/development refs/remotes/development [3ms]
2024-01-19 18:06:58.948 [info] > git status -z -uall [5ms]
