2024-01-12 17:40:14.649 [info] Added views:workbench.panel.markers.view in workbench.panel.markers
2024-01-12 17:40:14.649 [info] Added views:workbench.panel.output in workbench.panel.output
2024-01-12 17:40:14.649 [info] Added views:terminal in terminal
2024-01-12 17:40:14.649 [info] Added views:outline in workbench.view.explorer
2024-01-12 17:40:14.649 [info] Added views:workbench.scm in workbench.view.scm
2024-01-12 17:40:14.649 [info] Added views:workbench.view.search in workbench.view.search
2024-01-12 17:40:14.649 [info] Added views:timeline in workbench.view.explorer
2024-01-12 17:40:14.649 [info] Added views:workbench.explorer.fileView in workbench.view.explorer
2024-01-12 17:40:14.825 [info] Added views:workbench.debug.welcome in workbench.view.debug
2024-01-12 17:40:15.370 [info] Added views:workbench.panel.repl.view in workbench.panel.repl
2024-01-12 17:40:17.286 [info] Added views:~remote.forwardedPorts in ~remote.forwardedPortsContainer
2024-01-12 18:11:34.391 [info] Added views:workbench.panel.markers.view in workbench.panel.markers
2024-01-12 18:11:34.391 [info] Added views:workbench.panel.output in workbench.panel.output
2024-01-12 18:11:34.391 [info] Added views:terminal in terminal
2024-01-12 18:11:34.391 [info] Added views:outline in workbench.view.explorer
2024-01-12 18:11:34.391 [info] Added views:workbench.scm in workbench.view.scm
2024-01-12 18:11:34.391 [info] Added views:workbench.view.search in workbench.view.search
2024-01-12 18:11:34.391 [info] Added views:timeline in workbench.view.explorer
2024-01-12 18:11:34.391 [info] Added views:workbench.explorer.emptyView in workbench.view.explorer
2024-01-12 18:11:34.827 [info] Added views:workbench.debug.variablesView,workbench.debug.watchExpressionsView,workbench.debug.callStackView,workbench.debug.breakPointsView in workbench.view.debug
2024-01-12 18:11:34.839 [info] Added views:workbench.panel.repl.view in workbench.panel.repl
2024-01-12 18:11:34.841 [info] Removed views:workbench.debug.breakPointsView,workbench.debug.callStackView,workbench.debug.watchExpressionsView,workbench.debug.variablesView from workbench.view.debug
2024-01-12 18:11:34.841 [info] Added views:workbench.debug.welcome in workbench.view.debug
2024-01-12 18:11:34.983 [info] Added views:~remote.forwardedPorts in ~remote.forwardedPortsContainer
