2024-01-18 12:44:34.526 [info] Log level: Info
2024-01-18 12:44:34.527 [info] Validating found git in: "git"
2024-01-18 12:44:34.527 [info] Using git "2.43.0" from "git"
2024-01-18 12:44:34.527 [info] > git rev-parse --show-toplevel [5ms]
2024-01-18 12:44:34.527 [info] > git rev-parse --git-dir --git-common-dir [9ms]
2024-01-18 12:44:34.527 [info] Open repository: /home/mahin/.config/hypr
2024-01-18 12:44:34.527 [info] > git rev-parse --show-toplevel [95ms]
2024-01-18 12:44:34.527 [info] > git config --get commit.template [107ms]
2024-01-18 12:44:34.591 [info] > git rev-parse --show-toplevel [119ms]
2024-01-18 12:44:34.641 [info] > git for-each-ref --format=%(refname)%00%(upstream:short)%00%(objectname)%00%(upstream:track)%00%(upstream:remotename)%00%(upstream:remoteref) refs/heads/main refs/remotes/main [70ms]
2024-01-18 12:44:34.661 [warning] ENOENT: no such file or directory, open '/home/mahin/.config/hypr/.git/refs/remotes/origin/main'
2024-01-18 12:44:34.666 [info] > git rev-parse --show-toplevel [27ms]
2024-01-18 12:44:34.693 [info] > git rev-parse refs/remotes/origin/main [32ms]
2024-01-18 12:44:34.731 [info] > git rev-parse --show-toplevel [40ms]
2024-01-18 12:44:34.773 [info] > git rev-parse --show-toplevel [16ms]
2024-01-18 12:44:34.802 [info] > git status -z -uall [75ms]
2024-01-18 12:44:34.843 [info] > git rev-parse --show-toplevel [43ms]
2024-01-18 12:44:34.866 [info] > git config --get commit.template [22ms]
2024-01-18 12:44:34.876 [info] > git rev-parse --show-toplevel [12ms]
2024-01-18 12:44:34.988 [info] > git check-ignore -v -z --stdin [7ms]
2024-01-18 12:44:35.003 [info] > git rev-parse --show-toplevel [83ms]
2024-01-18 12:44:35.004 [info] > git for-each-ref --format=%(refname)%00%(upstream:short)%00%(objectname)%00%(upstream:track)%00%(upstream:remotename)%00%(upstream:remoteref) refs/heads/main refs/remotes/main [106ms]
2024-01-18 12:44:35.078 [warning] ENOENT: no such file or directory, open '/home/mahin/.config/hypr/.git/refs/remotes/origin/main'
2024-01-18 12:44:35.112 [info] > git rev-parse refs/remotes/origin/main [34ms]
2024-01-18 12:44:35.136 [info] > git rev-parse --show-toplevel [76ms]
2024-01-18 12:44:35.192 [info] > git status -z -uall [57ms]
2024-01-18 12:44:35.192 [info] > git rev-parse --show-toplevel [2ms]
2024-01-18 12:44:35.245 [info] > git rev-parse --show-toplevel [17ms]
2024-01-18 12:44:35.285 [info] > git rev-parse --show-toplevel [10ms]
2024-01-18 12:44:35.357 [info] > git rev-parse --show-toplevel [52ms]
2024-01-18 12:44:40.164 [info] > git config --get commit.template [4ms]
2024-01-18 12:44:40.176 [info] > git for-each-ref --format=%(refname)%00%(upstream:short)%00%(objectname)%00%(upstream:track)%00%(upstream:remotename)%00%(upstream:remoteref) refs/heads/main refs/remotes/main [2ms]
2024-01-18 12:44:40.187 [warning] ENOENT: no such file or directory, open '/home/mahin/.config/hypr/.git/refs/remotes/origin/main'
2024-01-18 12:44:40.188 [info] > git rev-parse refs/remotes/origin/main [1ms]
2024-01-18 12:44:40.235 [info] > git status -z -uall [30ms]
2024-01-18 12:44:43.400 [info] > git show --textconv :scripts/baraction [8ms]
2024-01-18 12:44:43.402 [info] > git ls-files --stage -- /home/mahin/.config/hypr/scripts/baraction [3ms]
2024-01-18 12:44:43.410 [info] > git cat-file -s 65340d5403fdfb541094fd75a4056a5a6a5d9749 [0ms]
2024-01-18 12:44:52.856 [info] > git config --get commit.template [14ms]
2024-01-18 12:44:52.856 [info] > git for-each-ref --format=%(refname)%00%(upstream:short)%00%(objectname)%00%(upstream:track)%00%(upstream:remotename)%00%(upstream:remoteref) refs/heads/main refs/remotes/main [2ms]
2024-01-18 12:44:52.867 [warning] ENOENT: no such file or directory, open '/home/mahin/.config/hypr/.git/refs/remotes/origin/main'
2024-01-18 12:44:52.869 [info] > git rev-parse refs/remotes/origin/main [2ms]
2024-01-18 12:44:52.924 [info] > git status -z -uall [44ms]
2024-01-18 12:45:02.767 [info] > git config --get commit.template [5ms]
2024-01-18 12:45:02.806 [info] > git for-each-ref --format=%(refname)%00%(upstream:short)%00%(objectname)%00%(upstream:track)%00%(upstream:remotename)%00%(upstream:remoteref) refs/heads/main refs/remotes/main [3ms]
2024-01-18 12:45:02.833 [warning] ENOENT: no such file or directory, open '/home/mahin/.config/hypr/.git/refs/remotes/origin/main'
2024-01-18 12:45:02.838 [info] > git rev-parse refs/remotes/origin/main [5ms]
2024-01-18 12:45:02.921 [info] > git status -z -uall [62ms]
2024-01-18 12:45:09.214 [info] > git config --get commit.template [39ms]
2024-01-18 12:45:09.220 [info] > git for-each-ref --format=%(refname)%00%(upstream:short)%00%(objectname)%00%(upstream:track)%00%(upstream:remotename)%00%(upstream:remoteref) refs/heads/main refs/remotes/main [6ms]
2024-01-18 12:45:09.251 [warning] ENOENT: no such file or directory, open '/home/mahin/.config/hypr/.git/refs/remotes/origin/main'
2024-01-18 12:45:09.261 [info] > git rev-parse refs/remotes/origin/main [10ms]
2024-01-18 12:45:09.348 [info] > git status -z -uall [51ms]
2024-01-18 12:45:14.967 [info] > git config --get commit.template [2ms]
2024-01-18 12:45:14.977 [info] > git for-each-ref --format=%(refname)%00%(upstream:short)%00%(objectname)%00%(upstream:track)%00%(upstream:remotename)%00%(upstream:remoteref) refs/heads/main refs/remotes/main [1ms]
2024-01-18 12:45:14.989 [warning] ENOENT: no such file or directory, open '/home/mahin/.config/hypr/.git/refs/remotes/origin/main'
2024-01-18 12:45:14.990 [info] > git rev-parse refs/remotes/origin/main [1ms]
2024-01-18 12:45:15.048 [info] > git status -z -uall [43ms]
2024-01-18 12:45:20.070 [info] > git config --get commit.template [1ms]
2024-01-18 12:45:20.081 [info] > git for-each-ref --format=%(refname)%00%(upstream:short)%00%(objectname)%00%(upstream:track)%00%(upstream:remotename)%00%(upstream:remoteref) refs/heads/main refs/remotes/main [3ms]
2024-01-18 12:45:20.094 [warning] ENOENT: no such file or directory, open '/home/mahin/.config/hypr/.git/refs/remotes/origin/main'
2024-01-18 12:45:20.098 [info] > git rev-parse refs/remotes/origin/main [4ms]
2024-01-18 12:45:20.143 [info] > git status -z -uall [34ms]
2024-01-18 12:45:25.175 [info] > git config --get commit.template [13ms]
2024-01-18 12:45:25.175 [info] > git for-each-ref --format=%(refname)%00%(upstream:short)%00%(objectname)%00%(upstream:track)%00%(upstream:remotename)%00%(upstream:remoteref) refs/heads/main refs/remotes/main [2ms]
2024-01-18 12:45:25.186 [warning] ENOENT: no such file or directory, open '/home/mahin/.config/hypr/.git/refs/remotes/origin/main'
2024-01-18 12:45:25.188 [info] > git rev-parse refs/remotes/origin/main [2ms]
2024-01-18 12:45:25.251 [info] > git status -z -uall [51ms]
2024-01-18 12:45:31.639 [info] > git config --get commit.template [2ms]
2024-01-18 12:45:31.655 [info] > git for-each-ref --format=%(refname)%00%(upstream:short)%00%(objectname)%00%(upstream:track)%00%(upstream:remotename)%00%(upstream:remoteref) refs/heads/main refs/remotes/main [3ms]
2024-01-18 12:45:31.666 [warning] ENOENT: no such file or directory, open '/home/mahin/.config/hypr/.git/refs/remotes/origin/main'
2024-01-18 12:45:31.668 [info] > git rev-parse refs/remotes/origin/main [2ms]
2024-01-18 12:45:31.735 [info] > git status -z -uall [54ms]
2024-01-18 12:45:39.279 [info] > git config --get commit.template [1ms]
2024-01-18 12:45:39.293 [info] > git for-each-ref --format=%(refname)%00%(upstream:short)%00%(objectname)%00%(upstream:track)%00%(upstream:remotename)%00%(upstream:remoteref) refs/heads/main refs/remotes/main [1ms]
2024-01-18 12:45:39.306 [warning] ENOENT: no such file or directory, open '/home/mahin/.config/hypr/.git/refs/remotes/origin/main'
2024-01-18 12:45:39.308 [info] > git rev-parse refs/remotes/origin/main [2ms]
2024-01-18 12:45:39.354 [info] > git status -z -uall [34ms]
2024-01-18 12:45:44.403 [info] > git config --get commit.template [12ms]
2024-01-18 12:45:44.421 [info] > git for-each-ref --format=%(refname)%00%(upstream:short)%00%(objectname)%00%(upstream:track)%00%(upstream:remotename)%00%(upstream:remoteref) refs/heads/main refs/remotes/main [3ms]
2024-01-18 12:45:44.449 [warning] ENOENT: no such file or directory, open '/home/mahin/.config/hypr/.git/refs/remotes/origin/main'
2024-01-18 12:45:44.450 [info] > git rev-parse refs/remotes/origin/main [1ms]
2024-01-18 12:45:44.521 [info] > git status -z -uall [45ms]
2024-01-18 12:45:49.575 [info] > git config --get commit.template [16ms]
2024-01-18 12:45:49.576 [info] > git for-each-ref --format=%(refname)%00%(upstream:short)%00%(objectname)%00%(upstream:track)%00%(upstream:remotename)%00%(upstream:remoteref) refs/heads/main refs/remotes/main [2ms]
2024-01-18 12:45:49.589 [warning] ENOENT: no such file or directory, open '/home/mahin/.config/hypr/.git/refs/remotes/origin/main'
2024-01-18 12:45:49.591 [info] > git rev-parse refs/remotes/origin/main [1ms]
2024-01-18 12:45:49.646 [info] > git status -z -uall [43ms]
2024-01-18 12:48:10.480 [info] > git config --get commit.template [6ms]
2024-01-18 12:48:10.496 [info] > git for-each-ref --format=%(refname)%00%(upstream:short)%00%(objectname)%00%(upstream:track)%00%(upstream:remotename)%00%(upstream:remoteref) refs/heads/main refs/remotes/main [2ms]
2024-01-18 12:48:10.505 [warning] ENOENT: no such file or directory, open '/home/mahin/.config/hypr/.git/refs/remotes/origin/main'
2024-01-18 12:48:10.506 [info] > git rev-parse refs/remotes/origin/main [1ms]
2024-01-18 12:48:10.541 [info] > git status -z -uall [26ms]
2024-01-18 12:48:17.496 [info] > git config --get commit.template [40ms]
2024-01-18 12:48:17.503 [info] > git for-each-ref --format=%(refname)%00%(upstream:short)%00%(objectname)%00%(upstream:track)%00%(upstream:remotename)%00%(upstream:remoteref) refs/heads/main refs/remotes/main [10ms]
2024-01-18 12:48:17.524 [warning] ENOENT: no such file or directory, open '/home/mahin/.config/hypr/.git/refs/remotes/origin/main'
2024-01-18 12:48:17.529 [info] > git rev-parse refs/remotes/origin/main [5ms]
2024-01-18 12:48:17.584 [info] > git status -z -uall [40ms]
2024-01-18 12:49:46.002 [info] > git config --get commit.template [12ms]
2024-01-18 12:49:46.002 [info] > git for-each-ref --format=%(refname)%00%(upstream:short)%00%(objectname)%00%(upstream:track)%00%(upstream:remotename)%00%(upstream:remoteref) refs/heads/main refs/remotes/main [1ms]
2024-01-18 12:49:46.010 [warning] ENOENT: no such file or directory, open '/home/mahin/.config/hypr/.git/refs/remotes/origin/main'
2024-01-18 12:49:46.013 [info] > git rev-parse refs/remotes/origin/main [3ms]
2024-01-18 12:49:46.054 [info] > git status -z -uall [34ms]
2024-01-18 12:49:51.083 [info] > git config --get commit.template [13ms]
2024-01-18 12:49:51.084 [info] > git for-each-ref --format=%(refname)%00%(upstream:short)%00%(objectname)%00%(upstream:track)%00%(upstream:remotename)%00%(upstream:remoteref) refs/heads/main refs/remotes/main [2ms]
2024-01-18 12:49:51.089 [warning] ENOENT: no such file or directory, open '/home/mahin/.config/hypr/.git/refs/remotes/origin/main'
2024-01-18 12:49:51.092 [info] > git rev-parse refs/remotes/origin/main [3ms]
2024-01-18 12:49:51.140 [info] > git status -z -uall [37ms]
2024-01-18 12:52:27.295 [info] > git config --get commit.template [16ms]
2024-01-18 12:52:27.296 [info] > git for-each-ref --format=%(refname)%00%(upstream:short)%00%(objectname)%00%(upstream:track)%00%(upstream:remotename)%00%(upstream:remoteref) refs/heads/main refs/remotes/main [3ms]
2024-01-18 12:52:27.306 [warning] ENOENT: no such file or directory, open '/home/mahin/.config/hypr/.git/refs/remotes/origin/main'
2024-01-18 12:52:27.308 [info] > git rev-parse refs/remotes/origin/main [2ms]
2024-01-18 12:52:27.349 [info] > git status -z -uall [30ms]
2024-01-18 12:58:16.180 [info] > git config --get commit.template [11ms]
2024-01-18 12:58:16.180 [info] > git for-each-ref --format=%(refname)%00%(upstream:short)%00%(objectname)%00%(upstream:track)%00%(upstream:remotename)%00%(upstream:remoteref) refs/heads/main refs/remotes/main [1ms]
2024-01-18 12:58:16.192 [warning] ENOENT: no such file or directory, open '/home/mahin/.config/hypr/.git/refs/remotes/origin/main'
2024-01-18 12:58:16.193 [info] > git rev-parse refs/remotes/origin/main [1ms]
2024-01-18 12:58:16.245 [info] > git status -z -uall [42ms]
2024-01-18 12:58:21.276 [info] > git config --get commit.template [13ms]
2024-01-18 12:58:21.277 [info] > git for-each-ref --format=%(refname)%00%(upstream:short)%00%(objectname)%00%(upstream:track)%00%(upstream:remotename)%00%(upstream:remoteref) refs/heads/main refs/remotes/main [2ms]
2024-01-18 12:58:21.288 [warning] ENOENT: no such file or directory, open '/home/mahin/.config/hypr/.git/refs/remotes/origin/main'
2024-01-18 12:58:21.290 [info] > git rev-parse refs/remotes/origin/main [2ms]
2024-01-18 12:58:21.340 [info] > git status -z -uall [43ms]
2024-01-18 12:58:27.876 [info] > git config --get commit.template [13ms]
2024-01-18 12:58:27.876 [info] > git for-each-ref --format=%(refname)%00%(upstream:short)%00%(objectname)%00%(upstream:track)%00%(upstream:remotename)%00%(upstream:remoteref) refs/heads/main refs/remotes/main [1ms]
2024-01-18 12:58:27.883 [warning] ENOENT: no such file or directory, open '/home/mahin/.config/hypr/.git/refs/remotes/origin/main'
2024-01-18 12:58:27.886 [info] > git rev-parse refs/remotes/origin/main [3ms]
2024-01-18 12:58:27.929 [info] > git status -z -uall [34ms]
2024-01-18 12:58:32.952 [info] > git config --get commit.template [9ms]
2024-01-18 12:58:32.953 [info] > git for-each-ref --format=%(refname)%00%(upstream:short)%00%(objectname)%00%(upstream:track)%00%(upstream:remotename)%00%(upstream:remoteref) refs/heads/main refs/remotes/main [2ms]
2024-01-18 12:58:32.960 [warning] ENOENT: no such file or directory, open '/home/mahin/.config/hypr/.git/refs/remotes/origin/main'
2024-01-18 12:58:32.961 [info] > git rev-parse refs/remotes/origin/main [1ms]
2024-01-18 12:58:33.007 [info] > git status -z -uall [35ms]
2024-01-18 12:58:45.266 [info] > git config --get commit.template [11ms]
2024-01-18 12:58:45.287 [info] > git for-each-ref --format=%(refname)%00%(upstream:short)%00%(objectname)%00%(upstream:track)%00%(upstream:remotename)%00%(upstream:remoteref) refs/heads/main refs/remotes/main [4ms]
2024-01-18 12:58:45.302 [warning] ENOENT: no such file or directory, open '/home/mahin/.config/hypr/.git/refs/remotes/origin/main'
2024-01-18 12:58:45.306 [info] > git rev-parse refs/remotes/origin/main [3ms]
2024-01-18 12:58:45.353 [info] > git status -z -uall [32ms]
2024-01-18 12:58:53.976 [info] > git config --get commit.template [2ms]
2024-01-18 12:58:53.990 [info] > git for-each-ref --format=%(refname)%00%(upstream:short)%00%(objectname)%00%(upstream:track)%00%(upstream:remotename)%00%(upstream:remoteref) refs/heads/main refs/remotes/main [2ms]
2024-01-18 12:58:53.997 [warning] ENOENT: no such file or directory, open '/home/mahin/.config/hypr/.git/refs/remotes/origin/main'
2024-01-18 12:58:54.000 [info] > git rev-parse refs/remotes/origin/main [4ms]
2024-01-18 12:58:54.052 [info] > git status -z -uall [39ms]
2024-01-18 12:59:46.513 [info] > git config --get commit.template [13ms]
2024-01-18 12:59:46.515 [info] > git for-each-ref --format=%(refname)%00%(upstream:short)%00%(objectname)%00%(upstream:track)%00%(upstream:remotename)%00%(upstream:remoteref) refs/heads/main refs/remotes/main [4ms]
2024-01-18 12:59:46.530 [warning] ENOENT: no such file or directory, open '/home/mahin/.config/hypr/.git/refs/remotes/origin/main'
2024-01-18 12:59:46.533 [info] > git rev-parse refs/remotes/origin/main [2ms]
2024-01-18 12:59:46.598 [info] > git status -z -uall [50ms]
2024-01-18 12:59:51.624 [info] > git config --get commit.template [13ms]
2024-01-18 12:59:51.625 [info] > git for-each-ref --format=%(refname)%00%(upstream:short)%00%(objectname)%00%(upstream:track)%00%(upstream:remotename)%00%(upstream:remoteref) refs/heads/main refs/remotes/main [1ms]
2024-01-18 12:59:51.634 [warning] ENOENT: no such file or directory, open '/home/mahin/.config/hypr/.git/refs/remotes/origin/main'
2024-01-18 12:59:51.637 [info] > git rev-parse refs/remotes/origin/main [2ms]
2024-01-18 12:59:51.677 [info] > git status -z -uall [33ms]
2024-01-18 12:59:56.707 [info] > git config --get commit.template [14ms]
2024-01-18 12:59:56.707 [info] > git for-each-ref --format=%(refname)%00%(upstream:short)%00%(objectname)%00%(upstream:track)%00%(upstream:remotename)%00%(upstream:remoteref) refs/heads/main refs/remotes/main [1ms]
2024-01-18 12:59:56.717 [warning] ENOENT: no such file or directory, open '/home/mahin/.config/hypr/.git/refs/remotes/origin/main'
2024-01-18 12:59:56.719 [info] > git rev-parse refs/remotes/origin/main [1ms]
2024-01-18 12:59:56.773 [info] > git status -z -uall [46ms]
2024-01-18 13:00:01.792 [info] > git config --get commit.template [2ms]
2024-01-18 13:00:01.807 [info] > git for-each-ref --format=%(refname)%00%(upstream:short)%00%(objectname)%00%(upstream:track)%00%(upstream:remotename)%00%(upstream:remoteref) refs/heads/main refs/remotes/main [3ms]
2024-01-18 13:00:01.820 [warning] ENOENT: no such file or directory, open '/home/mahin/.config/hypr/.git/refs/remotes/origin/main'
2024-01-18 13:00:01.822 [info] > git rev-parse refs/remotes/origin/main [2ms]
2024-01-18 13:00:01.863 [info] > git status -z -uall [28ms]
2024-01-18 13:00:06.894 [info] > git config --get commit.template [5ms]
2024-01-18 13:00:06.912 [info] > git for-each-ref --format=%(refname)%00%(upstream:short)%00%(objectname)%00%(upstream:track)%00%(upstream:remotename)%00%(upstream:remoteref) refs/heads/main refs/remotes/main [2ms]
2024-01-18 13:00:06.925 [warning] ENOENT: no such file or directory, open '/home/mahin/.config/hypr/.git/refs/remotes/origin/main'
2024-01-18 13:00:06.926 [info] > git rev-parse refs/remotes/origin/main [2ms]
2024-01-18 13:00:06.961 [info] > git status -z -uall [25ms]
2024-01-18 13:00:11.995 [info] > git config --get commit.template [15ms]
2024-01-18 13:00:11.997 [info] > git for-each-ref --format=%(refname)%00%(upstream:short)%00%(objectname)%00%(upstream:track)%00%(upstream:remotename)%00%(upstream:remoteref) refs/heads/main refs/remotes/main [2ms]
2024-01-18 13:00:12.009 [warning] ENOENT: no such file or directory, open '/home/mahin/.config/hypr/.git/refs/remotes/origin/main'
2024-01-18 13:00:12.010 [info] > git rev-parse refs/remotes/origin/main [1ms]
2024-01-18 13:00:12.060 [info] > git status -z -uall [38ms]
2024-01-18 13:00:17.095 [info] > git config --get commit.template [16ms]
2024-01-18 13:00:17.096 [info] > git for-each-ref --format=%(refname)%00%(upstream:short)%00%(objectname)%00%(upstream:track)%00%(upstream:remotename)%00%(upstream:remoteref) refs/heads/main refs/remotes/main [2ms]
2024-01-18 13:00:17.111 [warning] ENOENT: no such file or directory, open '/home/mahin/.config/hypr/.git/refs/remotes/origin/main'
2024-01-18 13:00:17.112 [info] > git rev-parse refs/remotes/origin/main [2ms]
2024-01-18 13:00:17.171 [info] > git status -z -uall [45ms]
2024-01-18 13:00:22.193 [info] > git config --get commit.template [2ms]
2024-01-18 13:00:22.207 [info] > git for-each-ref --format=%(refname)%00%(upstream:short)%00%(objectname)%00%(upstream:track)%00%(upstream:remotename)%00%(upstream:remoteref) refs/heads/main refs/remotes/main [2ms]
2024-01-18 13:00:22.220 [warning] ENOENT: no such file or directory, open '/home/mahin/.config/hypr/.git/refs/remotes/origin/main'
2024-01-18 13:00:22.221 [info] > git rev-parse refs/remotes/origin/main [1ms]
2024-01-18 13:00:22.271 [info] > git status -z -uall [41ms]
2024-01-18 13:00:28.476 [info] > git config --get commit.template [12ms]
2024-01-18 13:00:28.476 [info] > git for-each-ref --format=%(refname)%00%(upstream:short)%00%(objectname)%00%(upstream:track)%00%(upstream:remotename)%00%(upstream:remoteref) refs/heads/main refs/remotes/main [1ms]
2024-01-18 13:00:28.486 [warning] ENOENT: no such file or directory, open '/home/mahin/.config/hypr/.git/refs/remotes/origin/main'
2024-01-18 13:00:28.488 [info] > git rev-parse refs/remotes/origin/main [2ms]
2024-01-18 13:00:28.531 [info] > git status -z -uall [35ms]
2024-01-18 13:00:33.555 [info] > git config --get commit.template [11ms]
2024-01-18 13:00:33.556 [info] > git for-each-ref --format=%(refname)%00%(upstream:short)%00%(objectname)%00%(upstream:track)%00%(upstream:remotename)%00%(upstream:remoteref) refs/heads/main refs/remotes/main [2ms]
2024-01-18 13:00:33.561 [warning] ENOENT: no such file or directory, open '/home/mahin/.config/hypr/.git/refs/remotes/origin/main'
2024-01-18 13:00:33.562 [info] > git rev-parse refs/remotes/origin/main [1ms]
2024-01-18 13:00:33.593 [info] > git status -z -uall [23ms]
2024-01-18 13:00:38.621 [info] > git config --get commit.template [12ms]
2024-01-18 13:00:38.623 [info] > git for-each-ref --format=%(refname)%00%(upstream:short)%00%(objectname)%00%(upstream:track)%00%(upstream:remotename)%00%(upstream:remoteref) refs/heads/main refs/remotes/main [3ms]
2024-01-18 13:00:38.635 [warning] ENOENT: no such file or directory, open '/home/mahin/.config/hypr/.git/refs/remotes/origin/main'
2024-01-18 13:00:38.637 [info] > git rev-parse refs/remotes/origin/main [2ms]
2024-01-18 13:00:38.694 [info] > git status -z -uall [42ms]
2024-01-18 13:00:43.723 [info] > git config --get commit.template [13ms]
2024-01-18 13:00:43.723 [info] > git for-each-ref --format=%(refname)%00%(upstream:short)%00%(objectname)%00%(upstream:track)%00%(upstream:remotename)%00%(upstream:remoteref) refs/heads/main refs/remotes/main [2ms]
2024-01-18 13:00:43.735 [warning] ENOENT: no such file or directory, open '/home/mahin/.config/hypr/.git/refs/remotes/origin/main'
2024-01-18 13:00:43.736 [info] > git rev-parse refs/remotes/origin/main [1ms]
2024-01-18 13:00:43.800 [info] > git status -z -uall [49ms]
2024-01-18 13:00:48.818 [info] > git config --get commit.template [2ms]
2024-01-18 13:00:48.830 [info] > git for-each-ref --format=%(refname)%00%(upstream:short)%00%(objectname)%00%(upstream:track)%00%(upstream:remotename)%00%(upstream:remoteref) refs/heads/main refs/remotes/main [3ms]
2024-01-18 13:00:48.844 [warning] ENOENT: no such file or directory, open '/home/mahin/.config/hypr/.git/refs/remotes/origin/main'
2024-01-18 13:00:48.845 [info] > git rev-parse refs/remotes/origin/main [1ms]
2024-01-18 13:00:48.895 [info] > git status -z -uall [37ms]
2024-01-18 13:01:01.522 [info] > git config --get commit.template [12ms]
2024-01-18 13:01:01.523 [info] > git for-each-ref --format=%(refname)%00%(upstream:short)%00%(objectname)%00%(upstream:track)%00%(upstream:remotename)%00%(upstream:remoteref) refs/heads/main refs/remotes/main [2ms]
2024-01-18 13:01:01.533 [warning] ENOENT: no such file or directory, open '/home/mahin/.config/hypr/.git/refs/remotes/origin/main'
2024-01-18 13:01:01.535 [info] > git rev-parse refs/remotes/origin/main [2ms]
2024-01-18 13:01:01.582 [info] > git status -z -uall [38ms]
2024-01-18 13:01:06.607 [info] > git config --get commit.template [13ms]
2024-01-18 13:01:06.607 [info] > git for-each-ref --format=%(refname)%00%(upstream:short)%00%(objectname)%00%(upstream:track)%00%(upstream:remotename)%00%(upstream:remoteref) refs/heads/main refs/remotes/main [1ms]
2024-01-18 13:01:06.617 [warning] ENOENT: no such file or directory, open '/home/mahin/.config/hypr/.git/refs/remotes/origin/main'
2024-01-18 13:01:06.618 [info] > git rev-parse refs/remotes/origin/main [2ms]
2024-01-18 13:01:06.671 [info] > git status -z -uall [43ms]
2024-01-18 13:01:13.608 [info] > git config --get commit.template [10ms]
2024-01-18 13:01:13.608 [info] > git for-each-ref --format=%(refname)%00%(upstream:short)%00%(objectname)%00%(upstream:track)%00%(upstream:remotename)%00%(upstream:remoteref) refs/heads/main refs/remotes/main [1ms]
2024-01-18 13:01:13.615 [warning] ENOENT: no such file or directory, open '/home/mahin/.config/hypr/.git/refs/remotes/origin/main'
2024-01-18 13:01:13.617 [info] > git rev-parse refs/remotes/origin/main [2ms]
2024-01-18 13:01:13.651 [info] > git status -z -uall [27ms]
2024-01-18 13:01:27.996 [info] > git config --get commit.template [20ms]
2024-01-18 13:01:27.997 [info] > git for-each-ref --format=%(refname)%00%(upstream:short)%00%(objectname)%00%(upstream:track)%00%(upstream:remotename)%00%(upstream:remoteref) refs/heads/main refs/remotes/main [1ms]
2024-01-18 13:01:28.004 [warning] ENOENT: no such file or directory, open '/home/mahin/.config/hypr/.git/refs/remotes/origin/main'
2024-01-18 13:01:28.005 [info] > git rev-parse refs/remotes/origin/main [1ms]
2024-01-18 13:01:28.042 [info] > git status -z -uall [29ms]
2024-01-18 13:03:34.908 [info] > git config --get commit.template [9ms]
2024-01-18 13:03:34.908 [info] > git for-each-ref --format=%(refname)%00%(upstream:short)%00%(objectname)%00%(upstream:track)%00%(upstream:remotename)%00%(upstream:remoteref) refs/heads/main refs/remotes/main [1ms]
2024-01-18 13:03:34.920 [warning] ENOENT: no such file or directory, open '/home/mahin/.config/hypr/.git/refs/remotes/origin/main'
2024-01-18 13:03:34.921 [info] > git rev-parse refs/remotes/origin/main [1ms]
2024-01-18 13:03:34.962 [info] > git status -z -uall [32ms]
2024-01-18 13:03:39.987 [info] > git config --get commit.template [13ms]
2024-01-18 13:03:39.987 [info] > git for-each-ref --format=%(refname)%00%(upstream:short)%00%(objectname)%00%(upstream:track)%00%(upstream:remotename)%00%(upstream:remoteref) refs/heads/main refs/remotes/main [1ms]
2024-01-18 13:03:39.995 [warning] ENOENT: no such file or directory, open '/home/mahin/.config/hypr/.git/refs/remotes/origin/main'
2024-01-18 13:03:39.997 [info] > git rev-parse refs/remotes/origin/main [2ms]
2024-01-18 13:03:40.035 [info] > git status -z -uall [30ms]
2024-01-18 13:03:45.058 [info] > git config --get commit.template [8ms]
2024-01-18 13:03:45.060 [info] > git for-each-ref --format=%(refname)%00%(upstream:short)%00%(objectname)%00%(upstream:track)%00%(upstream:remotename)%00%(upstream:remoteref) refs/heads/main refs/remotes/main [2ms]
2024-01-18 13:03:45.071 [warning] ENOENT: no such file or directory, open '/home/mahin/.config/hypr/.git/refs/remotes/origin/main'
2024-01-18 13:03:45.072 [info] > git rev-parse refs/remotes/origin/main [1ms]
2024-01-18 13:03:45.112 [info] > git status -z -uall [31ms]
2024-01-18 13:03:50.127 [info] > git config --get commit.template [2ms]
2024-01-18 13:03:50.138 [info] > git for-each-ref --format=%(refname)%00%(upstream:short)%00%(objectname)%00%(upstream:track)%00%(upstream:remotename)%00%(upstream:remoteref) refs/heads/main refs/remotes/main [1ms]
2024-01-18 13:03:50.145 [warning] ENOENT: no such file or directory, open '/home/mahin/.config/hypr/.git/refs/remotes/origin/main'
2024-01-18 13:03:50.147 [info] > git rev-parse refs/remotes/origin/main [1ms]
2024-01-18 13:03:50.180 [info] > git status -z -uall [26ms]
2024-01-18 13:03:55.200 [info] > git config --get commit.template [0ms]
2024-01-18 13:03:55.213 [info] > git for-each-ref --format=%(refname)%00%(upstream:short)%00%(objectname)%00%(upstream:track)%00%(upstream:remotename)%00%(upstream:remoteref) refs/heads/main refs/remotes/main [4ms]
2024-01-18 13:03:55.224 [warning] ENOENT: no such file or directory, open '/home/mahin/.config/hypr/.git/refs/remotes/origin/main'
2024-01-18 13:03:55.226 [info] > git rev-parse refs/remotes/origin/main [1ms]
2024-01-18 13:03:55.272 [info] > git status -z -uall [33ms]
2024-01-18 13:04:00.295 [info] > git config --get commit.template [8ms]
2024-01-18 13:04:00.297 [info] > git for-each-ref --format=%(refname)%00%(upstream:short)%00%(objectname)%00%(upstream:track)%00%(upstream:remotename)%00%(upstream:remoteref) refs/heads/main refs/remotes/main [2ms]
2024-01-18 13:04:00.305 [warning] ENOENT: no such file or directory, open '/home/mahin/.config/hypr/.git/refs/remotes/origin/main'
2024-01-18 13:04:00.305 [info] > git rev-parse refs/remotes/origin/main [0ms]
2024-01-18 13:04:00.340 [info] > git status -z -uall [24ms]
2024-01-18 13:04:05.932 [info] > git config --get commit.template [10ms]
2024-01-18 13:04:05.997 [info] > git for-each-ref --format=%(refname)%00%(upstream:short)%00%(objectname)%00%(upstream:track)%00%(upstream:remotename)%00%(upstream:remoteref) refs/heads/main refs/remotes/main [6ms]
2024-01-18 13:04:06.022 [warning] ENOENT: no such file or directory, open '/home/mahin/.config/hypr/.git/refs/remotes/origin/main'
2024-01-18 13:04:06.035 [info] > git rev-parse refs/remotes/origin/main [13ms]
2024-01-18 13:04:06.117 [info] > git status -z -uall [58ms]
2024-01-18 13:04:35.486 [info] > git config --get commit.template [27ms]
2024-01-18 13:04:35.486 [info] > git for-each-ref --format=%(refname)%00%(upstream:short)%00%(objectname)%00%(upstream:track)%00%(upstream:remotename)%00%(upstream:remoteref) refs/heads/main refs/remotes/main [5ms]
2024-01-18 13:04:35.498 [warning] ENOENT: no such file or directory, open '/home/mahin/.config/hypr/.git/refs/remotes/origin/main'
2024-01-18 13:04:35.499 [info] > git rev-parse refs/remotes/origin/main [1ms]
2024-01-18 13:04:35.540 [info] > git status -z -uall [32ms]
2024-01-18 13:05:35.885 [info] > git config --get commit.template [23ms]
2024-01-18 13:05:35.885 [info] > git for-each-ref --format=%(refname)%00%(upstream:short)%00%(objectname)%00%(upstream:track)%00%(upstream:remotename)%00%(upstream:remoteref) refs/heads/main refs/remotes/main [2ms]
2024-01-18 13:05:35.897 [warning] ENOENT: no such file or directory, open '/home/mahin/.config/hypr/.git/refs/remotes/origin/main'
2024-01-18 13:05:35.900 [info] > git rev-parse refs/remotes/origin/main [3ms]
2024-01-18 13:05:35.938 [info] > git status -z -uall [31ms]
2024-01-18 13:05:41.435 [info] > git config --get commit.template [8ms]
2024-01-18 13:05:41.476 [info] > git for-each-ref --format=%(refname)%00%(upstream:short)%00%(objectname)%00%(upstream:track)%00%(upstream:remotename)%00%(upstream:remoteref) refs/heads/main refs/remotes/main [5ms]
2024-01-18 13:05:41.493 [warning] ENOENT: no such file or directory, open '/home/mahin/.config/hypr/.git/refs/remotes/origin/main'
2024-01-18 13:05:41.495 [info] > git rev-parse refs/remotes/origin/main [2ms]
2024-01-18 13:05:41.586 [info] > git status -z -uall [67ms]
2024-01-18 13:06:32.785 [info] > git config --get commit.template [11ms]
2024-01-18 13:06:32.786 [info] > git for-each-ref --format=%(refname)%00%(upstream:short)%00%(objectname)%00%(upstream:track)%00%(upstream:remotename)%00%(upstream:remoteref) refs/heads/main refs/remotes/main [1ms]
2024-01-18 13:06:32.796 [warning] ENOENT: no such file or directory, open '/home/mahin/.config/hypr/.git/refs/remotes/origin/main'
2024-01-18 13:06:32.796 [info] > git rev-parse refs/remotes/origin/main [0ms]
2024-01-18 13:06:32.838 [info] > git status -z -uall [28ms]
2024-01-18 13:06:41.214 [info] > git config --get commit.template [10ms]
2024-01-18 13:06:41.216 [info] > git for-each-ref --format=%(refname)%00%(upstream:short)%00%(objectname)%00%(upstream:track)%00%(upstream:remotename)%00%(upstream:remoteref) refs/heads/main refs/remotes/main [3ms]
2024-01-18 13:06:41.222 [warning] ENOENT: no such file or directory, open '/home/mahin/.config/hypr/.git/refs/remotes/origin/main'
2024-01-18 13:06:41.223 [info] > git rev-parse refs/remotes/origin/main [1ms]
2024-01-18 13:06:41.258 [info] > git status -z -uall [25ms]
2024-01-18 13:08:36.189 [info] > git config --get commit.template [3ms]
2024-01-18 13:08:36.200 [info] > git for-each-ref --format=%(refname)%00%(upstream:short)%00%(objectname)%00%(upstream:track)%00%(upstream:remotename)%00%(upstream:remoteref) refs/heads/main refs/remotes/main [1ms]
2024-01-18 13:08:36.210 [warning] ENOENT: no such file or directory, open '/home/mahin/.config/hypr/.git/refs/remotes/origin/main'
2024-01-18 13:08:36.211 [info] > git rev-parse refs/remotes/origin/main [1ms]
2024-01-18 13:08:36.242 [info] > git status -z -uall [25ms]
2024-01-18 13:08:41.337 [info] > git for-each-ref --format=%(refname)%00%(upstream:short)%00%(objectname)%00%(upstream:track)%00%(upstream:remotename)%00%(upstream:remoteref) refs/heads/main refs/remotes/main [3ms]
2024-01-18 13:08:41.339 [info] > git config --get commit.template [38ms]
2024-01-18 13:08:41.416 [warning] ENOENT: no such file or directory, open '/home/mahin/.config/hypr/.git/refs/remotes/origin/main'
2024-01-18 13:08:41.419 [info] > git rev-parse refs/remotes/origin/main [2ms]
2024-01-18 13:08:41.513 [info] > git status -z -uall [53ms]
2024-01-18 13:08:49.961 [info] > git config --get commit.template [6ms]
2024-01-18 13:08:49.995 [info] > git for-each-ref --format=%(refname)%00%(upstream:short)%00%(objectname)%00%(upstream:track)%00%(upstream:remotename)%00%(upstream:remoteref) refs/heads/main refs/remotes/main [6ms]
2024-01-18 13:08:50.025 [warning] ENOENT: no such file or directory, open '/home/mahin/.config/hypr/.git/refs/remotes/origin/main'
2024-01-18 13:08:50.032 [info] > git rev-parse refs/remotes/origin/main [6ms]
2024-01-18 13:08:50.111 [info] > git status -z -uall [53ms]
2024-01-18 13:09:01.400 [info] > git config --get commit.template [2ms]
2024-01-18 13:09:01.440 [info] > git for-each-ref --format=%(refname)%00%(upstream:short)%00%(objectname)%00%(upstream:track)%00%(upstream:remotename)%00%(upstream:remoteref) refs/heads/main refs/remotes/main [6ms]
2024-01-18 13:09:01.465 [warning] ENOENT: no such file or directory, open '/home/mahin/.config/hypr/.git/refs/remotes/origin/main'
2024-01-18 13:09:01.466 [info] > git rev-parse refs/remotes/origin/main [1ms]
2024-01-18 13:09:01.528 [info] > git status -z -uall [45ms]
2024-01-18 13:09:06.576 [info] > git config --get commit.template [15ms]
2024-01-18 13:09:06.576 [info] > git for-each-ref --format=%(refname)%00%(upstream:short)%00%(objectname)%00%(upstream:track)%00%(upstream:remotename)%00%(upstream:remoteref) refs/heads/main refs/remotes/main [3ms]
2024-01-18 13:09:06.589 [warning] ENOENT: no such file or directory, open '/home/mahin/.config/hypr/.git/refs/remotes/origin/main'
2024-01-18 13:09:06.592 [info] > git rev-parse refs/remotes/origin/main [3ms]
2024-01-18 13:09:06.630 [info] > git status -z -uall [27ms]
2024-01-18 13:09:48.309 [info] > git config --get commit.template [2ms]
2024-01-18 13:09:48.328 [info] > git for-each-ref --format=%(refname)%00%(upstream:short)%00%(objectname)%00%(upstream:track)%00%(upstream:remotename)%00%(upstream:remoteref) refs/heads/main refs/remotes/main [1ms]
2024-01-18 13:09:48.342 [warning] ENOENT: no such file or directory, open '/home/mahin/.config/hypr/.git/refs/remotes/origin/main'
2024-01-18 13:09:48.343 [info] > git rev-parse refs/remotes/origin/main [1ms]
2024-01-18 13:09:48.384 [info] > git status -z -uall [31ms]
2024-01-18 13:10:06.998 [info] > git config --get commit.template [12ms]
2024-01-18 13:10:06.999 [info] > git for-each-ref --format=%(refname)%00%(upstream:short)%00%(objectname)%00%(upstream:track)%00%(upstream:remotename)%00%(upstream:remoteref) refs/heads/main refs/remotes/main [1ms]
2024-01-18 13:10:07.007 [warning] ENOENT: no such file or directory, open '/home/mahin/.config/hypr/.git/refs/remotes/origin/main'
2024-01-18 13:10:07.009 [info] > git rev-parse refs/remotes/origin/main [2ms]
2024-01-18 13:10:07.041 [info] > git status -z -uall [25ms]
2024-01-18 13:10:12.063 [info] > git config --get commit.template [12ms]
2024-01-18 13:10:12.063 [info] > git for-each-ref --format=%(refname)%00%(upstream:short)%00%(objectname)%00%(upstream:track)%00%(upstream:remotename)%00%(upstream:remoteref) refs/heads/main refs/remotes/main [1ms]
2024-01-18 13:10:12.070 [warning] ENOENT: no such file or directory, open '/home/mahin/.config/hypr/.git/refs/remotes/origin/main'
2024-01-18 13:10:12.071 [info] > git rev-parse refs/remotes/origin/main [1ms]
2024-01-18 13:10:12.105 [info] > git status -z -uall [24ms]
2024-01-18 13:10:17.127 [info] > git config --get commit.template [9ms]
2024-01-18 13:10:17.128 [info] > git for-each-ref --format=%(refname)%00%(upstream:short)%00%(objectname)%00%(upstream:track)%00%(upstream:remotename)%00%(upstream:remoteref) refs/heads/main refs/remotes/main [2ms]
2024-01-18 13:10:17.136 [warning] ENOENT: no such file or directory, open '/home/mahin/.config/hypr/.git/refs/remotes/origin/main'
2024-01-18 13:10:17.136 [info] > git rev-parse refs/remotes/origin/main [1ms]
2024-01-18 13:10:17.173 [info] > git status -z -uall [28ms]
2024-01-18 13:10:22.208 [info] > git config --get commit.template [16ms]
2024-01-18 13:10:22.208 [info] > git for-each-ref --format=%(refname)%00%(upstream:short)%00%(objectname)%00%(upstream:track)%00%(upstream:remotename)%00%(upstream:remoteref) refs/heads/main refs/remotes/main [1ms]
2024-01-18 13:10:22.222 [warning] ENOENT: no such file or directory, open '/home/mahin/.config/hypr/.git/refs/remotes/origin/main'
2024-01-18 13:10:22.224 [info] > git rev-parse refs/remotes/origin/main [2ms]
2024-01-18 13:10:22.263 [info] > git status -z -uall [27ms]
2024-01-18 13:10:27.281 [info] > git config --get commit.template [0ms]
2024-01-18 13:10:27.289 [info] > git for-each-ref --format=%(refname)%00%(upstream:short)%00%(objectname)%00%(upstream:track)%00%(upstream:remotename)%00%(upstream:remoteref) refs/heads/main refs/remotes/main [3ms]
2024-01-18 13:10:27.297 [warning] ENOENT: no such file or directory, open '/home/mahin/.config/hypr/.git/refs/remotes/origin/main'
2024-01-18 13:10:27.298 [info] > git rev-parse refs/remotes/origin/main [1ms]
2024-01-18 13:10:27.336 [info] > git status -z -uall [29ms]
2024-01-18 13:10:32.350 [info] > git config --get commit.template [1ms]
2024-01-18 13:10:32.362 [info] > git for-each-ref --format=%(refname)%00%(upstream:short)%00%(objectname)%00%(upstream:track)%00%(upstream:remotename)%00%(upstream:remoteref) refs/heads/main refs/remotes/main [2ms]
2024-01-18 13:10:32.368 [warning] ENOENT: no such file or directory, open '/home/mahin/.config/hypr/.git/refs/remotes/origin/main'
2024-01-18 13:10:32.370 [info] > git rev-parse refs/remotes/origin/main [2ms]
2024-01-18 13:10:32.412 [info] > git status -z -uall [29ms]
2024-01-18 13:10:37.433 [info] > git config --get commit.template [1ms]
2024-01-18 13:10:37.447 [info] > git for-each-ref --format=%(refname)%00%(upstream:short)%00%(objectname)%00%(upstream:track)%00%(upstream:remotename)%00%(upstream:remoteref) refs/heads/main refs/remotes/main [3ms]
2024-01-18 13:10:37.457 [warning] ENOENT: no such file or directory, open '/home/mahin/.config/hypr/.git/refs/remotes/origin/main'
2024-01-18 13:10:37.459 [info] > git rev-parse refs/remotes/origin/main [1ms]
2024-01-18 13:10:37.498 [info] > git status -z -uall [29ms]
2024-01-18 13:10:46.228 [info] > git config --get commit.template [11ms]
2024-01-18 13:10:46.228 [info] > git for-each-ref --format=%(refname)%00%(upstream:short)%00%(objectname)%00%(upstream:track)%00%(upstream:remotename)%00%(upstream:remoteref) refs/heads/main refs/remotes/main [2ms]
2024-01-18 13:10:46.236 [warning] ENOENT: no such file or directory, open '/home/mahin/.config/hypr/.git/refs/remotes/origin/main'
2024-01-18 13:10:46.237 [info] > git rev-parse refs/remotes/origin/main [0ms]
2024-01-18 13:10:46.271 [info] > git status -z -uall [24ms]
2024-01-18 13:10:51.296 [info] > git config --get commit.template [12ms]
2024-01-18 13:10:51.296 [info] > git for-each-ref --format=%(refname)%00%(upstream:short)%00%(objectname)%00%(upstream:track)%00%(upstream:remotename)%00%(upstream:remoteref) refs/heads/main refs/remotes/main [1ms]
2024-01-18 13:10:51.302 [warning] ENOENT: no such file or directory, open '/home/mahin/.config/hypr/.git/refs/remotes/origin/main'
2024-01-18 13:10:51.303 [info] > git rev-parse refs/remotes/origin/main [1ms]
2024-01-18 13:10:51.340 [info] > git status -z -uall [26ms]
2024-01-18 13:11:49.587 [info] > git config --get commit.template [4ms]
2024-01-18 13:11:49.601 [info] > git for-each-ref --format=%(refname)%00%(upstream:short)%00%(objectname)%00%(upstream:track)%00%(upstream:remotename)%00%(upstream:remoteref) refs/heads/main refs/remotes/main [2ms]
2024-01-18 13:11:49.614 [warning] ENOENT: no such file or directory, open '/home/mahin/.config/hypr/.git/refs/remotes/origin/main'
2024-01-18 13:11:49.616 [info] > git rev-parse refs/remotes/origin/main [2ms]
2024-01-18 13:11:49.658 [info] > git status -z -uall [28ms]
2024-01-18 13:11:56.217 [info] > git config --get commit.template [1ms]
2024-01-18 13:11:56.236 [info] > git for-each-ref --format=%(refname)%00%(upstream:short)%00%(objectname)%00%(upstream:track)%00%(upstream:remotename)%00%(upstream:remoteref) refs/heads/main refs/remotes/main [2ms]
2024-01-18 13:11:56.247 [warning] ENOENT: no such file or directory, open '/home/mahin/.config/hypr/.git/refs/remotes/origin/main'
2024-01-18 13:11:56.249 [info] > git rev-parse refs/remotes/origin/main [2ms]
2024-01-18 13:11:56.290 [info] > git status -z -uall [29ms]
2024-01-18 13:12:01.305 [info] > git config --get commit.template [1ms]
2024-01-18 13:12:01.314 [info] > git for-each-ref --format=%(refname)%00%(upstream:short)%00%(objectname)%00%(upstream:track)%00%(upstream:remotename)%00%(upstream:remoteref) refs/heads/main refs/remotes/main [1ms]
2024-01-18 13:12:01.322 [warning] ENOENT: no such file or directory, open '/home/mahin/.config/hypr/.git/refs/remotes/origin/main'
2024-01-18 13:12:01.324 [info] > git rev-parse refs/remotes/origin/main [1ms]
2024-01-18 13:12:01.355 [info] > git status -z -uall [25ms]
2024-01-18 13:12:07.608 [info] > git config --get commit.template [1ms]
2024-01-18 13:12:07.626 [info] > git for-each-ref --format=%(refname)%00%(upstream:short)%00%(objectname)%00%(upstream:track)%00%(upstream:remotename)%00%(upstream:remoteref) refs/heads/main refs/remotes/main [1ms]
2024-01-18 13:12:07.637 [warning] ENOENT: no such file or directory, open '/home/mahin/.config/hypr/.git/refs/remotes/origin/main'
2024-01-18 13:12:07.639 [info] > git rev-parse refs/remotes/origin/main [3ms]
2024-01-18 13:12:07.680 [info] > git status -z -uall [34ms]
2024-01-18 13:12:12.705 [info] > git config --get commit.template [9ms]
2024-01-18 13:12:12.706 [info] > git for-each-ref --format=%(refname)%00%(upstream:short)%00%(objectname)%00%(upstream:track)%00%(upstream:remotename)%00%(upstream:remoteref) refs/heads/main refs/remotes/main [3ms]
2024-01-18 13:12:12.714 [warning] ENOENT: no such file or directory, open '/home/mahin/.config/hypr/.git/refs/remotes/origin/main'
2024-01-18 13:12:12.715 [info] > git rev-parse refs/remotes/origin/main [1ms]
2024-01-18 13:12:12.749 [info] > git status -z -uall [25ms]
2024-01-18 13:12:17.763 [info] > git config --get commit.template [0ms]
2024-01-18 13:12:17.772 [info] > git for-each-ref --format=%(refname)%00%(upstream:short)%00%(objectname)%00%(upstream:track)%00%(upstream:remotename)%00%(upstream:remoteref) refs/heads/main refs/remotes/main [2ms]
2024-01-18 13:12:17.779 [warning] ENOENT: no such file or directory, open '/home/mahin/.config/hypr/.git/refs/remotes/origin/main'
2024-01-18 13:12:17.780 [info] > git rev-parse refs/remotes/origin/main [1ms]
2024-01-18 13:12:17.814 [info] > git status -z -uall [27ms]
2024-01-18 13:12:22.845 [info] > git config --get commit.template [11ms]
2024-01-18 13:12:22.845 [info] > git for-each-ref --format=%(refname)%00%(upstream:short)%00%(objectname)%00%(upstream:track)%00%(upstream:remotename)%00%(upstream:remoteref) refs/heads/main refs/remotes/main [1ms]
2024-01-18 13:12:22.852 [warning] ENOENT: no such file or directory, open '/home/mahin/.config/hypr/.git/refs/remotes/origin/main'
2024-01-18 13:12:22.855 [info] > git rev-parse refs/remotes/origin/main [3ms]
2024-01-18 13:12:22.888 [info] > git status -z -uall [25ms]
2024-01-18 13:12:36.422 [info] > git config --get commit.template [22ms]
2024-01-18 13:12:36.425 [info] > git for-each-ref --format=%(refname)%00%(upstream:short)%00%(objectname)%00%(upstream:track)%00%(upstream:remotename)%00%(upstream:remoteref) refs/heads/main refs/remotes/main [3ms]
2024-01-18 13:12:36.438 [warning] ENOENT: no such file or directory, open '/home/mahin/.config/hypr/.git/refs/remotes/origin/main'
2024-01-18 13:12:36.439 [info] > git rev-parse refs/remotes/origin/main [1ms]
2024-01-18 13:12:36.481 [info] > git status -z -uall [32ms]
2024-01-18 13:12:41.505 [info] > git config --get commit.template [10ms]
2024-01-18 13:12:41.506 [info] > git for-each-ref --format=%(refname)%00%(upstream:short)%00%(objectname)%00%(upstream:track)%00%(upstream:remotename)%00%(upstream:remoteref) refs/heads/main refs/remotes/main [1ms]
2024-01-18 13:12:41.514 [warning] ENOENT: no such file or directory, open '/home/mahin/.config/hypr/.git/refs/remotes/origin/main'
2024-01-18 13:12:41.516 [info] > git rev-parse refs/remotes/origin/main [2ms]
2024-01-18 13:12:41.551 [info] > git status -z -uall [24ms]
2024-01-18 13:12:47.597 [info] > git for-each-ref --format=%(refname)%00%(upstream:short)%00%(objectname)%00%(upstream:track)%00%(upstream:remotename)%00%(upstream:remoteref) refs/heads/main refs/remotes/main [1ms]
2024-01-18 13:12:47.597 [info] > git config --get commit.template [11ms]
2024-01-18 13:12:47.605 [warning] ENOENT: no such file or directory, open '/home/mahin/.config/hypr/.git/refs/remotes/origin/main'
2024-01-18 13:12:47.606 [info] > git rev-parse refs/remotes/origin/main [1ms]
2024-01-18 13:12:47.642 [info] > git status -z -uall [27ms]
2024-01-18 13:12:52.666 [info] > git config --get commit.template [2ms]
2024-01-18 13:12:52.679 [info] > git for-each-ref --format=%(refname)%00%(upstream:short)%00%(objectname)%00%(upstream:track)%00%(upstream:remotename)%00%(upstream:remoteref) refs/heads/main refs/remotes/main [1ms]
2024-01-18 13:12:52.689 [warning] ENOENT: no such file or directory, open '/home/mahin/.config/hypr/.git/refs/remotes/origin/main'
2024-01-18 13:12:52.690 [info] > git rev-parse refs/remotes/origin/main [1ms]
2024-01-18 13:12:52.730 [info] > git status -z -uall [28ms]
2024-01-18 13:13:34.310 [info] > git config --get commit.template [13ms]
2024-01-18 13:13:34.310 [info] > git for-each-ref --format=%(refname)%00%(upstream:short)%00%(objectname)%00%(upstream:track)%00%(upstream:remotename)%00%(upstream:remoteref) refs/heads/main refs/remotes/main [1ms]
2024-01-18 13:13:34.317 [warning] ENOENT: no such file or directory, open '/home/mahin/.config/hypr/.git/refs/remotes/origin/main'
2024-01-18 13:13:34.318 [info] > git rev-parse refs/remotes/origin/main [1ms]
2024-01-18 13:13:34.352 [info] > git status -z -uall [25ms]
2024-01-18 13:13:39.375 [info] > git config --get commit.template [12ms]
2024-01-18 13:13:39.376 [info] > git for-each-ref --format=%(refname)%00%(upstream:short)%00%(objectname)%00%(upstream:track)%00%(upstream:remotename)%00%(upstream:remoteref) refs/heads/main refs/remotes/main [2ms]
2024-01-18 13:13:39.382 [warning] ENOENT: no such file or directory, open '/home/mahin/.config/hypr/.git/refs/remotes/origin/main'
2024-01-18 13:13:39.384 [info] > git rev-parse refs/remotes/origin/main [1ms]
2024-01-18 13:13:39.423 [info] > git status -z -uall [29ms]
2024-01-18 13:13:44.443 [info] > git config --get commit.template [1ms]
2024-01-18 13:13:44.461 [info] > git for-each-ref --format=%(refname)%00%(upstream:short)%00%(objectname)%00%(upstream:track)%00%(upstream:remotename)%00%(upstream:remoteref) refs/heads/main refs/remotes/main [2ms]
2024-01-18 13:13:44.476 [warning] ENOENT: no such file or directory, open '/home/mahin/.config/hypr/.git/refs/remotes/origin/main'
2024-01-18 13:13:44.478 [info] > git rev-parse refs/remotes/origin/main [2ms]
2024-01-18 13:13:44.523 [info] > git status -z -uall [29ms]
2024-01-18 13:13:49.569 [info] > git config --get commit.template [3ms]
2024-01-18 13:13:49.580 [info] > git for-each-ref --format=%(refname)%00%(upstream:short)%00%(objectname)%00%(upstream:track)%00%(upstream:remotename)%00%(upstream:remoteref) refs/heads/main refs/remotes/main [1ms]
2024-01-18 13:13:49.589 [warning] ENOENT: no such file or directory, open '/home/mahin/.config/hypr/.git/refs/remotes/origin/main'
2024-01-18 13:13:49.591 [info] > git rev-parse refs/remotes/origin/main [2ms]
2024-01-18 13:13:49.624 [info] > git status -z -uall [27ms]
2024-01-18 13:14:00.110 [info] > git config --get commit.template [18ms]
2024-01-18 13:14:00.113 [info] > git for-each-ref --format=%(refname)%00%(upstream:short)%00%(objectname)%00%(upstream:track)%00%(upstream:remotename)%00%(upstream:remoteref) refs/heads/main refs/remotes/main [5ms]
2024-01-18 13:14:00.142 [warning] ENOENT: no such file or directory, open '/home/mahin/.config/hypr/.git/refs/remotes/origin/main'
2024-01-18 13:14:00.143 [info] > git rev-parse refs/remotes/origin/main [1ms]
2024-01-18 13:14:00.212 [info] > git status -z -uall [38ms]
2024-01-18 13:14:06.532 [info] > git config --get commit.template [3ms]
2024-01-18 13:14:06.543 [info] > git for-each-ref --format=%(refname)%00%(upstream:short)%00%(objectname)%00%(upstream:track)%00%(upstream:remotename)%00%(upstream:remoteref) refs/heads/main refs/remotes/main [1ms]
2024-01-18 13:14:06.550 [warning] ENOENT: no such file or directory, open '/home/mahin/.config/hypr/.git/refs/remotes/origin/main'
2024-01-18 13:14:06.553 [info] > git rev-parse refs/remotes/origin/main [3ms]
2024-01-18 13:14:06.588 [info] > git status -z -uall [27ms]
2024-01-18 13:14:11.740 [info] > git config --get commit.template [6ms]
2024-01-18 13:14:11.765 [info] > git for-each-ref --format=%(refname)%00%(upstream:short)%00%(objectname)%00%(upstream:track)%00%(upstream:remotename)%00%(upstream:remoteref) refs/heads/main refs/remotes/main [2ms]
2024-01-18 13:14:11.790 [warning] ENOENT: no such file or directory, open '/home/mahin/.config/hypr/.git/refs/remotes/origin/main'
2024-01-18 13:14:11.793 [info] > git rev-parse refs/remotes/origin/main [3ms]
2024-01-18 13:14:11.921 [info] > git status -z -uall [102ms]
2024-01-18 13:15:23.575 [info] > git config --get commit.template [33ms]
2024-01-18 13:15:23.577 [info] > git for-each-ref --format=%(refname)%00%(upstream:short)%00%(objectname)%00%(upstream:track)%00%(upstream:remotename)%00%(upstream:remoteref) refs/heads/main refs/remotes/main [3ms]
2024-01-18 13:15:23.593 [warning] ENOENT: no such file or directory, open '/home/mahin/.config/hypr/.git/refs/remotes/origin/main'
2024-01-18 13:15:23.596 [info] > git rev-parse refs/remotes/origin/main [4ms]
2024-01-18 13:15:23.674 [info] > git status -z -uall [50ms]
2024-01-18 13:15:56.195 [info] > git config --get commit.template [1ms]
2024-01-18 13:15:56.225 [info] > git for-each-ref --format=%(refname)%00%(upstream:short)%00%(objectname)%00%(upstream:track)%00%(upstream:remotename)%00%(upstream:remoteref) refs/heads/main refs/remotes/main [2ms]
2024-01-18 13:15:56.258 [warning] ENOENT: no such file or directory, open '/home/mahin/.config/hypr/.git/refs/remotes/origin/main'
2024-01-18 13:15:56.260 [info] > git rev-parse refs/remotes/origin/main [3ms]
2024-01-18 13:15:56.352 [info] > git status -z -uall [34ms]
2024-01-18 13:16:01.375 [info] > git config --get commit.template [2ms]
2024-01-18 13:16:01.393 [info] > git for-each-ref --format=%(refname)%00%(upstream:short)%00%(objectname)%00%(upstream:track)%00%(upstream:remotename)%00%(upstream:remoteref) refs/heads/main refs/remotes/main [3ms]
2024-01-18 13:16:01.406 [warning] ENOENT: no such file or directory, open '/home/mahin/.config/hypr/.git/refs/remotes/origin/main'
2024-01-18 13:16:01.408 [info] > git rev-parse refs/remotes/origin/main [1ms]
2024-01-18 13:16:01.457 [info] > git status -z -uall [33ms]
2024-01-18 13:16:35.160 [info] > git config --get commit.template [21ms]
2024-01-18 13:16:35.160 [info] > git for-each-ref --format=%(refname)%00%(upstream:short)%00%(objectname)%00%(upstream:track)%00%(upstream:remotename)%00%(upstream:remoteref) refs/heads/main refs/remotes/main [2ms]
2024-01-18 13:16:35.177 [warning] ENOENT: no such file or directory, open '/home/mahin/.config/hypr/.git/refs/remotes/origin/main'
2024-01-18 13:16:35.179 [info] > git rev-parse refs/remotes/origin/main [3ms]
2024-01-18 13:16:35.227 [info] > git status -z -uall [29ms]
2024-01-18 13:16:40.255 [info] > git config --get commit.template [13ms]
2024-01-18 13:16:40.256 [info] > git for-each-ref --format=%(refname)%00%(upstream:short)%00%(objectname)%00%(upstream:track)%00%(upstream:remotename)%00%(upstream:remoteref) refs/heads/main refs/remotes/main [2ms]
2024-01-18 13:16:40.270 [warning] ENOENT: no such file or directory, open '/home/mahin/.config/hypr/.git/refs/remotes/origin/main'
2024-01-18 13:16:40.272 [info] > git rev-parse refs/remotes/origin/main [3ms]
2024-01-18 13:16:40.311 [info] > git status -z -uall [29ms]
2024-01-18 13:16:45.353 [info] > git config --get commit.template [18ms]
2024-01-18 13:16:45.354 [info] > git for-each-ref --format=%(refname)%00%(upstream:short)%00%(objectname)%00%(upstream:track)%00%(upstream:remotename)%00%(upstream:remoteref) refs/heads/main refs/remotes/main [2ms]
2024-01-18 13:16:45.361 [warning] ENOENT: no such file or directory, open '/home/mahin/.config/hypr/.git/refs/remotes/origin/main'
2024-01-18 13:16:45.363 [info] > git rev-parse refs/remotes/origin/main [2ms]
2024-01-18 13:16:45.398 [info] > git status -z -uall [26ms]
2024-01-18 13:16:50.410 [info] > git config --get commit.template [1ms]
2024-01-18 13:16:50.422 [info] > git for-each-ref --format=%(refname)%00%(upstream:short)%00%(objectname)%00%(upstream:track)%00%(upstream:remotename)%00%(upstream:remoteref) refs/heads/main refs/remotes/main [1ms]
2024-01-18 13:16:50.428 [warning] ENOENT: no such file or directory, open '/home/mahin/.config/hypr/.git/refs/remotes/origin/main'
2024-01-18 13:16:50.430 [info] > git rev-parse refs/remotes/origin/main [2ms]
2024-01-18 13:16:50.467 [info] > git status -z -uall [28ms]
2024-01-18 13:16:55.489 [info] > git config --get commit.template [10ms]
2024-01-18 13:16:55.490 [info] > git for-each-ref --format=%(refname)%00%(upstream:short)%00%(objectname)%00%(upstream:track)%00%(upstream:remotename)%00%(upstream:remoteref) refs/heads/main refs/remotes/main [2ms]
2024-01-18 13:16:55.498 [warning] ENOENT: no such file or directory, open '/home/mahin/.config/hypr/.git/refs/remotes/origin/main'
2024-01-18 13:16:55.499 [info] > git rev-parse refs/remotes/origin/main [1ms]
2024-01-18 13:16:55.531 [info] > git status -z -uall [24ms]
2024-01-18 13:17:00.555 [info] > git config --get commit.template [9ms]
2024-01-18 13:17:00.556 [info] > git for-each-ref --format=%(refname)%00%(upstream:short)%00%(objectname)%00%(upstream:track)%00%(upstream:remotename)%00%(upstream:remoteref) refs/heads/main refs/remotes/main [2ms]
2024-01-18 13:17:00.566 [warning] ENOENT: no such file or directory, open '/home/mahin/.config/hypr/.git/refs/remotes/origin/main'
2024-01-18 13:17:00.567 [info] > git rev-parse refs/remotes/origin/main [1ms]
2024-01-18 13:17:00.614 [info] > git status -z -uall [33ms]
2024-01-18 13:17:44.141 [info] > git config --get commit.template [15ms]
2024-01-18 13:17:44.141 [info] > git for-each-ref --format=%(refname)%00%(upstream:short)%00%(objectname)%00%(upstream:track)%00%(upstream:remotename)%00%(upstream:remoteref) refs/heads/main refs/remotes/main [1ms]
2024-01-18 13:17:44.155 [warning] ENOENT: no such file or directory, open '/home/mahin/.config/hypr/.git/refs/remotes/origin/main'
2024-01-18 13:17:44.156 [info] > git rev-parse refs/remotes/origin/main [1ms]
2024-01-18 13:17:44.199 [info] > git status -z -uall [32ms]
2024-01-18 13:17:49.228 [info] > git config --get commit.template [10ms]
2024-01-18 13:17:49.229 [info] > git for-each-ref --format=%(refname)%00%(upstream:short)%00%(objectname)%00%(upstream:track)%00%(upstream:remotename)%00%(upstream:remoteref) refs/heads/main refs/remotes/main [3ms]
2024-01-18 13:17:49.240 [warning] ENOENT: no such file or directory, open '/home/mahin/.config/hypr/.git/refs/remotes/origin/main'
2024-01-18 13:17:49.240 [info] > git rev-parse refs/remotes/origin/main [0ms]
2024-01-18 13:17:49.283 [info] > git status -z -uall [29ms]
2024-01-18 13:18:06.787 [info] > git config --get commit.template [4ms]
2024-01-18 13:18:06.806 [info] > git for-each-ref --format=%(refname)%00%(upstream:short)%00%(objectname)%00%(upstream:track)%00%(upstream:remotename)%00%(upstream:remoteref) refs/heads/main refs/remotes/main [1ms]
2024-01-18 13:18:06.818 [warning] ENOENT: no such file or directory, open '/home/mahin/.config/hypr/.git/refs/remotes/origin/main'
2024-01-18 13:18:06.819 [info] > git rev-parse refs/remotes/origin/main [1ms]
2024-01-18 13:18:06.871 [info] > git status -z -uall [39ms]
2024-01-18 13:18:12.403 [info] > git config --get commit.template [5ms]
2024-01-18 13:18:12.425 [info] > git for-each-ref --format=%(refname)%00%(upstream:short)%00%(objectname)%00%(upstream:track)%00%(upstream:remotename)%00%(upstream:remoteref) refs/heads/main refs/remotes/main [4ms]
2024-01-18 13:18:12.437 [warning] ENOENT: no such file or directory, open '/home/mahin/.config/hypr/.git/refs/remotes/origin/main'
2024-01-18 13:18:12.438 [info] > git rev-parse refs/remotes/origin/main [1ms]
2024-01-18 13:18:12.493 [info] > git status -z -uall [36ms]
2024-01-18 13:19:03.143 [info] > git config --get commit.template [16ms]
2024-01-18 13:19:03.180 [info] > git for-each-ref --format=%(refname)%00%(upstream:short)%00%(objectname)%00%(upstream:track)%00%(upstream:remotename)%00%(upstream:remoteref) refs/heads/main refs/remotes/main [6ms]
2024-01-18 13:19:03.201 [warning] ENOENT: no such file or directory, open '/home/mahin/.config/hypr/.git/refs/remotes/origin/main'
2024-01-18 13:19:03.203 [info] > git rev-parse refs/remotes/origin/main [2ms]
2024-01-18 13:19:03.270 [info] > git status -z -uall [45ms]
2024-01-18 13:19:08.311 [info] > git config --get commit.template [13ms]
2024-01-18 13:19:08.314 [info] > git for-each-ref --format=%(refname)%00%(upstream:short)%00%(objectname)%00%(upstream:track)%00%(upstream:remotename)%00%(upstream:remoteref) refs/heads/main refs/remotes/main [4ms]
2024-01-18 13:19:08.326 [warning] ENOENT: no such file or directory, open '/home/mahin/.config/hypr/.git/refs/remotes/origin/main'
2024-01-18 13:19:08.329 [info] > git rev-parse refs/remotes/origin/main [3ms]
2024-01-18 13:19:08.370 [info] > git status -z -uall [30ms]
2024-01-18 13:20:42.869 [info] > git config --get commit.template [1ms]
2024-01-18 13:20:42.884 [info] > git for-each-ref --format=%(refname)%00%(upstream:short)%00%(objectname)%00%(upstream:track)%00%(upstream:remotename)%00%(upstream:remoteref) refs/heads/main refs/remotes/main [1ms]
2024-01-18 13:20:42.893 [warning] ENOENT: no such file or directory, open '/home/mahin/.config/hypr/.git/refs/remotes/origin/main'
2024-01-18 13:20:42.895 [info] > git rev-parse refs/remotes/origin/main [2ms]
2024-01-18 13:20:42.931 [info] > git status -z -uall [27ms]
2024-01-18 13:21:04.377 [info] > git config --get commit.template [40ms]
2024-01-18 13:21:04.382 [info] > git for-each-ref --format=%(refname)%00%(upstream:short)%00%(objectname)%00%(upstream:track)%00%(upstream:remotename)%00%(upstream:remoteref) refs/heads/main refs/remotes/main [5ms]
2024-01-18 13:21:04.421 [warning] ENOENT: no such file or directory, open '/home/mahin/.config/hypr/.git/refs/remotes/origin/main'
2024-01-18 13:21:04.434 [info] > git rev-parse refs/remotes/origin/main [19ms]
2024-01-18 13:21:04.501 [info] > git status -z -uall [41ms]
2024-01-18 13:21:09.523 [info] > git config --get commit.template [2ms]
2024-01-18 13:21:09.552 [info] > git for-each-ref --format=%(refname)%00%(upstream:short)%00%(objectname)%00%(upstream:track)%00%(upstream:remotename)%00%(upstream:remoteref) refs/heads/main refs/remotes/main [6ms]
2024-01-18 13:21:09.585 [warning] ENOENT: no such file or directory, open '/home/mahin/.config/hypr/.git/refs/remotes/origin/main'
2024-01-18 13:21:09.586 [info] > git rev-parse refs/remotes/origin/main [1ms]
2024-01-18 13:21:09.646 [info] > git status -z -uall [39ms]
2024-01-18 13:21:18.618 [info] > git config --get commit.template [13ms]
2024-01-18 13:21:18.618 [info] > git for-each-ref --format=%(refname)%00%(upstream:short)%00%(objectname)%00%(upstream:track)%00%(upstream:remotename)%00%(upstream:remoteref) refs/heads/main refs/remotes/main [1ms]
2024-01-18 13:21:18.626 [warning] ENOENT: no such file or directory, open '/home/mahin/.config/hypr/.git/refs/remotes/origin/main'
2024-01-18 13:21:18.628 [info] > git rev-parse refs/remotes/origin/main [2ms]
2024-01-18 13:21:18.664 [info] > git status -z -uall [27ms]
2024-01-18 13:21:28.238 [info] > git config --get commit.template [9ms]
2024-01-18 13:21:28.239 [info] > git for-each-ref --format=%(refname)%00%(upstream:short)%00%(objectname)%00%(upstream:track)%00%(upstream:remotename)%00%(upstream:remoteref) refs/heads/main refs/remotes/main [1ms]
2024-01-18 13:21:28.252 [warning] ENOENT: no such file or directory, open '/home/mahin/.config/hypr/.git/refs/remotes/origin/main'
2024-01-18 13:21:28.252 [info] > git rev-parse refs/remotes/origin/main [0ms]
2024-01-18 13:21:28.292 [info] > git status -z -uall [32ms]
2024-01-18 13:21:39.826 [info] > git config --get commit.template [4ms]
2024-01-18 13:21:39.868 [info] > git for-each-ref --format=%(refname)%00%(upstream:short)%00%(objectname)%00%(upstream:track)%00%(upstream:remotename)%00%(upstream:remoteref) refs/heads/main refs/remotes/main [10ms]
2024-01-18 13:21:39.887 [warning] ENOENT: no such file or directory, open '/home/mahin/.config/hypr/.git/refs/remotes/origin/main'
2024-01-18 13:21:39.888 [info] > git rev-parse refs/remotes/origin/main [1ms]
2024-01-18 13:21:39.954 [info] > git status -z -uall [47ms]
2024-01-18 13:21:45.775 [info] > git config --get commit.template [70ms]
2024-01-18 13:21:45.798 [info] > git for-each-ref --format=%(refname)%00%(upstream:short)%00%(objectname)%00%(upstream:track)%00%(upstream:remotename)%00%(upstream:remoteref) refs/heads/main refs/remotes/main [24ms]
2024-01-18 13:21:45.828 [warning] ENOENT: no such file or directory, open '/home/mahin/.config/hypr/.git/refs/remotes/origin/main'
2024-01-18 13:21:45.830 [info] > git rev-parse refs/remotes/origin/main [2ms]
2024-01-18 13:21:45.987 [info] > git status -z -uall [104ms]
2024-01-18 13:21:56.649 [info] > git config --get commit.template [4ms]
2024-01-18 13:21:56.674 [info] > git for-each-ref --format=%(refname)%00%(upstream:short)%00%(objectname)%00%(upstream:track)%00%(upstream:remotename)%00%(upstream:remoteref) refs/heads/main refs/remotes/main [2ms]
2024-01-18 13:21:56.684 [warning] ENOENT: no such file or directory, open '/home/mahin/.config/hypr/.git/refs/remotes/origin/main'
2024-01-18 13:21:56.685 [info] > git rev-parse refs/remotes/origin/main [1ms]
2024-01-18 13:21:56.739 [info] > git status -z -uall [40ms]
2024-01-18 13:22:15.903 [info] > git config --get commit.template [63ms]
2024-01-18 13:22:15.908 [info] > git for-each-ref --format=%(refname)%00%(upstream:short)%00%(objectname)%00%(upstream:track)%00%(upstream:remotename)%00%(upstream:remoteref) refs/heads/main refs/remotes/main [14ms]
2024-01-18 13:22:15.985 [warning] ENOENT: no such file or directory, open '/home/mahin/.config/hypr/.git/refs/remotes/origin/main'
2024-01-18 13:22:15.997 [info] > git rev-parse refs/remotes/origin/main [8ms]
2024-01-18 13:22:16.134 [info] > git status -z -uall [76ms]
