2024-01-18 11:50:17.736 [info] Added views:workbench.panel.markers.view in workbench.panel.markers
2024-01-18 11:50:17.736 [info] Added views:workbench.panel.output in workbench.panel.output
2024-01-18 11:50:17.736 [info] Added views:terminal in terminal
2024-01-18 11:50:17.736 [info] Added views:outline in workbench.view.explorer
2024-01-18 11:50:17.736 [info] Added views:workbench.scm in workbench.view.scm
2024-01-18 11:50:17.736 [info] Added views:workbench.view.search in workbench.view.search
2024-01-18 11:50:17.736 [info] Added views:timeline in workbench.view.explorer
2024-01-18 11:50:17.736 [info] Added views:workbench.explorer.fileView in workbench.view.explorer
2024-01-18 11:50:17.981 [info] Added views:workbench.debug.welcome in workbench.view.debug
2024-01-18 11:50:18.383 [info] Added views:workbench.panel.repl.view in workbench.panel.repl
2024-01-18 11:50:19.494 [info] Added views:~remote.forwardedPorts in ~remote.forwardedPortsContainer
2024-01-18 11:57:38.327 [info] Added views:workbench.panel.markers.view in workbench.panel.markers
2024-01-18 11:57:38.327 [info] Added views:workbench.panel.output in workbench.panel.output
2024-01-18 11:57:38.327 [info] Added views:terminal in terminal
2024-01-18 11:57:38.327 [info] Added views:outline in workbench.view.explorer
2024-01-18 11:57:38.327 [info] Added views:workbench.scm in workbench.view.scm
2024-01-18 11:57:38.327 [info] Added views:workbench.view.search in workbench.view.search
2024-01-18 11:57:38.327 [info] Added views:timeline in workbench.view.explorer
2024-01-18 11:57:38.327 [info] Added views:workbench.explorer.emptyView in workbench.view.explorer
2024-01-18 11:57:38.756 [info] Added views:workbench.debug.variablesView,workbench.debug.watchExpressionsView,workbench.debug.callStackView,workbench.debug.breakPointsView in workbench.view.debug
2024-01-18 11:57:38.795 [info] Added views:workbench.panel.repl.view in workbench.panel.repl
2024-01-18 11:57:38.797 [info] Removed views:workbench.debug.breakPointsView,workbench.debug.callStackView,workbench.debug.watchExpressionsView,workbench.debug.variablesView from workbench.view.debug
2024-01-18 11:57:38.798 [info] Added views:workbench.debug.welcome in workbench.view.debug
