2024-01-18 12:20:05.163 [info] Log level: Info
2024-01-18 12:20:05.163 [info] Validating found git in: "git"
2024-01-18 12:20:05.163 [info] Using git "2.43.0" from "git"
2024-01-18 12:20:05.163 [info] > git rev-parse --show-toplevel [11ms]
2024-01-18 12:20:05.164 [info] > git rev-parse --git-dir --git-common-dir [2ms]
2024-01-18 12:20:05.169 [info] Open repository: /home/mahin/.config/hypr
2024-01-18 12:20:05.215 [info] > git rev-parse --show-toplevel [22ms]
2024-01-18 12:20:05.216 [info] > git config --get commit.template [33ms]
2024-01-18 12:20:05.348 [info] > git rev-parse --show-toplevel [78ms]
2024-01-18 12:20:05.368 [info] > git for-each-ref --format=%(refname)%00%(upstream:short)%00%(objectname)%00%(upstream:track)%00%(upstream:remotename)%00%(upstream:remoteref) refs/heads/main refs/remotes/main [27ms]
2024-01-18 12:20:05.380 [warning] ENOENT: no such file or directory, open '/home/mahin/.config/hypr/.git/refs/remotes/origin/main'
2024-01-18 12:20:05.381 [info] > git rev-parse --show-toplevel [19ms]
2024-01-18 12:20:05.388 [info] > git rev-parse refs/remotes/origin/main [8ms]
2024-01-18 12:20:05.407 [info] > git rev-parse --show-toplevel [20ms]
2024-01-18 12:20:05.422 [info] > git rev-parse --show-toplevel [1ms]
2024-01-18 12:20:05.435 [info] > git rev-parse --show-toplevel [0ms]
2024-01-18 12:20:05.464 [info] > git rev-parse --show-toplevel [18ms]
2024-01-18 12:20:05.486 [info] > git rev-parse --show-toplevel [2ms]
2024-01-18 12:20:05.504 [info] > git rev-parse --show-toplevel [5ms]
2024-01-18 12:20:05.529 [info] > git rev-parse --show-toplevel [5ms]
2024-01-18 12:20:05.547 [info] > git rev-parse --show-toplevel [3ms]
2024-01-18 12:20:05.568 [info] > git rev-parse --show-toplevel [9ms]
2024-01-18 12:20:05.586 [info] > git rev-parse --show-toplevel [2ms]
2024-01-18 12:20:05.593 [info] > git rev-parse --show-toplevel [2ms]
2024-01-18 12:20:05.641 [info] > git status -z -uall [238ms]
2024-01-18 12:20:05.664 [info] > git config --get commit.template [4ms]
2024-01-18 12:20:05.679 [info] > git for-each-ref --format=%(refname)%00%(upstream:short)%00%(objectname)%00%(upstream:track)%00%(upstream:remotename)%00%(upstream:remoteref) refs/heads/main refs/remotes/main [3ms]
2024-01-18 12:20:05.702 [warning] ENOENT: no such file or directory, open '/home/mahin/.config/hypr/.git/refs/remotes/origin/main'
2024-01-18 12:20:05.712 [info] > git rev-parse refs/remotes/origin/main [10ms]
2024-01-18 12:20:05.768 [info] > git status -z -uall [49ms]
2024-01-18 12:20:05.784 [info] > git check-ignore -v -z --stdin [3ms]
2024-01-18 12:20:06.031 [info] > git show --textconv :waybar/config.jsonc [18ms]
2024-01-18 12:20:06.035 [info] > git ls-files --stage -- /home/mahin/.config/hypr/waybar/config.jsonc [6ms]
2024-01-18 12:20:06.056 [info] > git cat-file -s 27fecbadcaa4eca8965db3059a4b3de238c05f71 [3ms]
2024-01-18 12:20:12.203 [info] > git check-ignore -v -z --stdin [2ms]
2024-01-18 12:20:18.315 [info] > git check-ignore -v -z --stdin [3ms]
2024-01-18 12:20:18.901 [info] > git config --get commit.template [16ms]
2024-01-18 12:20:18.902 [info] > git for-each-ref --format=%(refname)%00%(upstream:short)%00%(objectname)%00%(upstream:track)%00%(upstream:remotename)%00%(upstream:remoteref) refs/heads/main refs/remotes/main [4ms]
2024-01-18 12:20:18.911 [warning] ENOENT: no such file or directory, open '/home/mahin/.config/hypr/.git/refs/remotes/origin/main'
2024-01-18 12:20:18.912 [info] > git rev-parse refs/remotes/origin/main [1ms]
2024-01-18 12:20:18.946 [info] > git status -z -uall [27ms]
2024-01-18 12:20:24.970 [info] > git show --textconv :alacritty/themes/alacritty.toml [21ms]
2024-01-18 12:20:24.975 [info] > git ls-files --stage -- /home/mahin/.config/hypr/alacritty/themes/alacritty.toml [6ms]
2024-01-18 12:20:25.222 [info] > git check-ignore -v -z --stdin [2ms]
2024-01-18 12:20:25.783 [info] > git config --get commit.template [12ms]
2024-01-18 12:20:25.783 [info] > git for-each-ref --format=%(refname)%00%(upstream:short)%00%(objectname)%00%(upstream:track)%00%(upstream:remotename)%00%(upstream:remoteref) refs/heads/main refs/remotes/main [2ms]
2024-01-18 12:20:25.791 [warning] ENOENT: no such file or directory, open '/home/mahin/.config/hypr/.git/refs/remotes/origin/main'
2024-01-18 12:20:25.792 [info] > git rev-parse refs/remotes/origin/main [1ms]
2024-01-18 12:20:25.821 [info] > git status -z -uall [22ms]
2024-01-18 12:20:34.077 [info] > git show --textconv :alacritty/themes/alacritty-light.toml [10ms]
2024-01-18 12:20:34.079 [info] > git ls-files --stage -- /home/mahin/.config/hypr/alacritty/themes/alacritty-light.toml [3ms]
2024-01-18 12:20:34.342 [info] > git check-ignore -v -z --stdin [4ms]
2024-01-18 12:20:34.909 [info] > git config --get commit.template [3ms]
2024-01-18 12:20:34.927 [info] > git for-each-ref --format=%(refname)%00%(upstream:short)%00%(objectname)%00%(upstream:track)%00%(upstream:remotename)%00%(upstream:remoteref) refs/heads/main refs/remotes/main [5ms]
2024-01-18 12:20:34.937 [warning] ENOENT: no such file or directory, open '/home/mahin/.config/hypr/.git/refs/remotes/origin/main'
2024-01-18 12:20:34.939 [info] > git rev-parse refs/remotes/origin/main [2ms]
2024-01-18 12:20:34.983 [info] > git status -z -uall [34ms]
2024-01-18 12:20:35.469 [info] > git show --textconv :alacritty/themes/alacritty.toml [16ms]
2024-01-18 12:20:35.471 [info] > git ls-files --stage -- /home/mahin/.config/hypr/alacritty/themes/alacritty.toml [4ms]
2024-01-18 12:20:37.043 [info] > git show --textconv :alacritty/alacritty.toml [9ms]
2024-01-18 12:20:37.046 [info] > git ls-files --stage -- /home/mahin/.config/hypr/alacritty/alacritty.toml [4ms]
2024-01-18 12:20:41.876 [info] > git show --textconv :alacritty/themes/alacritty.toml [16ms]
2024-01-18 12:20:41.880 [info] > git ls-files --stage -- /home/mahin/.config/hypr/alacritty/themes/alacritty.toml [6ms]
2024-01-18 12:20:45.727 [info] > git config --get commit.template [3ms]
2024-01-18 12:20:45.742 [info] > git for-each-ref --format=%(refname)%00%(upstream:short)%00%(objectname)%00%(upstream:track)%00%(upstream:remotename)%00%(upstream:remoteref) refs/heads/main refs/remotes/main [4ms]
2024-01-18 12:20:45.753 [warning] ENOENT: no such file or directory, open '/home/mahin/.config/hypr/.git/refs/remotes/origin/main'
2024-01-18 12:20:45.756 [info] > git rev-parse refs/remotes/origin/main [3ms]
2024-01-18 12:20:45.806 [info] > git status -z -uall [39ms]
2024-01-18 12:20:50.852 [info] > git config --get commit.template [22ms]
2024-01-18 12:20:50.853 [info] > git for-each-ref --format=%(refname)%00%(upstream:short)%00%(objectname)%00%(upstream:track)%00%(upstream:remotename)%00%(upstream:remoteref) refs/heads/main refs/remotes/main [4ms]
2024-01-18 12:20:50.869 [warning] ENOENT: no such file or directory, open '/home/mahin/.config/hypr/.git/refs/remotes/origin/main'
2024-01-18 12:20:50.871 [info] > git rev-parse refs/remotes/origin/main [2ms]
2024-01-18 12:20:50.920 [info] > git status -z -uall [39ms]
2024-01-18 12:21:05.086 [info] > git check-ignore -v -z --stdin [4ms]
2024-01-18 12:21:07.746 [info] > git check-ignore -v -z --stdin [4ms]
2024-01-18 12:21:08.722 [info] > git show --textconv :waybar/waybar/style/style-light.css [15ms]
2024-01-18 12:21:08.732 [info] > git ls-files --stage -- /home/mahin/.config/hypr/waybar/waybar/style/style-light.css [13ms]
2024-01-18 12:21:34.114 [info] > git show --textconv :alacritty/themes/alacritty-light.toml [9ms]
2024-01-18 12:21:34.116 [info] > git ls-files --stage -- /home/mahin/.config/hypr/alacritty/themes/alacritty-light.toml [3ms]
2024-01-18 12:21:35.619 [info] > git show --textconv :alacritty/themes/alacritty.toml [19ms]
2024-01-18 12:21:35.622 [info] > git ls-files --stage -- /home/mahin/.config/hypr/alacritty/themes/alacritty.toml [5ms]
2024-01-18 12:21:36.696 [info] > git show --textconv :alacritty/themes/alacritty-light.toml [20ms]
2024-01-18 12:21:36.701 [info] > git ls-files --stage -- /home/mahin/.config/hypr/alacritty/themes/alacritty-light.toml [6ms]
2024-01-18 12:21:48.119 [info] > git for-each-ref --format=%(refname)%00%(upstream:short)%00%(objectname)%00%(upstream:track)%00%(upstream:remotename)%00%(upstream:remoteref) refs/heads/main refs/remotes/main [6ms]
2024-01-18 12:21:48.120 [info] > git config --get commit.template [24ms]
2024-01-18 12:21:48.134 [warning] ENOENT: no such file or directory, open '/home/mahin/.config/hypr/.git/refs/remotes/origin/main'
2024-01-18 12:21:48.136 [info] > git rev-parse refs/remotes/origin/main [2ms]
2024-01-18 12:21:48.176 [info] > git status -z -uall [31ms]
2024-01-18 12:22:11.936 [info] > git config --get commit.template [18ms]
2024-01-18 12:22:11.937 [info] > git for-each-ref --format=%(refname)%00%(upstream:short)%00%(objectname)%00%(upstream:track)%00%(upstream:remotename)%00%(upstream:remoteref) refs/heads/main refs/remotes/main [4ms]
2024-01-18 12:22:11.954 [warning] ENOENT: no such file or directory, open '/home/mahin/.config/hypr/.git/refs/remotes/origin/main'
2024-01-18 12:22:11.959 [info] > git rev-parse refs/remotes/origin/main [5ms]
2024-01-18 12:22:12.007 [info] > git status -z -uall [37ms]
2024-01-18 12:22:12.207 [info] > git show --textconv :waybar/waybar/style/style-light.css [8ms]
2024-01-18 12:22:12.210 [info] > git ls-files --stage -- /home/mahin/.config/hypr/waybar/waybar/style/style-light.css [3ms]
2024-01-18 12:22:26.697 [info] > git show --textconv :alacritty/themes/alacritty-light.toml [16ms]
2024-01-18 12:22:26.699 [info] > git ls-files --stage -- /home/mahin/.config/hypr/alacritty/themes/alacritty-light.toml [4ms]
2024-01-18 12:22:32.415 [info] > git config --get commit.template [12ms]
2024-01-18 12:22:32.416 [info] > git for-each-ref --format=%(refname)%00%(upstream:short)%00%(objectname)%00%(upstream:track)%00%(upstream:remotename)%00%(upstream:remoteref) refs/heads/main refs/remotes/main [3ms]
2024-01-18 12:22:32.423 [warning] ENOENT: no such file or directory, open '/home/mahin/.config/hypr/.git/refs/remotes/origin/main'
2024-01-18 12:22:32.424 [info] > git rev-parse refs/remotes/origin/main [2ms]
2024-01-18 12:22:32.455 [info] > git status -z -uall [23ms]
2024-01-18 12:22:35.264 [info] > git check-ignore -v -z --stdin [2ms]
2024-01-18 12:22:36.652 [info] > git show --textconv :scripts/baraction [21ms]
2024-01-18 12:22:36.655 [info] > git ls-files --stage -- /home/mahin/.config/hypr/scripts/baraction [4ms]
2024-01-18 12:22:36.668 [info] > git cat-file -s 65340d5403fdfb541094fd75a4056a5a6a5d9749 [2ms]
2024-01-18 12:22:45.631 [info] > git config --get commit.template [18ms]
2024-01-18 12:22:45.633 [info] > git for-each-ref --format=%(refname)%00%(upstream:short)%00%(objectname)%00%(upstream:track)%00%(upstream:remotename)%00%(upstream:remoteref) refs/heads/main refs/remotes/main [3ms]
2024-01-18 12:22:45.647 [warning] ENOENT: no such file or directory, open '/home/mahin/.config/hypr/.git/refs/remotes/origin/main'
2024-01-18 12:22:45.650 [info] > git rev-parse refs/remotes/origin/main [2ms]
2024-01-18 12:22:45.695 [info] > git status -z -uall [35ms]
2024-01-18 12:22:50.710 [info] > git config --get commit.template [8ms]
2024-01-18 12:22:50.711 [info] > git for-each-ref --format=%(refname)%00%(upstream:short)%00%(objectname)%00%(upstream:track)%00%(upstream:remotename)%00%(upstream:remoteref) refs/heads/main refs/remotes/main [2ms]
2024-01-18 12:22:50.716 [warning] ENOENT: no such file or directory, open '/home/mahin/.config/hypr/.git/refs/remotes/origin/main'
2024-01-18 12:22:50.717 [info] > git rev-parse refs/remotes/origin/main [1ms]
2024-01-18 12:22:50.751 [info] > git status -z -uall [28ms]
2024-01-18 12:22:55.782 [info] > git config --get commit.template [13ms]
2024-01-18 12:22:55.783 [info] > git for-each-ref --format=%(refname)%00%(upstream:short)%00%(objectname)%00%(upstream:track)%00%(upstream:remotename)%00%(upstream:remoteref) refs/heads/main refs/remotes/main [2ms]
2024-01-18 12:22:55.791 [warning] ENOENT: no such file or directory, open '/home/mahin/.config/hypr/.git/refs/remotes/origin/main'
2024-01-18 12:22:55.793 [info] > git rev-parse refs/remotes/origin/main [2ms]
2024-01-18 12:22:55.819 [info] > git status -z -uall [21ms]
2024-01-18 12:23:00.852 [info] > git config --get commit.template [15ms]
2024-01-18 12:23:00.854 [info] > git for-each-ref --format=%(refname)%00%(upstream:short)%00%(objectname)%00%(upstream:track)%00%(upstream:remotename)%00%(upstream:remoteref) refs/heads/main refs/remotes/main [3ms]
2024-01-18 12:23:00.866 [warning] ENOENT: no such file or directory, open '/home/mahin/.config/hypr/.git/refs/remotes/origin/main'
2024-01-18 12:23:00.868 [info] > git rev-parse refs/remotes/origin/main [2ms]
2024-01-18 12:23:00.913 [info] > git status -z -uall [35ms]
2024-01-18 12:23:10.834 [info] > git config --get commit.template [19ms]
2024-01-18 12:23:10.835 [info] > git for-each-ref --format=%(refname)%00%(upstream:short)%00%(objectname)%00%(upstream:track)%00%(upstream:remotename)%00%(upstream:remoteref) refs/heads/main refs/remotes/main [3ms]
2024-01-18 12:23:10.845 [warning] ENOENT: no such file or directory, open '/home/mahin/.config/hypr/.git/refs/remotes/origin/main'
2024-01-18 12:23:10.846 [info] > git rev-parse refs/remotes/origin/main [1ms]
2024-01-18 12:23:10.877 [info] > git status -z -uall [24ms]
2024-01-18 12:23:16.867 [info] > git config --get commit.template [20ms]
2024-01-18 12:23:16.870 [info] > git for-each-ref --format=%(refname)%00%(upstream:short)%00%(objectname)%00%(upstream:track)%00%(upstream:remotename)%00%(upstream:remoteref) refs/heads/main refs/remotes/main [4ms]
2024-01-18 12:23:16.882 [warning] ENOENT: no such file or directory, open '/home/mahin/.config/hypr/.git/refs/remotes/origin/main'
2024-01-18 12:23:16.883 [info] > git rev-parse refs/remotes/origin/main [1ms]
2024-01-18 12:23:16.919 [info] > git status -z -uall [28ms]
2024-01-18 12:23:22.636 [info] > git config --get commit.template [2ms]
2024-01-18 12:23:22.648 [info] > git for-each-ref --format=%(refname)%00%(upstream:short)%00%(objectname)%00%(upstream:track)%00%(upstream:remotename)%00%(upstream:remoteref) refs/heads/main refs/remotes/main [2ms]
2024-01-18 12:23:22.655 [warning] ENOENT: no such file or directory, open '/home/mahin/.config/hypr/.git/refs/remotes/origin/main'
2024-01-18 12:23:22.656 [info] > git rev-parse refs/remotes/origin/main [1ms]
2024-01-18 12:23:22.689 [info] > git status -z -uall [26ms]
2024-01-18 12:23:30.854 [info] > git config --get commit.template [20ms]
2024-01-18 12:23:30.856 [info] > git for-each-ref --format=%(refname)%00%(upstream:short)%00%(objectname)%00%(upstream:track)%00%(upstream:remotename)%00%(upstream:remoteref) refs/heads/main refs/remotes/main [5ms]
2024-01-18 12:23:30.868 [warning] ENOENT: no such file or directory, open '/home/mahin/.config/hypr/.git/refs/remotes/origin/main'
2024-01-18 12:23:30.869 [info] > git rev-parse refs/remotes/origin/main [1ms]
2024-01-18 12:23:30.903 [info] > git status -z -uall [26ms]
2024-01-18 12:23:35.945 [info] > git config --get commit.template [19ms]
2024-01-18 12:23:35.947 [info] > git for-each-ref --format=%(refname)%00%(upstream:short)%00%(objectname)%00%(upstream:track)%00%(upstream:remotename)%00%(upstream:remoteref) refs/heads/main refs/remotes/main [4ms]
2024-01-18 12:23:35.962 [warning] ENOENT: no such file or directory, open '/home/mahin/.config/hypr/.git/refs/remotes/origin/main'
2024-01-18 12:23:35.965 [info] > git rev-parse refs/remotes/origin/main [3ms]
2024-01-18 12:23:36.023 [info] > git status -z -uall [42ms]
2024-01-18 12:23:41.040 [info] > git config --get commit.template [7ms]
2024-01-18 12:23:41.041 [info] > git for-each-ref --format=%(refname)%00%(upstream:short)%00%(objectname)%00%(upstream:track)%00%(upstream:remotename)%00%(upstream:remoteref) refs/heads/main refs/remotes/main [2ms]
2024-01-18 12:23:41.047 [warning] ENOENT: no such file or directory, open '/home/mahin/.config/hypr/.git/refs/remotes/origin/main'
2024-01-18 12:23:41.048 [info] > git rev-parse refs/remotes/origin/main [1ms]
2024-01-18 12:23:41.078 [info] > git status -z -uall [25ms]
2024-01-18 12:23:46.111 [info] > git config --get commit.template [12ms]
2024-01-18 12:23:46.112 [info] > git for-each-ref --format=%(refname)%00%(upstream:short)%00%(objectname)%00%(upstream:track)%00%(upstream:remotename)%00%(upstream:remoteref) refs/heads/main refs/remotes/main [2ms]
2024-01-18 12:23:46.121 [warning] ENOENT: no such file or directory, open '/home/mahin/.config/hypr/.git/refs/remotes/origin/main'
2024-01-18 12:23:46.123 [info] > git rev-parse refs/remotes/origin/main [1ms]
2024-01-18 12:23:46.156 [info] > git status -z -uall [27ms]
2024-01-18 12:23:51.267 [info] > git config --get commit.template [9ms]
2024-01-18 12:23:51.268 [info] > git for-each-ref --format=%(refname)%00%(upstream:short)%00%(objectname)%00%(upstream:track)%00%(upstream:remotename)%00%(upstream:remoteref) refs/heads/main refs/remotes/main [2ms]
2024-01-18 12:23:51.276 [warning] ENOENT: no such file or directory, open '/home/mahin/.config/hypr/.git/refs/remotes/origin/main'
2024-01-18 12:23:51.276 [info] > git rev-parse refs/remotes/origin/main [0ms]
2024-01-18 12:23:51.309 [info] > git status -z -uall [27ms]
2024-01-18 12:24:11.156 [info] > git config --get commit.template [8ms]
2024-01-18 12:24:11.157 [info] > git for-each-ref --format=%(refname)%00%(upstream:short)%00%(objectname)%00%(upstream:track)%00%(upstream:remotename)%00%(upstream:remoteref) refs/heads/main refs/remotes/main [2ms]
2024-01-18 12:24:11.164 [warning] ENOENT: no such file or directory, open '/home/mahin/.config/hypr/.git/refs/remotes/origin/main'
2024-01-18 12:24:11.165 [info] > git rev-parse refs/remotes/origin/main [1ms]
2024-01-18 12:24:11.202 [info] > git status -z -uall [31ms]
2024-01-18 12:24:16.228 [info] > git config --get commit.template [9ms]
2024-01-18 12:24:16.228 [info] > git for-each-ref --format=%(refname)%00%(upstream:short)%00%(objectname)%00%(upstream:track)%00%(upstream:remotename)%00%(upstream:remoteref) refs/heads/main refs/remotes/main [1ms]
2024-01-18 12:24:16.233 [warning] ENOENT: no such file or directory, open '/home/mahin/.config/hypr/.git/refs/remotes/origin/main'
2024-01-18 12:24:16.235 [info] > git rev-parse refs/remotes/origin/main [1ms]
2024-01-18 12:24:16.271 [info] > git status -z -uall [29ms]
2024-01-18 12:24:21.298 [info] > git config --get commit.template [3ms]
2024-01-18 12:24:21.311 [info] > git for-each-ref --format=%(refname)%00%(upstream:short)%00%(objectname)%00%(upstream:track)%00%(upstream:remotename)%00%(upstream:remoteref) refs/heads/main refs/remotes/main [1ms]
2024-01-18 12:24:21.318 [warning] ENOENT: no such file or directory, open '/home/mahin/.config/hypr/.git/refs/remotes/origin/main'
2024-01-18 12:24:21.320 [info] > git rev-parse refs/remotes/origin/main [1ms]
2024-01-18 12:24:21.351 [info] > git status -z -uall [25ms]
2024-01-18 12:24:26.392 [info] > git config --get commit.template [20ms]
2024-01-18 12:24:26.396 [info] > git for-each-ref --format=%(refname)%00%(upstream:short)%00%(objectname)%00%(upstream:track)%00%(upstream:remotename)%00%(upstream:remoteref) refs/heads/main refs/remotes/main [6ms]
2024-01-18 12:24:26.406 [warning] ENOENT: no such file or directory, open '/home/mahin/.config/hypr/.git/refs/remotes/origin/main'
2024-01-18 12:24:26.407 [info] > git rev-parse refs/remotes/origin/main [2ms]
2024-01-18 12:24:26.441 [info] > git status -z -uall [26ms]
2024-01-18 12:24:31.738 [info] > git config --get commit.template [1ms]
2024-01-18 12:24:31.745 [info] > git for-each-ref --format=%(refname)%00%(upstream:short)%00%(objectname)%00%(upstream:track)%00%(upstream:remotename)%00%(upstream:remoteref) refs/heads/main refs/remotes/main [1ms]
2024-01-18 12:24:31.750 [warning] ENOENT: no such file or directory, open '/home/mahin/.config/hypr/.git/refs/remotes/origin/main'
2024-01-18 12:24:31.750 [info] > git rev-parse refs/remotes/origin/main [1ms]
2024-01-18 12:24:31.778 [info] > git status -z -uall [22ms]
2024-01-18 12:24:36.814 [info] > git config --get commit.template [17ms]
2024-01-18 12:24:36.816 [info] > git for-each-ref --format=%(refname)%00%(upstream:short)%00%(objectname)%00%(upstream:track)%00%(upstream:remotename)%00%(upstream:remoteref) refs/heads/main refs/remotes/main [4ms]
2024-01-18 12:24:36.831 [warning] ENOENT: no such file or directory, open '/home/mahin/.config/hypr/.git/refs/remotes/origin/main'
2024-01-18 12:24:36.833 [info] > git rev-parse refs/remotes/origin/main [2ms]
2024-01-18 12:24:36.873 [info] > git status -z -uall [30ms]
2024-01-18 12:24:41.914 [info] > git config --get commit.template [18ms]
2024-01-18 12:24:41.915 [info] > git for-each-ref --format=%(refname)%00%(upstream:short)%00%(objectname)%00%(upstream:track)%00%(upstream:remotename)%00%(upstream:remoteref) refs/heads/main refs/remotes/main [3ms]
2024-01-18 12:24:41.928 [warning] ENOENT: no such file or directory, open '/home/mahin/.config/hypr/.git/refs/remotes/origin/main'
2024-01-18 12:24:41.931 [info] > git rev-parse refs/remotes/origin/main [2ms]
2024-01-18 12:24:41.979 [info] > git status -z -uall [38ms]
2024-01-18 12:24:47.017 [info] > git config --get commit.template [16ms]
2024-01-18 12:24:47.017 [info] > git for-each-ref --format=%(refname)%00%(upstream:short)%00%(objectname)%00%(upstream:track)%00%(upstream:remotename)%00%(upstream:remoteref) refs/heads/main refs/remotes/main [2ms]
2024-01-18 12:24:47.028 [warning] ENOENT: no such file or directory, open '/home/mahin/.config/hypr/.git/refs/remotes/origin/main'
2024-01-18 12:24:47.029 [info] > git rev-parse refs/remotes/origin/main [2ms]
2024-01-18 12:24:47.070 [info] > git status -z -uall [32ms]
2024-01-18 12:25:12.424 [info] > git config --get commit.template [8ms]
2024-01-18 12:25:12.425 [info] > git for-each-ref --format=%(refname)%00%(upstream:short)%00%(objectname)%00%(upstream:track)%00%(upstream:remotename)%00%(upstream:remoteref) refs/heads/main refs/remotes/main [2ms]
2024-01-18 12:25:12.430 [warning] ENOENT: no such file or directory, open '/home/mahin/.config/hypr/.git/refs/remotes/origin/main'
2024-01-18 12:25:12.432 [info] > git rev-parse refs/remotes/origin/main [1ms]
2024-01-18 12:25:12.466 [info] > git status -z -uall [28ms]
2024-01-18 12:25:17.483 [info] > git config --get commit.template [5ms]
2024-01-18 12:25:17.483 [info] > git for-each-ref --format=%(refname)%00%(upstream:short)%00%(objectname)%00%(upstream:track)%00%(upstream:remotename)%00%(upstream:remoteref) refs/heads/main refs/remotes/main [1ms]
2024-01-18 12:25:17.489 [warning] ENOENT: no such file or directory, open '/home/mahin/.config/hypr/.git/refs/remotes/origin/main'
2024-01-18 12:25:17.490 [info] > git rev-parse refs/remotes/origin/main [2ms]
2024-01-18 12:25:17.516 [info] > git status -z -uall [21ms]
2024-01-18 12:25:30.880 [info] > git config --get commit.template [1ms]
2024-01-18 12:25:30.897 [info] > git for-each-ref --format=%(refname)%00%(upstream:short)%00%(objectname)%00%(upstream:track)%00%(upstream:remotename)%00%(upstream:remoteref) refs/heads/main refs/remotes/main [3ms]
2024-01-18 12:25:30.910 [warning] ENOENT: no such file or directory, open '/home/mahin/.config/hypr/.git/refs/remotes/origin/main'
2024-01-18 12:25:30.912 [info] > git rev-parse refs/remotes/origin/main [3ms]
2024-01-18 12:25:30.949 [info] > git status -z -uall [27ms]
2024-01-18 12:25:33.242 [info] > git show --textconv :alacritty/alacritty.toml [9ms]
2024-01-18 12:25:33.244 [info] > git ls-files --stage -- /home/mahin/.config/hypr/alacritty/alacritty.toml [3ms]
2024-01-18 12:25:34.513 [info] > git show --textconv :scripts/baraction [7ms]
2024-01-18 12:25:34.514 [info] > git ls-files --stage -- /home/mahin/.config/hypr/scripts/baraction [1ms]
2024-01-18 12:25:34.522 [info] > git cat-file -s 65340d5403fdfb541094fd75a4056a5a6a5d9749 [1ms]
2024-01-18 12:25:35.980 [info] > git config --get commit.template [12ms]
2024-01-18 12:25:35.980 [info] > git for-each-ref --format=%(refname)%00%(upstream:short)%00%(objectname)%00%(upstream:track)%00%(upstream:remotename)%00%(upstream:remoteref) refs/heads/main refs/remotes/main [1ms]
2024-01-18 12:25:35.991 [warning] ENOENT: no such file or directory, open '/home/mahin/.config/hypr/.git/refs/remotes/origin/main'
2024-01-18 12:25:35.993 [info] > git rev-parse refs/remotes/origin/main [2ms]
2024-01-18 12:25:36.034 [info] > git status -z -uall [32ms]
2024-01-18 12:25:46.441 [info] > git config --get commit.template [1ms]
2024-01-18 12:25:46.465 [info] > git for-each-ref --format=%(refname)%00%(upstream:short)%00%(objectname)%00%(upstream:track)%00%(upstream:remotename)%00%(upstream:remoteref) refs/heads/main refs/remotes/main [3ms]
2024-01-18 12:25:46.486 [warning] ENOENT: no such file or directory, open '/home/mahin/.config/hypr/.git/refs/remotes/origin/main'
2024-01-18 12:25:46.490 [info] > git rev-parse refs/remotes/origin/main [4ms]
2024-01-18 12:25:46.545 [info] > git status -z -uall [42ms]
2024-01-18 12:25:51.576 [info] > git config --get commit.template [11ms]
2024-01-18 12:25:51.578 [info] > git for-each-ref --format=%(refname)%00%(upstream:short)%00%(objectname)%00%(upstream:track)%00%(upstream:remotename)%00%(upstream:remoteref) refs/heads/main refs/remotes/main [2ms]
2024-01-18 12:25:51.587 [warning] ENOENT: no such file or directory, open '/home/mahin/.config/hypr/.git/refs/remotes/origin/main'
2024-01-18 12:25:51.589 [info] > git rev-parse refs/remotes/origin/main [2ms]
2024-01-18 12:25:51.642 [info] > git status -z -uall [45ms]
2024-01-18 12:27:17.940 [info] > git config --get commit.template [1ms]
2024-01-18 12:27:17.951 [info] > git for-each-ref --format=%(refname)%00%(upstream:short)%00%(objectname)%00%(upstream:track)%00%(upstream:remotename)%00%(upstream:remoteref) refs/heads/main refs/remotes/main [2ms]
2024-01-18 12:27:17.958 [warning] ENOENT: no such file or directory, open '/home/mahin/.config/hypr/.git/refs/remotes/origin/main'
2024-01-18 12:27:17.959 [info] > git rev-parse refs/remotes/origin/main [1ms]
2024-01-18 12:27:17.988 [info] > git status -z -uall [24ms]
2024-01-18 12:27:23.013 [info] > git config --get commit.template [8ms]
2024-01-18 12:27:23.014 [info] > git for-each-ref --format=%(refname)%00%(upstream:short)%00%(objectname)%00%(upstream:track)%00%(upstream:remotename)%00%(upstream:remoteref) refs/heads/main refs/remotes/main [1ms]
2024-01-18 12:27:23.024 [warning] ENOENT: no such file or directory, open '/home/mahin/.config/hypr/.git/refs/remotes/origin/main'
2024-01-18 12:27:23.025 [info] > git rev-parse refs/remotes/origin/main [1ms]
2024-01-18 12:27:23.056 [info] > git status -z -uall [26ms]
2024-01-18 12:27:29.233 [info] > git config --get commit.template [2ms]
2024-01-18 12:27:29.247 [info] > git for-each-ref --format=%(refname)%00%(upstream:short)%00%(objectname)%00%(upstream:track)%00%(upstream:remotename)%00%(upstream:remoteref) refs/heads/main refs/remotes/main [2ms]
2024-01-18 12:27:29.256 [warning] ENOENT: no such file or directory, open '/home/mahin/.config/hypr/.git/refs/remotes/origin/main'
2024-01-18 12:27:29.257 [info] > git rev-parse refs/remotes/origin/main [1ms]
2024-01-18 12:27:29.287 [info] > git status -z -uall [24ms]
2024-01-18 12:27:30.345 [info] > git ls-files --stage -- /home/mahin/.config/hypr/scripts/baraction [1ms]
2024-01-18 12:27:30.354 [info] > git cat-file -s 65340d5403fdfb541094fd75a4056a5a6a5d9749 [2ms]
2024-01-18 12:27:30.364 [info] > git show --textconv :scripts/baraction [1ms]
2024-01-18 12:29:13.517 [info] > git config --get commit.template [1ms]
2024-01-18 12:29:13.535 [info] > git for-each-ref --format=%(refname)%00%(upstream:short)%00%(objectname)%00%(upstream:track)%00%(upstream:remotename)%00%(upstream:remoteref) refs/heads/main refs/remotes/main [4ms]
2024-01-18 12:29:13.546 [warning] ENOENT: no such file or directory, open '/home/mahin/.config/hypr/.git/refs/remotes/origin/main'
2024-01-18 12:29:13.548 [info] > git rev-parse refs/remotes/origin/main [2ms]
2024-01-18 12:29:13.605 [info] > git status -z -uall [43ms]
2024-01-18 12:29:19.156 [info] > git config --get commit.template [10ms]
2024-01-18 12:29:19.156 [info] > git for-each-ref --format=%(refname)%00%(upstream:short)%00%(objectname)%00%(upstream:track)%00%(upstream:remotename)%00%(upstream:remoteref) refs/heads/main refs/remotes/main [1ms]
2024-01-18 12:29:19.162 [warning] ENOENT: no such file or directory, open '/home/mahin/.config/hypr/.git/refs/remotes/origin/main'
2024-01-18 12:29:19.163 [info] > git rev-parse refs/remotes/origin/main [1ms]
2024-01-18 12:29:19.195 [info] > git status -z -uall [23ms]
2024-01-18 12:29:43.492 [info] > git config --get commit.template [12ms]
2024-01-18 12:29:43.493 [info] > git for-each-ref --format=%(refname)%00%(upstream:short)%00%(objectname)%00%(upstream:track)%00%(upstream:remotename)%00%(upstream:remoteref) refs/heads/main refs/remotes/main [2ms]
2024-01-18 12:29:43.504 [warning] ENOENT: no such file or directory, open '/home/mahin/.config/hypr/.git/refs/remotes/origin/main'
2024-01-18 12:29:43.506 [info] > git rev-parse refs/remotes/origin/main [2ms]
2024-01-18 12:29:43.571 [info] > git status -z -uall [55ms]
2024-01-18 12:31:16.518 [info] > git config --get commit.template [24ms]
2024-01-18 12:31:16.519 [info] > git for-each-ref --format=%(refname)%00%(upstream:short)%00%(objectname)%00%(upstream:track)%00%(upstream:remotename)%00%(upstream:remoteref) refs/heads/main refs/remotes/main [5ms]
2024-01-18 12:31:16.533 [warning] ENOENT: no such file or directory, open '/home/mahin/.config/hypr/.git/refs/remotes/origin/main'
2024-01-18 12:31:16.535 [info] > git rev-parse refs/remotes/origin/main [2ms]
2024-01-18 12:31:16.574 [info] > git status -z -uall [31ms]
2024-01-18 12:31:21.604 [info] > git config --get commit.template [13ms]
2024-01-18 12:31:21.605 [info] > git for-each-ref --format=%(refname)%00%(upstream:short)%00%(objectname)%00%(upstream:track)%00%(upstream:remotename)%00%(upstream:remoteref) refs/heads/main refs/remotes/main [2ms]
2024-01-18 12:31:21.615 [warning] ENOENT: no such file or directory, open '/home/mahin/.config/hypr/.git/refs/remotes/origin/main'
2024-01-18 12:31:21.618 [info] > git rev-parse refs/remotes/origin/main [3ms]
2024-01-18 12:31:21.680 [info] > git status -z -uall [52ms]
2024-01-18 12:37:38.241 [info] > git show --textconv :scripts/baraction [13ms]
2024-01-18 12:37:38.244 [info] > git ls-files --stage -- /home/mahin/.config/hypr/scripts/baraction [5ms]
2024-01-18 12:37:38.258 [info] > git cat-file -s 65340d5403fdfb541094fd75a4056a5a6a5d9749 [3ms]
2024-01-18 12:38:00.466 [info] > git config --get commit.template [7ms]
2024-01-18 12:38:00.466 [info] > git for-each-ref --format=%(refname)%00%(upstream:short)%00%(objectname)%00%(upstream:track)%00%(upstream:remotename)%00%(upstream:remoteref) refs/heads/main refs/remotes/main [1ms]
2024-01-18 12:38:00.472 [warning] ENOENT: no such file or directory, open '/home/mahin/.config/hypr/.git/refs/remotes/origin/main'
2024-01-18 12:38:00.473 [info] > git rev-parse refs/remotes/origin/main [1ms]
2024-01-18 12:38:00.505 [info] > git status -z -uall [23ms]
2024-01-18 12:38:05.547 [info] > git config --get commit.template [18ms]
2024-01-18 12:38:05.549 [info] > git for-each-ref --format=%(refname)%00%(upstream:short)%00%(objectname)%00%(upstream:track)%00%(upstream:remotename)%00%(upstream:remoteref) refs/heads/main refs/remotes/main [4ms]
2024-01-18 12:38:05.562 [warning] ENOENT: no such file or directory, open '/home/mahin/.config/hypr/.git/refs/remotes/origin/main'
2024-01-18 12:38:05.564 [info] > git rev-parse refs/remotes/origin/main [2ms]
2024-01-18 12:38:05.637 [info] > git status -z -uall [61ms]
2024-01-18 12:38:10.661 [info] > git config --get commit.template [6ms]
2024-01-18 12:38:10.684 [info] > git for-each-ref --format=%(refname)%00%(upstream:short)%00%(objectname)%00%(upstream:track)%00%(upstream:remotename)%00%(upstream:remoteref) refs/heads/main refs/remotes/main [3ms]
2024-01-18 12:38:10.702 [warning] ENOENT: no such file or directory, open '/home/mahin/.config/hypr/.git/refs/remotes/origin/main'
2024-01-18 12:38:10.704 [info] > git rev-parse refs/remotes/origin/main [1ms]
2024-01-18 12:38:10.761 [info] > git status -z -uall [44ms]
2024-01-18 12:38:29.693 [info] > git config --get commit.template [1ms]
2024-01-18 12:38:29.709 [info] > git for-each-ref --format=%(refname)%00%(upstream:short)%00%(objectname)%00%(upstream:track)%00%(upstream:remotename)%00%(upstream:remoteref) refs/heads/main refs/remotes/main [3ms]
2024-01-18 12:38:29.717 [warning] ENOENT: no such file or directory, open '/home/mahin/.config/hypr/.git/refs/remotes/origin/main'
2024-01-18 12:38:29.718 [info] > git rev-parse refs/remotes/origin/main [1ms]
2024-01-18 12:38:29.750 [info] > git status -z -uall [24ms]
2024-01-18 12:38:40.725 [info] > git config --get commit.template [3ms]
2024-01-18 12:38:40.738 [info] > git for-each-ref --format=%(refname)%00%(upstream:short)%00%(objectname)%00%(upstream:track)%00%(upstream:remotename)%00%(upstream:remoteref) refs/heads/main refs/remotes/main [4ms]
2024-01-18 12:38:40.752 [warning] ENOENT: no such file or directory, open '/home/mahin/.config/hypr/.git/refs/remotes/origin/main'
2024-01-18 12:38:40.755 [info] > git rev-parse refs/remotes/origin/main [3ms]
2024-01-18 12:38:40.828 [info] > git status -z -uall [59ms]
2024-01-18 12:38:54.322 [info] > git config --get commit.template [3ms]
2024-01-18 12:38:54.335 [info] > git for-each-ref --format=%(refname)%00%(upstream:short)%00%(objectname)%00%(upstream:track)%00%(upstream:remotename)%00%(upstream:remoteref) refs/heads/main refs/remotes/main [2ms]
2024-01-18 12:38:54.350 [warning] ENOENT: no such file or directory, open '/home/mahin/.config/hypr/.git/refs/remotes/origin/main'
2024-01-18 12:38:54.352 [info] > git rev-parse refs/remotes/origin/main [2ms]
2024-01-18 12:38:54.427 [info] > git status -z -uall [61ms]
2024-01-18 12:39:30.779 [info] > git config --get commit.template [14ms]
2024-01-18 12:39:30.780 [info] > git for-each-ref --format=%(refname)%00%(upstream:short)%00%(objectname)%00%(upstream:track)%00%(upstream:remotename)%00%(upstream:remoteref) refs/heads/main refs/remotes/main [3ms]
2024-01-18 12:39:30.790 [warning] ENOENT: no such file or directory, open '/home/mahin/.config/hypr/.git/refs/remotes/origin/main'
2024-01-18 12:39:30.792 [info] > git rev-parse refs/remotes/origin/main [2ms]
2024-01-18 12:39:30.852 [info] > git status -z -uall [51ms]
2024-01-18 12:39:37.392 [info] > git config --get commit.template [16ms]
2024-01-18 12:39:37.393 [info] > git for-each-ref --format=%(refname)%00%(upstream:short)%00%(objectname)%00%(upstream:track)%00%(upstream:remotename)%00%(upstream:remoteref) refs/heads/main refs/remotes/main [2ms]
2024-01-18 12:39:37.407 [warning] ENOENT: no such file or directory, open '/home/mahin/.config/hypr/.git/refs/remotes/origin/main'
2024-01-18 12:39:37.408 [info] > git rev-parse refs/remotes/origin/main [2ms]
2024-01-18 12:39:37.481 [info] > git status -z -uall [61ms]
2024-01-18 12:39:42.500 [info] > git config --get commit.template [2ms]
2024-01-18 12:39:42.514 [info] > git for-each-ref --format=%(refname)%00%(upstream:short)%00%(objectname)%00%(upstream:track)%00%(upstream:remotename)%00%(upstream:remoteref) refs/heads/main refs/remotes/main [3ms]
2024-01-18 12:39:42.526 [warning] ENOENT: no such file or directory, open '/home/mahin/.config/hypr/.git/refs/remotes/origin/main'
2024-01-18 12:39:42.528 [info] > git rev-parse refs/remotes/origin/main [2ms]
2024-01-18 12:39:42.596 [info] > git status -z -uall [55ms]
2024-01-18 12:39:47.629 [info] > git config --get commit.template [16ms]
2024-01-18 12:39:47.630 [info] > git for-each-ref --format=%(refname)%00%(upstream:short)%00%(objectname)%00%(upstream:track)%00%(upstream:remotename)%00%(upstream:remoteref) refs/heads/main refs/remotes/main [3ms]
2024-01-18 12:39:47.642 [warning] ENOENT: no such file or directory, open '/home/mahin/.config/hypr/.git/refs/remotes/origin/main'
2024-01-18 12:39:47.644 [info] > git rev-parse refs/remotes/origin/main [1ms]
2024-01-18 12:39:47.698 [info] > git status -z -uall [47ms]
2024-01-18 12:39:52.716 [info] > git config --get commit.template [1ms]
2024-01-18 12:39:52.726 [info] > git for-each-ref --format=%(refname)%00%(upstream:short)%00%(objectname)%00%(upstream:track)%00%(upstream:remotename)%00%(upstream:remoteref) refs/heads/main refs/remotes/main [2ms]
2024-01-18 12:39:52.732 [warning] ENOENT: no such file or directory, open '/home/mahin/.config/hypr/.git/refs/remotes/origin/main'
2024-01-18 12:39:52.733 [info] > git rev-parse refs/remotes/origin/main [1ms]
2024-01-18 12:39:52.772 [info] > git status -z -uall [31ms]
2024-01-18 12:39:57.811 [info] > git config --get commit.template [16ms]
2024-01-18 12:39:57.812 [info] > git for-each-ref --format=%(refname)%00%(upstream:short)%00%(objectname)%00%(upstream:track)%00%(upstream:remotename)%00%(upstream:remoteref) refs/heads/main refs/remotes/main [3ms]
2024-01-18 12:39:57.827 [warning] ENOENT: no such file or directory, open '/home/mahin/.config/hypr/.git/refs/remotes/origin/main'
2024-01-18 12:39:57.829 [info] > git rev-parse refs/remotes/origin/main [2ms]
2024-01-18 12:39:57.899 [info] > git status -z -uall [57ms]
2024-01-18 12:40:04.790 [info] > git config --get commit.template [2ms]
2024-01-18 12:40:04.801 [info] > git for-each-ref --format=%(refname)%00%(upstream:short)%00%(objectname)%00%(upstream:track)%00%(upstream:remotename)%00%(upstream:remoteref) refs/heads/main refs/remotes/main [1ms]
2024-01-18 12:40:04.813 [warning] ENOENT: no such file or directory, open '/home/mahin/.config/hypr/.git/refs/remotes/origin/main'
2024-01-18 12:40:04.815 [info] > git rev-parse refs/remotes/origin/main [2ms]
2024-01-18 12:40:04.881 [info] > git status -z -uall [54ms]
2024-01-18 12:41:15.729 [info] > git config --get commit.template [18ms]
2024-01-18 12:41:15.730 [info] > git for-each-ref --format=%(refname)%00%(upstream:short)%00%(objectname)%00%(upstream:track)%00%(upstream:remotename)%00%(upstream:remoteref) refs/heads/main refs/remotes/main [3ms]
2024-01-18 12:41:15.746 [warning] ENOENT: no such file or directory, open '/home/mahin/.config/hypr/.git/refs/remotes/origin/main'
2024-01-18 12:41:15.748 [info] > git rev-parse refs/remotes/origin/main [2ms]
2024-01-18 12:41:15.809 [info] > git status -z -uall [45ms]
2024-01-18 12:41:44.354 [info] > git config --get commit.template [17ms]
2024-01-18 12:41:44.356 [info] > git for-each-ref --format=%(refname)%00%(upstream:short)%00%(objectname)%00%(upstream:track)%00%(upstream:remotename)%00%(upstream:remoteref) refs/heads/main refs/remotes/main [2ms]
2024-01-18 12:41:44.369 [warning] ENOENT: no such file or directory, open '/home/mahin/.config/hypr/.git/refs/remotes/origin/main'
2024-01-18 12:41:44.371 [info] > git rev-parse refs/remotes/origin/main [2ms]
2024-01-18 12:41:44.412 [info] > git status -z -uall [28ms]
2024-01-18 12:41:54.579 [info] > git config --get commit.template [13ms]
2024-01-18 12:41:54.580 [info] > git for-each-ref --format=%(refname)%00%(upstream:short)%00%(objectname)%00%(upstream:track)%00%(upstream:remotename)%00%(upstream:remoteref) refs/heads/main refs/remotes/main [2ms]
2024-01-18 12:41:54.593 [warning] ENOENT: no such file or directory, open '/home/mahin/.config/hypr/.git/refs/remotes/origin/main'
2024-01-18 12:41:54.595 [info] > git rev-parse refs/remotes/origin/main [2ms]
2024-01-18 12:41:54.672 [info] > git status -z -uall [62ms]
2024-01-18 12:42:05.310 [info] > git show --textconv :scripts/baraction [15ms]
2024-01-18 12:42:05.312 [info] > git ls-files --stage -- /home/mahin/.config/hypr/scripts/baraction [3ms]
2024-01-18 12:42:05.325 [info] > git cat-file -s 65340d5403fdfb541094fd75a4056a5a6a5d9749 [1ms]
2024-01-18 12:42:10.240 [info] > git config --get commit.template [14ms]
2024-01-18 12:42:10.242 [info] > git for-each-ref --format=%(refname)%00%(upstream:short)%00%(objectname)%00%(upstream:track)%00%(upstream:remotename)%00%(upstream:remoteref) refs/heads/main refs/remotes/main [3ms]
2024-01-18 12:42:10.255 [warning] ENOENT: no such file or directory, open '/home/mahin/.config/hypr/.git/refs/remotes/origin/main'
2024-01-18 12:42:10.257 [info] > git rev-parse refs/remotes/origin/main [2ms]
2024-01-18 12:42:10.336 [info] > git status -z -uall [63ms]
2024-01-18 12:42:16.277 [info] > git config --get commit.template [14ms]
2024-01-18 12:42:16.278 [info] > git for-each-ref --format=%(refname)%00%(upstream:short)%00%(objectname)%00%(upstream:track)%00%(upstream:remotename)%00%(upstream:remoteref) refs/heads/main refs/remotes/main [2ms]
2024-01-18 12:42:16.290 [warning] ENOENT: no such file or directory, open '/home/mahin/.config/hypr/.git/refs/remotes/origin/main'
2024-01-18 12:42:16.292 [info] > git rev-parse refs/remotes/origin/main [2ms]
2024-01-18 12:42:16.347 [info] > git status -z -uall [47ms]
2024-01-18 12:42:21.390 [info] > git config --get commit.template [17ms]
2024-01-18 12:42:21.393 [info] > git for-each-ref --format=%(refname)%00%(upstream:short)%00%(objectname)%00%(upstream:track)%00%(upstream:remotename)%00%(upstream:remoteref) refs/heads/main refs/remotes/main [4ms]
2024-01-18 12:42:21.407 [warning] ENOENT: no such file or directory, open '/home/mahin/.config/hypr/.git/refs/remotes/origin/main'
2024-01-18 12:42:21.408 [info] > git rev-parse refs/remotes/origin/main [2ms]
2024-01-18 12:42:21.445 [info] > git status -z -uall [29ms]
2024-01-18 12:42:32.227 [info] > git show --textconv :scripts/baraction [14ms]
2024-01-18 12:42:32.228 [info] > git ls-files --stage -- /home/mahin/.config/hypr/scripts/baraction [2ms]
2024-01-18 12:42:32.242 [info] > git cat-file -s 65340d5403fdfb541094fd75a4056a5a6a5d9749 [3ms]
2024-01-18 12:42:39.177 [info] > git show --textconv :scripts/baraction [20ms]
2024-01-18 12:42:39.182 [info] > git ls-files --stage -- /home/mahin/.config/hypr/scripts/baraction [7ms]
2024-01-18 12:42:39.210 [info] > git cat-file -s 65340d5403fdfb541094fd75a4056a5a6a5d9749 [2ms]
2024-01-18 12:42:45.540 [info] > git config --get commit.template [13ms]
2024-01-18 12:42:45.541 [info] > git for-each-ref --format=%(refname)%00%(upstream:short)%00%(objectname)%00%(upstream:track)%00%(upstream:remotename)%00%(upstream:remoteref) refs/heads/main refs/remotes/main [2ms]
2024-01-18 12:42:45.554 [warning] ENOENT: no such file or directory, open '/home/mahin/.config/hypr/.git/refs/remotes/origin/main'
2024-01-18 12:42:45.556 [info] > git rev-parse refs/remotes/origin/main [2ms]
2024-01-18 12:42:45.630 [info] > git status -z -uall [62ms]
2024-01-18 12:42:50.655 [info] > git config --get commit.template [3ms]
2024-01-18 12:42:50.671 [info] > git for-each-ref --format=%(refname)%00%(upstream:short)%00%(objectname)%00%(upstream:track)%00%(upstream:remotename)%00%(upstream:remoteref) refs/heads/main refs/remotes/main [4ms]
2024-01-18 12:42:50.683 [warning] ENOENT: no such file or directory, open '/home/mahin/.config/hypr/.git/refs/remotes/origin/main'
2024-01-18 12:42:50.685 [info] > git rev-parse refs/remotes/origin/main [3ms]
2024-01-18 12:42:50.760 [info] > git status -z -uall [64ms]
2024-01-18 12:43:00.197 [info] > git config --get commit.template [16ms]
2024-01-18 12:43:00.199 [info] > git for-each-ref --format=%(refname)%00%(upstream:short)%00%(objectname)%00%(upstream:track)%00%(upstream:remotename)%00%(upstream:remoteref) refs/heads/main refs/remotes/main [3ms]
2024-01-18 12:43:00.213 [warning] ENOENT: no such file or directory, open '/home/mahin/.config/hypr/.git/refs/remotes/origin/main'
2024-01-18 12:43:00.215 [info] > git rev-parse refs/remotes/origin/main [3ms]
2024-01-18 12:43:00.263 [info] > git status -z -uall [37ms]
2024-01-18 12:43:05.302 [info] > git config --get commit.template [19ms]
2024-01-18 12:43:05.305 [info] > git for-each-ref --format=%(refname)%00%(upstream:short)%00%(objectname)%00%(upstream:track)%00%(upstream:remotename)%00%(upstream:remoteref) refs/heads/main refs/remotes/main [6ms]
2024-01-18 12:43:05.322 [warning] ENOENT: no such file or directory, open '/home/mahin/.config/hypr/.git/refs/remotes/origin/main'
2024-01-18 12:43:05.325 [info] > git rev-parse refs/remotes/origin/main [3ms]
2024-01-18 12:43:05.386 [info] > git status -z -uall [48ms]
2024-01-18 12:43:10.402 [info] > git config --get commit.template [2ms]
2024-01-18 12:43:10.411 [info] > git for-each-ref --format=%(refname)%00%(upstream:short)%00%(objectname)%00%(upstream:track)%00%(upstream:remotename)%00%(upstream:remoteref) refs/heads/main refs/remotes/main [2ms]
2024-01-18 12:43:10.420 [warning] ENOENT: no such file or directory, open '/home/mahin/.config/hypr/.git/refs/remotes/origin/main'
2024-01-18 12:43:10.421 [info] > git rev-parse refs/remotes/origin/main [1ms]
2024-01-18 12:43:10.459 [info] > git status -z -uall [31ms]
2024-01-18 12:43:15.490 [info] > git config --get commit.template [13ms]
2024-01-18 12:43:15.492 [info] > git for-each-ref --format=%(refname)%00%(upstream:short)%00%(objectname)%00%(upstream:track)%00%(upstream:remotename)%00%(upstream:remoteref) refs/heads/main refs/remotes/main [3ms]
2024-01-18 12:43:15.503 [warning] ENOENT: no such file or directory, open '/home/mahin/.config/hypr/.git/refs/remotes/origin/main'
2024-01-18 12:43:15.505 [info] > git rev-parse refs/remotes/origin/main [1ms]
2024-01-18 12:43:15.568 [info] > git status -z -uall [55ms]
2024-01-18 12:43:20.590 [info] > git config --get commit.template [2ms]
2024-01-18 12:43:20.603 [info] > git for-each-ref --format=%(refname)%00%(upstream:short)%00%(objectname)%00%(upstream:track)%00%(upstream:remotename)%00%(upstream:remoteref) refs/heads/main refs/remotes/main [3ms]
2024-01-18 12:43:20.614 [warning] ENOENT: no such file or directory, open '/home/mahin/.config/hypr/.git/refs/remotes/origin/main'
2024-01-18 12:43:20.617 [info] > git rev-parse refs/remotes/origin/main [2ms]
2024-01-18 12:43:20.687 [info] > git status -z -uall [59ms]
2024-01-18 12:43:26.721 [info] > git config --get commit.template [15ms]
2024-01-18 12:43:26.722 [info] > git for-each-ref --format=%(refname)%00%(upstream:short)%00%(objectname)%00%(upstream:track)%00%(upstream:remotename)%00%(upstream:remoteref) refs/heads/main refs/remotes/main [3ms]
2024-01-18 12:43:26.736 [warning] ENOENT: no such file or directory, open '/home/mahin/.config/hypr/.git/refs/remotes/origin/main'
2024-01-18 12:43:26.738 [info] > git rev-parse refs/remotes/origin/main [2ms]
2024-01-18 12:43:26.808 [info] > git status -z -uall [56ms]
2024-01-18 12:43:45.866 [info] > git config --get commit.template [14ms]
2024-01-18 12:43:45.868 [info] > git for-each-ref --format=%(refname)%00%(upstream:short)%00%(objectname)%00%(upstream:track)%00%(upstream:remotename)%00%(upstream:remoteref) refs/heads/main refs/remotes/main [2ms]
2024-01-18 12:43:45.876 [warning] ENOENT: no such file or directory, open '/home/mahin/.config/hypr/.git/refs/remotes/origin/main'
2024-01-18 12:43:45.877 [info] > git rev-parse refs/remotes/origin/main [1ms]
2024-01-18 12:43:45.916 [info] > git status -z -uall [31ms]
2024-01-18 12:43:50.960 [info] > git config --get commit.template [10ms]
2024-01-18 12:43:50.961 [info] > git for-each-ref --format=%(refname)%00%(upstream:short)%00%(objectname)%00%(upstream:track)%00%(upstream:remotename)%00%(upstream:remoteref) refs/heads/main refs/remotes/main [2ms]
2024-01-18 12:43:50.973 [warning] ENOENT: no such file or directory, open '/home/mahin/.config/hypr/.git/refs/remotes/origin/main'
2024-01-18 12:43:50.975 [info] > git rev-parse refs/remotes/origin/main [2ms]
2024-01-18 12:43:51.025 [info] > git status -z -uall [36ms]
