2024-01-18 12:44:32.553 [info] Extension host with pid 1232452 started
2024-01-18 12:44:32.553 [info] Skipping acquiring lock for /home/mahin/.config/Code/User/workspaceStorage/e559b7b3cec4f521858eaf59c55b9f7a.
2024-01-18 12:44:32.862 [info] ExtensionService#_doActivateExtension vscode.emmet, startup: false, activationEvent: 'onLanguage'
2024-01-18 12:44:32.883 [info] ExtensionService#_doActivateExtension vscode.json-language-features, startup: false, activationEvent: 'onLanguage:jsonc'
2024-01-18 12:44:32.947 [info] ExtensionService#_doActivateExtension vscode.typescript-language-features, startup: false, activationEvent: 'onLanguage:jsonc'
2024-01-18 12:44:33.887 [info] ExtensionService#_doActivateExtension vscode.git-base, startup: true, activationEvent: '*', root cause: vscode.git
2024-01-18 12:44:33.951 [info] ExtensionService#_doActivateExtension vscode.git, startup: true, activationEvent: '*'
2024-01-18 12:44:33.999 [info] ExtensionService#_doActivateExtension vscode.github, startup: true, activationEvent: '*'
2024-01-18 12:44:34.194 [info] Eager extensions activated
2024-01-18 12:44:34.320 [info] ExtensionService#_doActivateExtension vscode.debug-auto-launch, startup: false, activationEvent: 'onStartupFinished'
2024-01-18 12:44:34.325 [info] ExtensionService#_doActivateExtension vscode.merge-conflict, startup: false, activationEvent: 'onStartupFinished'
2024-01-18 12:44:34.339 [info] ExtensionService#_doActivateExtension aaron-bond.better-comments, startup: false, activationEvent: 'onStartupFinished'
2024-01-18 12:44:34.352 [info] ExtensionService#_doActivateExtension bradlc.vscode-tailwindcss, startup: false, activationEvent: 'onStartupFinished'
2024-01-18 12:44:34.382 [info] ExtensionService#_doActivateExtension PKief.material-icon-theme, startup: false, activationEvent: 'onStartupFinished'
2024-01-18 12:44:34.999 [error] Error: Git error
	at ChildProcess.<anonymous> (/opt/visual-studio-code/resources/app/extensions/git/dist/main.js:2:991008)
	at ChildProcess.emit (node:events:525:35)
	at ChildProcess._handle.onexit (node:internal/child_process:291:12)
2024-01-18 12:44:34.999 [error] Error: Git error
	at ChildProcess.<anonymous> (/opt/visual-studio-code/resources/app/extensions/git/dist/main.js:2:991008)
	at ChildProcess.emit (node:events:525:35)
	at ChildProcess._handle.onexit (node:internal/child_process:291:12)
2024-01-18 12:44:34.999 [error] Error: Git error
	at ChildProcess.<anonymous> (/opt/visual-studio-code/resources/app/extensions/git/dist/main.js:2:991008)
	at ChildProcess.emit (node:events:525:35)
	at ChildProcess._handle.onexit (node:internal/child_process:291:12)
2024-01-18 12:44:34.999 [error] Error: Git error
	at ChildProcess.<anonymous> (/opt/visual-studio-code/resources/app/extensions/git/dist/main.js:2:991008)
	at ChildProcess.emit (node:events:525:35)
	at ChildProcess._handle.onexit (node:internal/child_process:291:12)
2024-01-18 12:44:34.999 [error] Error: Git error
	at ChildProcess.<anonymous> (/opt/visual-studio-code/resources/app/extensions/git/dist/main.js:2:991008)
	at ChildProcess.emit (node:events:525:35)
	at ChildProcess._handle.onexit (node:internal/child_process:291:12)
2024-01-18 12:44:34.999 [error] Error: Git error
	at ChildProcess.<anonymous> (/opt/visual-studio-code/resources/app/extensions/git/dist/main.js:2:991008)
	at ChildProcess.emit (node:events:525:35)
	at ChildProcess._handle.onexit (node:internal/child_process:291:12)
2024-01-18 12:44:34.999 [error] Error: Git error
	at ChildProcess.<anonymous> (/opt/visual-studio-code/resources/app/extensions/git/dist/main.js:2:991008)
	at ChildProcess.emit (node:events:525:35)
	at ChildProcess._handle.onexit (node:internal/child_process:291:12)
2024-01-18 12:44:34.999 [error] Error: Git error
	at ChildProcess.<anonymous> (/opt/visual-studio-code/resources/app/extensions/git/dist/main.js:2:991008)
	at ChildProcess.emit (node:events:525:35)
	at ChildProcess._handle.onexit (node:internal/child_process:291:12)
2024-01-18 12:44:34.999 [error] Error: Git error
	at ChildProcess.<anonymous> (/opt/visual-studio-code/resources/app/extensions/git/dist/main.js:2:991008)
	at ChildProcess.emit (node:events:525:35)
	at ChildProcess._handle.onexit (node:internal/child_process:291:12)
2024-01-18 12:44:34.999 [error] Error: Git error
	at ChildProcess.<anonymous> (/opt/visual-studio-code/resources/app/extensions/git/dist/main.js:2:991008)
	at ChildProcess.emit (node:events:525:35)
	at ChildProcess._handle.onexit (node:internal/child_process:291:12)
2024-01-18 12:44:34.999 [error] Error: Git error
	at ChildProcess.<anonymous> (/opt/visual-studio-code/resources/app/extensions/git/dist/main.js:2:991008)
	at ChildProcess.emit (node:events:525:35)
	at ChildProcess._handle.onexit (node:internal/child_process:291:12)
2024-01-18 12:44:34.999 [error] Error: Git error
	at ChildProcess.<anonymous> (/opt/visual-studio-code/resources/app/extensions/git/dist/main.js:2:991008)
	at ChildProcess.emit (node:events:525:35)
	at ChildProcess._handle.onexit (node:internal/child_process:291:12)
2024-01-18 12:44:34.999 [error] Error: Git error
	at ChildProcess.<anonymous> (/opt/visual-studio-code/resources/app/extensions/git/dist/main.js:2:991008)
	at ChildProcess.emit (node:events:525:35)
	at ChildProcess._handle.onexit (node:internal/child_process:291:12)
2024-01-18 12:44:34.999 [error] Error: Git error
	at ChildProcess.<anonymous> (/opt/visual-studio-code/resources/app/extensions/git/dist/main.js:2:991008)
	at ChildProcess.emit (node:events:525:35)
	at ChildProcess._handle.onexit (node:internal/child_process:291:12)
2024-01-18 12:44:34.999 [error] Error: Git error
	at ChildProcess.<anonymous> (/opt/visual-studio-code/resources/app/extensions/git/dist/main.js:2:991008)
	at ChildProcess.emit (node:events:525:35)
	at ChildProcess._handle.onexit (node:internal/child_process:291:12)
2024-01-18 12:44:34.999 [error] Error: Git error
	at ChildProcess.<anonymous> (/opt/visual-studio-code/resources/app/extensions/git/dist/main.js:2:991008)
	at ChildProcess.emit (node:events:525:35)
	at ChildProcess._handle.onexit (node:internal/child_process:291:12)
2024-01-18 12:44:34.999 [error] Error: Git error
	at ChildProcess.<anonymous> (/opt/visual-studio-code/resources/app/extensions/git/dist/main.js:2:991008)
	at ChildProcess.emit (node:events:525:35)
	at ChildProcess._handle.onexit (node:internal/child_process:291:12)
2024-01-18 12:44:34.999 [error] Error: Git error
	at ChildProcess.<anonymous> (/opt/visual-studio-code/resources/app/extensions/git/dist/main.js:2:991008)
	at ChildProcess.emit (node:events:525:35)
	at ChildProcess._handle.onexit (node:internal/child_process:291:12)
2024-01-18 12:44:34.999 [error] Error: Git error
	at ChildProcess.<anonymous> (/opt/visual-studio-code/resources/app/extensions/git/dist/main.js:2:991008)
	at ChildProcess.emit (node:events:525:35)
	at ChildProcess._handle.onexit (node:internal/child_process:291:12)
2024-01-18 12:44:34.999 [error] Error: Git error
	at ChildProcess.<anonymous> (/opt/visual-studio-code/resources/app/extensions/git/dist/main.js:2:991008)
	at ChildProcess.emit (node:events:525:35)
	at ChildProcess._handle.onexit (node:internal/child_process:291:12)
2024-01-18 12:44:34.999 [error] Error: Git error
	at ChildProcess.<anonymous> (/opt/visual-studio-code/resources/app/extensions/git/dist/main.js:2:991008)
	at ChildProcess.emit (node:events:525:35)
	at ChildProcess._handle.onexit (node:internal/child_process:291:12)
2024-01-18 12:44:34.999 [error] Error: Git error
	at ChildProcess.<anonymous> (/opt/visual-studio-code/resources/app/extensions/git/dist/main.js:2:991008)
	at ChildProcess.emit (node:events:525:35)
	at ChildProcess._handle.onexit (node:internal/child_process:291:12)
2024-01-18 12:44:34.999 [error] Error: Git error
	at ChildProcess.<anonymous> (/opt/visual-studio-code/resources/app/extensions/git/dist/main.js:2:991008)
	at ChildProcess.emit (node:events:525:35)
	at ChildProcess._handle.onexit (node:internal/child_process:291:12)
2024-01-18 12:44:34.999 [error] Error: Git error
	at ChildProcess.<anonymous> (/opt/visual-studio-code/resources/app/extensions/git/dist/main.js:2:991008)
	at ChildProcess.emit (node:events:525:35)
	at ChildProcess._handle.onexit (node:internal/child_process:291:12)
2024-01-18 12:44:34.999 [error] Error: Git error
	at ChildProcess.<anonymous> (/opt/visual-studio-code/resources/app/extensions/git/dist/main.js:2:991008)
	at ChildProcess.emit (node:events:525:35)
	at ChildProcess._handle.onexit (node:internal/child_process:291:12)
2024-01-18 12:44:34.999 [error] Error: Git error
	at ChildProcess.<anonymous> (/opt/visual-studio-code/resources/app/extensions/git/dist/main.js:2:991008)
	at ChildProcess.emit (node:events:525:35)
	at ChildProcess._handle.onexit (node:internal/child_process:291:12)
2024-01-18 12:44:35.000 [error] Error: Git error
	at ChildProcess.<anonymous> (/opt/visual-studio-code/resources/app/extensions/git/dist/main.js:2:991008)
	at ChildProcess.emit (node:events:525:35)
	at ChildProcess._handle.onexit (node:internal/child_process:291:12)
2024-01-18 12:44:35.000 [error] Error: Git error
	at ChildProcess.<anonymous> (/opt/visual-studio-code/resources/app/extensions/git/dist/main.js:2:991008)
	at ChildProcess.emit (node:events:525:35)
	at ChildProcess._handle.onexit (node:internal/child_process:291:12)
2024-01-18 12:44:35.000 [error] Error: Git error
	at ChildProcess.<anonymous> (/opt/visual-studio-code/resources/app/extensions/git/dist/main.js:2:991008)
	at ChildProcess.emit (node:events:525:35)
	at ChildProcess._handle.onexit (node:internal/child_process:291:12)
2024-01-18 12:44:35.000 [error] Error: Git error
	at ChildProcess.<anonymous> (/opt/visual-studio-code/resources/app/extensions/git/dist/main.js:2:991008)
	at ChildProcess.emit (node:events:525:35)
	at ChildProcess._handle.onexit (node:internal/child_process:291:12)
2024-01-18 12:44:35.000 [error] Error: Git error
	at ChildProcess.<anonymous> (/opt/visual-studio-code/resources/app/extensions/git/dist/main.js:2:991008)
	at ChildProcess.emit (node:events:525:35)
	at ChildProcess._handle.onexit (node:internal/child_process:291:12)
2024-01-18 12:44:35.000 [error] Error: Git error
	at ChildProcess.<anonymous> (/opt/visual-studio-code/resources/app/extensions/git/dist/main.js:2:991008)
	at ChildProcess.emit (node:events:525:35)
	at ChildProcess._handle.onexit (node:internal/child_process:291:12)
2024-01-18 12:44:35.000 [error] Error: Git error
	at ChildProcess.<anonymous> (/opt/visual-studio-code/resources/app/extensions/git/dist/main.js:2:991008)
	at ChildProcess.emit (node:events:525:35)
	at ChildProcess._handle.onexit (node:internal/child_process:291:12)
2024-01-18 12:44:35.000 [error] Error: Git error
	at ChildProcess.<anonymous> (/opt/visual-studio-code/resources/app/extensions/git/dist/main.js:2:991008)
	at ChildProcess.emit (node:events:525:35)
	at ChildProcess._handle.onexit (node:internal/child_process:291:12)
2024-01-18 12:44:35.000 [error] Error: Git error
	at ChildProcess.<anonymous> (/opt/visual-studio-code/resources/app/extensions/git/dist/main.js:2:991008)
	at ChildProcess.emit (node:events:525:35)
	at ChildProcess._handle.onexit (node:internal/child_process:291:12)
2024-01-18 12:44:35.000 [error] Error: Git error
	at ChildProcess.<anonymous> (/opt/visual-studio-code/resources/app/extensions/git/dist/main.js:2:991008)
	at ChildProcess.emit (node:events:525:35)
	at ChildProcess._handle.onexit (node:internal/child_process:291:12)
2024-01-18 12:44:35.000 [error] Error: Git error
	at ChildProcess.<anonymous> (/opt/visual-studio-code/resources/app/extensions/git/dist/main.js:2:991008)
	at ChildProcess.emit (node:events:525:35)
	at ChildProcess._handle.onexit (node:internal/child_process:291:12)
2024-01-18 12:44:35.000 [error] Error: Git error
	at ChildProcess.<anonymous> (/opt/visual-studio-code/resources/app/extensions/git/dist/main.js:2:991008)
	at ChildProcess.emit (node:events:525:35)
	at ChildProcess._handle.onexit (node:internal/child_process:291:12)
2024-01-18 12:44:35.000 [error] Error: Git error
	at ChildProcess.<anonymous> (/opt/visual-studio-code/resources/app/extensions/git/dist/main.js:2:991008)
	at ChildProcess.emit (node:events:525:35)
	at ChildProcess._handle.onexit (node:internal/child_process:291:12)
2024-01-18 12:44:35.000 [error] Error: Git error
	at ChildProcess.<anonymous> (/opt/visual-studio-code/resources/app/extensions/git/dist/main.js:2:991008)
	at ChildProcess.emit (node:events:525:35)
	at ChildProcess._handle.onexit (node:internal/child_process:291:12)
2024-01-18 12:44:35.000 [error] Error: Git error
	at ChildProcess.<anonymous> (/opt/visual-studio-code/resources/app/extensions/git/dist/main.js:2:991008)
	at ChildProcess.emit (node:events:525:35)
	at ChildProcess._handle.onexit (node:internal/child_process:291:12)
2024-01-18 12:44:35.000 [error] Error: Git error
	at ChildProcess.<anonymous> (/opt/visual-studio-code/resources/app/extensions/git/dist/main.js:2:991008)
	at ChildProcess.emit (node:events:525:35)
	at ChildProcess._handle.onexit (node:internal/child_process:291:12)
2024-01-18 12:44:35.000 [error] Error: Git error
	at ChildProcess.<anonymous> (/opt/visual-studio-code/resources/app/extensions/git/dist/main.js:2:991008)
	at ChildProcess.emit (node:events:525:35)
	at ChildProcess._handle.onexit (node:internal/child_process:291:12)
2024-01-18 12:44:35.000 [error] Error: Git error
	at ChildProcess.<anonymous> (/opt/visual-studio-code/resources/app/extensions/git/dist/main.js:2:991008)
	at ChildProcess.emit (node:events:525:35)
	at ChildProcess._handle.onexit (node:internal/child_process:291:12)
2024-01-18 12:44:35.000 [error] Error: Git error
	at ChildProcess.<anonymous> (/opt/visual-studio-code/resources/app/extensions/git/dist/main.js:2:991008)
	at ChildProcess.emit (node:events:525:35)
	at ChildProcess._handle.onexit (node:internal/child_process:291:12)
2024-01-18 12:44:35.000 [error] Error: Git error
	at ChildProcess.<anonymous> (/opt/visual-studio-code/resources/app/extensions/git/dist/main.js:2:991008)
	at ChildProcess.emit (node:events:525:35)
	at ChildProcess._handle.onexit (node:internal/child_process:291:12)
2024-01-18 12:44:35.000 [error] Error: Git error
	at ChildProcess.<anonymous> (/opt/visual-studio-code/resources/app/extensions/git/dist/main.js:2:991008)
	at ChildProcess.emit (node:events:525:35)
	at ChildProcess._handle.onexit (node:internal/child_process:291:12)
2024-01-18 12:44:35.000 [error] Error: Git error
	at ChildProcess.<anonymous> (/opt/visual-studio-code/resources/app/extensions/git/dist/main.js:2:991008)
	at ChildProcess.emit (node:events:525:35)
	at ChildProcess._handle.onexit (node:internal/child_process:291:12)
2024-01-18 12:44:35.000 [error] Error: Git error
	at ChildProcess.<anonymous> (/opt/visual-studio-code/resources/app/extensions/git/dist/main.js:2:991008)
	at ChildProcess.emit (node:events:525:35)
	at ChildProcess._handle.onexit (node:internal/child_process:291:12)
2024-01-18 12:44:35.000 [error] Error: Git error
	at ChildProcess.<anonymous> (/opt/visual-studio-code/resources/app/extensions/git/dist/main.js:2:991008)
	at ChildProcess.emit (node:events:525:35)
	at ChildProcess._handle.onexit (node:internal/child_process:291:12)
2024-01-18 12:44:35.000 [error] Error: Git error
	at ChildProcess.<anonymous> (/opt/visual-studio-code/resources/app/extensions/git/dist/main.js:2:991008)
	at ChildProcess.emit (node:events:525:35)
	at ChildProcess._handle.onexit (node:internal/child_process:291:12)
2024-01-18 12:44:35.000 [error] Error: Git error
	at ChildProcess.<anonymous> (/opt/visual-studio-code/resources/app/extensions/git/dist/main.js:2:991008)
	at ChildProcess.emit (node:events:525:35)
	at ChildProcess._handle.onexit (node:internal/child_process:291:12)
2024-01-18 12:44:35.000 [error] Error: Git error
	at ChildProcess.<anonymous> (/opt/visual-studio-code/resources/app/extensions/git/dist/main.js:2:991008)
	at ChildProcess.emit (node:events:525:35)
	at ChildProcess._handle.onexit (node:internal/child_process:291:12)
2024-01-18 12:44:35.000 [error] Error: Git error
	at ChildProcess.<anonymous> (/opt/visual-studio-code/resources/app/extensions/git/dist/main.js:2:991008)
	at ChildProcess.emit (node:events:525:35)
	at ChildProcess._handle.onexit (node:internal/child_process:291:12)
2024-01-18 12:44:35.000 [error] Error: Git error
	at ChildProcess.<anonymous> (/opt/visual-studio-code/resources/app/extensions/git/dist/main.js:2:991008)
	at ChildProcess.emit (node:events:525:35)
	at ChildProcess._handle.onexit (node:internal/child_process:291:12)
2024-01-18 12:44:35.000 [error] Error: Git error
	at ChildProcess.<anonymous> (/opt/visual-studio-code/resources/app/extensions/git/dist/main.js:2:991008)
	at ChildProcess.emit (node:events:525:35)
	at ChildProcess._handle.onexit (node:internal/child_process:291:12)
2024-01-18 12:44:35.000 [error] Error: Git error
	at ChildProcess.<anonymous> (/opt/visual-studio-code/resources/app/extensions/git/dist/main.js:2:991008)
	at ChildProcess.emit (node:events:525:35)
	at ChildProcess._handle.onexit (node:internal/child_process:291:12)
2024-01-18 12:44:35.000 [error] Error: Git error
	at ChildProcess.<anonymous> (/opt/visual-studio-code/resources/app/extensions/git/dist/main.js:2:991008)
	at ChildProcess.emit (node:events:525:35)
	at ChildProcess._handle.onexit (node:internal/child_process:291:12)
2024-01-18 12:44:35.000 [error] Error: Git error
	at ChildProcess.<anonymous> (/opt/visual-studio-code/resources/app/extensions/git/dist/main.js:2:991008)
	at ChildProcess.emit (node:events:525:35)
	at ChildProcess._handle.onexit (node:internal/child_process:291:12)
2024-01-18 12:44:35.000 [error] Error: Git error
	at ChildProcess.<anonymous> (/opt/visual-studio-code/resources/app/extensions/git/dist/main.js:2:991008)
	at ChildProcess.emit (node:events:525:35)
	at ChildProcess._handle.onexit (node:internal/child_process:291:12)
2024-01-18 12:44:35.000 [error] Error: Git error
	at ChildProcess.<anonymous> (/opt/visual-studio-code/resources/app/extensions/git/dist/main.js:2:991008)
	at ChildProcess.emit (node:events:525:35)
	at ChildProcess._handle.onexit (node:internal/child_process:291:12)
2024-01-18 12:44:35.000 [error] Error: Git error
	at ChildProcess.<anonymous> (/opt/visual-studio-code/resources/app/extensions/git/dist/main.js:2:991008)
	at ChildProcess.emit (node:events:525:35)
	at ChildProcess._handle.onexit (node:internal/child_process:291:12)
2024-01-18 12:44:35.000 [error] Error: Git error
	at ChildProcess.<anonymous> (/opt/visual-studio-code/resources/app/extensions/git/dist/main.js:2:991008)
	at ChildProcess.emit (node:events:525:35)
	at ChildProcess._handle.onexit (node:internal/child_process:291:12)
2024-01-18 12:44:35.000 [error] Error: Git error
	at ChildProcess.<anonymous> (/opt/visual-studio-code/resources/app/extensions/git/dist/main.js:2:991008)
	at ChildProcess.emit (node:events:525:35)
	at ChildProcess._handle.onexit (node:internal/child_process:291:12)
2024-01-18 12:44:35.000 [error] Error: Git error
	at ChildProcess.<anonymous> (/opt/visual-studio-code/resources/app/extensions/git/dist/main.js:2:991008)
	at ChildProcess.emit (node:events:525:35)
	at ChildProcess._handle.onexit (node:internal/child_process:291:12)
2024-01-18 12:44:35.000 [error] Error: Git error
	at ChildProcess.<anonymous> (/opt/visual-studio-code/resources/app/extensions/git/dist/main.js:2:991008)
	at ChildProcess.emit (node:events:525:35)
	at ChildProcess._handle.onexit (node:internal/child_process:291:12)
2024-01-18 12:44:35.000 [error] Error: Git error
	at ChildProcess.<anonymous> (/opt/visual-studio-code/resources/app/extensions/git/dist/main.js:2:991008)
	at ChildProcess.emit (node:events:525:35)
	at ChildProcess._handle.onexit (node:internal/child_process:291:12)
2024-01-18 12:44:35.000 [error] Error: Git error
	at ChildProcess.<anonymous> (/opt/visual-studio-code/resources/app/extensions/git/dist/main.js:2:991008)
	at ChildProcess.emit (node:events:525:35)
	at ChildProcess._handle.onexit (node:internal/child_process:291:12)
2024-01-18 12:44:35.000 [error] Error: Git error
	at ChildProcess.<anonymous> (/opt/visual-studio-code/resources/app/extensions/git/dist/main.js:2:991008)
	at ChildProcess.emit (node:events:525:35)
	at ChildProcess._handle.onexit (node:internal/child_process:291:12)
2024-01-18 12:44:35.000 [error] Error: Git error
	at ChildProcess.<anonymous> (/opt/visual-studio-code/resources/app/extensions/git/dist/main.js:2:991008)
	at ChildProcess.emit (node:events:525:35)
	at ChildProcess._handle.onexit (node:internal/child_process:291:12)
2024-01-18 12:44:35.000 [error] Error: Git error
	at ChildProcess.<anonymous> (/opt/visual-studio-code/resources/app/extensions/git/dist/main.js:2:991008)
	at ChildProcess.emit (node:events:525:35)
	at ChildProcess._handle.onexit (node:internal/child_process:291:12)
2024-01-18 12:44:35.000 [error] Error: Git error
	at ChildProcess.<anonymous> (/opt/visual-studio-code/resources/app/extensions/git/dist/main.js:2:991008)
	at ChildProcess.emit (node:events:525:35)
	at ChildProcess._handle.onexit (node:internal/child_process:291:12)
2024-01-18 12:44:35.000 [error] Error: Git error
	at ChildProcess.<anonymous> (/opt/visual-studio-code/resources/app/extensions/git/dist/main.js:2:991008)
	at ChildProcess.emit (node:events:525:35)
	at ChildProcess._handle.onexit (node:internal/child_process:291:12)
2024-01-18 12:44:35.000 [error] Error: Git error
	at ChildProcess.<anonymous> (/opt/visual-studio-code/resources/app/extensions/git/dist/main.js:2:991008)
	at ChildProcess.emit (node:events:525:35)
	at ChildProcess._handle.onexit (node:internal/child_process:291:12)
2024-01-18 12:44:35.000 [error] Error: Git error
	at ChildProcess.<anonymous> (/opt/visual-studio-code/resources/app/extensions/git/dist/main.js:2:991008)
	at ChildProcess.emit (node:events:525:35)
	at ChildProcess._handle.onexit (node:internal/child_process:291:12)
2024-01-18 12:44:35.000 [error] Error: Git error
	at ChildProcess.<anonymous> (/opt/visual-studio-code/resources/app/extensions/git/dist/main.js:2:991008)
	at ChildProcess.emit (node:events:525:35)
	at ChildProcess._handle.onexit (node:internal/child_process:291:12)
2024-01-18 12:44:35.000 [error] Error: Git error
	at ChildProcess.<anonymous> (/opt/visual-studio-code/resources/app/extensions/git/dist/main.js:2:991008)
	at ChildProcess.emit (node:events:525:35)
	at ChildProcess._handle.onexit (node:internal/child_process:291:12)
2024-01-18 12:44:35.000 [error] Error: Git error
	at ChildProcess.<anonymous> (/opt/visual-studio-code/resources/app/extensions/git/dist/main.js:2:991008)
	at ChildProcess.emit (node:events:525:35)
	at ChildProcess._handle.onexit (node:internal/child_process:291:12)
2024-01-18 12:44:35.000 [error] Error: Git error
	at ChildProcess.<anonymous> (/opt/visual-studio-code/resources/app/extensions/git/dist/main.js:2:991008)
	at ChildProcess.emit (node:events:525:35)
	at ChildProcess._handle.onexit (node:internal/child_process:291:12)
2024-01-18 12:44:35.000 [error] Error: Git error
	at ChildProcess.<anonymous> (/opt/visual-studio-code/resources/app/extensions/git/dist/main.js:2:991008)
	at ChildProcess.emit (node:events:525:35)
	at ChildProcess._handle.onexit (node:internal/child_process:291:12)
2024-01-18 12:44:35.000 [error] Error: Git error
	at ChildProcess.<anonymous> (/opt/visual-studio-code/resources/app/extensions/git/dist/main.js:2:991008)
	at ChildProcess.emit (node:events:525:35)
	at ChildProcess._handle.onexit (node:internal/child_process:291:12)
2024-01-18 12:44:35.000 [error] Error: Git error
	at ChildProcess.<anonymous> (/opt/visual-studio-code/resources/app/extensions/git/dist/main.js:2:991008)
	at ChildProcess.emit (node:events:525:35)
	at ChildProcess._handle.onexit (node:internal/child_process:291:12)
2024-01-18 12:44:35.000 [error] Error: Git error
	at ChildProcess.<anonymous> (/opt/visual-studio-code/resources/app/extensions/git/dist/main.js:2:991008)
	at ChildProcess.emit (node:events:525:35)
	at ChildProcess._handle.onexit (node:internal/child_process:291:12)
2024-01-18 12:44:35.000 [error] Error: Git error
	at ChildProcess.<anonymous> (/opt/visual-studio-code/resources/app/extensions/git/dist/main.js:2:991008)
	at ChildProcess.emit (node:events:525:35)
	at ChildProcess._handle.onexit (node:internal/child_process:291:12)
2024-01-18 12:44:35.006 [info] ExtensionService#_doActivateExtension vscode.github-authentication, startup: false, activationEvent: 'onAuthenticationRequest:github'
2024-01-18 12:44:36.005 [error] Error: Git error
	at ChildProcess.<anonymous> (/opt/visual-studio-code/resources/app/extensions/git/dist/main.js:2:991008)
	at ChildProcess.emit (node:events:525:35)
	at ChildProcess._handle.onexit (node:internal/child_process:291:12)
2024-01-18 12:44:36.008 [error] Error: Git error
	at ChildProcess.<anonymous> (/opt/visual-studio-code/resources/app/extensions/git/dist/main.js:2:991008)
	at ChildProcess.emit (node:events:525:35)
	at ChildProcess._handle.onexit (node:internal/child_process:291:12)
2024-01-18 12:44:36.010 [error] Error: Git error
	at ChildProcess.<anonymous> (/opt/visual-studio-code/resources/app/extensions/git/dist/main.js:2:991008)
	at ChildProcess.emit (node:events:525:35)
	at ChildProcess._handle.onexit (node:internal/child_process:291:12)
2024-01-18 12:44:36.011 [error] Error: Git error
	at ChildProcess.<anonymous> (/opt/visual-studio-code/resources/app/extensions/git/dist/main.js:2:991008)
	at ChildProcess.emit (node:events:525:35)
	at ChildProcess._handle.onexit (node:internal/child_process:291:12)
2024-01-18 12:44:36.011 [error] Error: Git error
	at ChildProcess.<anonymous> (/opt/visual-studio-code/resources/app/extensions/git/dist/main.js:2:991008)
	at ChildProcess.emit (node:events:525:35)
	at ChildProcess._handle.onexit (node:internal/child_process:291:12)
2024-01-18 12:44:36.014 [error] Error: Git error
	at ChildProcess.<anonymous> (/opt/visual-studio-code/resources/app/extensions/git/dist/main.js:2:991008)
	at ChildProcess.emit (node:events:525:35)
	at ChildProcess._handle.onexit (node:internal/child_process:291:12)
2024-01-18 12:44:36.016 [error] Error: Git error
	at ChildProcess.<anonymous> (/opt/visual-studio-code/resources/app/extensions/git/dist/main.js:2:991008)
	at ChildProcess.emit (node:events:525:35)
	at ChildProcess._handle.onexit (node:internal/child_process:291:12)
2024-01-18 12:44:36.018 [error] Error: Git error
	at ChildProcess.<anonymous> (/opt/visual-studio-code/resources/app/extensions/git/dist/main.js:2:991008)
	at ChildProcess.emit (node:events:525:35)
	at ChildProcess._handle.onexit (node:internal/child_process:291:12)
2024-01-18 12:44:36.020 [error] Error: Git error
	at ChildProcess.<anonymous> (/opt/visual-studio-code/resources/app/extensions/git/dist/main.js:2:991008)
	at ChildProcess.emit (node:events:525:35)
	at ChildProcess._handle.onexit (node:internal/child_process:291:12)
2024-01-18 12:44:36.021 [error] Error: Git error
	at ChildProcess.<anonymous> (/opt/visual-studio-code/resources/app/extensions/git/dist/main.js:2:991008)
	at ChildProcess.emit (node:events:525:35)
	at ChildProcess._handle.onexit (node:internal/child_process:291:12)
2024-01-18 12:44:36.022 [error] Error: Git error
	at ChildProcess.<anonymous> (/opt/visual-studio-code/resources/app/extensions/git/dist/main.js:2:991008)
	at ChildProcess.emit (node:events:525:35)
	at ChildProcess._handle.onexit (node:internal/child_process:291:12)
2024-01-18 12:44:36.024 [error] Error: Git error
	at ChildProcess.<anonymous> (/opt/visual-studio-code/resources/app/extensions/git/dist/main.js:2:991008)
	at ChildProcess.emit (node:events:525:35)
	at ChildProcess._handle.onexit (node:internal/child_process:291:12)
2024-01-18 12:44:36.026 [error] Error: Git error
	at ChildProcess.<anonymous> (/opt/visual-studio-code/resources/app/extensions/git/dist/main.js:2:991008)
	at ChildProcess.emit (node:events:525:35)
	at ChildProcess._handle.onexit (node:internal/child_process:291:12)
2024-01-18 12:44:36.027 [error] Error: Git error
	at ChildProcess.<anonymous> (/opt/visual-studio-code/resources/app/extensions/git/dist/main.js:2:991008)
	at ChildProcess.emit (node:events:525:35)
	at ChildProcess._handle.onexit (node:internal/child_process:291:12)
2024-01-18 12:44:36.033 [error] Error: Git error
	at ChildProcess.<anonymous> (/opt/visual-studio-code/resources/app/extensions/git/dist/main.js:2:991008)
	at ChildProcess.emit (node:events:525:35)
	at ChildProcess._handle.onexit (node:internal/child_process:291:12)
2024-01-18 12:44:36.036 [error] Error: Git error
	at ChildProcess.<anonymous> (/opt/visual-studio-code/resources/app/extensions/git/dist/main.js:2:991008)
	at ChildProcess.emit (node:events:525:35)
	at ChildProcess._handle.onexit (node:internal/child_process:291:12)
2024-01-18 12:44:36.039 [error] Error: Git error
	at ChildProcess.<anonymous> (/opt/visual-studio-code/resources/app/extensions/git/dist/main.js:2:991008)
	at ChildProcess.emit (node:events:525:35)
	at ChildProcess._handle.onexit (node:internal/child_process:291:12)
2024-01-18 12:44:36.041 [error] Error: Git error
	at ChildProcess.<anonymous> (/opt/visual-studio-code/resources/app/extensions/git/dist/main.js:2:991008)
	at ChildProcess.emit (node:events:525:35)
	at ChildProcess._handle.onexit (node:internal/child_process:291:12)
2024-01-18 12:44:36.041 [error] Error: Git error
	at ChildProcess.<anonymous> (/opt/visual-studio-code/resources/app/extensions/git/dist/main.js:2:991008)
	at ChildProcess.emit (node:events:525:35)
	at ChildProcess._handle.onexit (node:internal/child_process:291:12)
2024-01-18 12:44:36.042 [error] Error: Git error
	at ChildProcess.<anonymous> (/opt/visual-studio-code/resources/app/extensions/git/dist/main.js:2:991008)
	at ChildProcess.emit (node:events:525:35)
	at ChildProcess._handle.onexit (node:internal/child_process:291:12)
2024-01-18 12:44:36.045 [error] Error: Git error
	at ChildProcess.<anonymous> (/opt/visual-studio-code/resources/app/extensions/git/dist/main.js:2:991008)
	at ChildProcess.emit (node:events:525:35)
	at ChildProcess._handle.onexit (node:internal/child_process:291:12)
2024-01-18 12:44:36.045 [error] Error: Git error
	at ChildProcess.<anonymous> (/opt/visual-studio-code/resources/app/extensions/git/dist/main.js:2:991008)
	at ChildProcess.emit (node:events:525:35)
	at ChildProcess._handle.onexit (node:internal/child_process:291:12)
2024-01-18 12:44:36.046 [error] Error: Git error
	at ChildProcess.<anonymous> (/opt/visual-studio-code/resources/app/extensions/git/dist/main.js:2:991008)
	at ChildProcess.emit (node:events:525:35)
	at ChildProcess._handle.onexit (node:internal/child_process:291:12)
2024-01-18 12:44:36.046 [error] Error: Git error
	at ChildProcess.<anonymous> (/opt/visual-studio-code/resources/app/extensions/git/dist/main.js:2:991008)
	at ChildProcess.emit (node:events:525:35)
	at ChildProcess._handle.onexit (node:internal/child_process:291:12)
2024-01-18 12:44:36.049 [error] Error: Git error
	at ChildProcess.<anonymous> (/opt/visual-studio-code/resources/app/extensions/git/dist/main.js:2:991008)
	at ChildProcess.emit (node:events:525:35)
	at ChildProcess._handle.onexit (node:internal/child_process:291:12)
2024-01-18 12:44:36.051 [error] Error: Git error
	at ChildProcess.<anonymous> (/opt/visual-studio-code/resources/app/extensions/git/dist/main.js:2:991008)
	at ChildProcess.emit (node:events:525:35)
	at ChildProcess._handle.onexit (node:internal/child_process:291:12)
2024-01-18 12:44:36.052 [error] Error: Git error
	at ChildProcess.<anonymous> (/opt/visual-studio-code/resources/app/extensions/git/dist/main.js:2:991008)
	at ChildProcess.emit (node:events:525:35)
	at ChildProcess._handle.onexit (node:internal/child_process:291:12)
2024-01-18 12:44:36.053 [error] Error: Git error
	at ChildProcess.<anonymous> (/opt/visual-studio-code/resources/app/extensions/git/dist/main.js:2:991008)
	at ChildProcess.emit (node:events:525:35)
	at ChildProcess._handle.onexit (node:internal/child_process:291:12)
2024-01-18 12:44:36.054 [error] Error: Git error
	at ChildProcess.<anonymous> (/opt/visual-studio-code/resources/app/extensions/git/dist/main.js:2:991008)
	at ChildProcess.emit (node:events:525:35)
	at ChildProcess._handle.onexit (node:internal/child_process:291:12)
2024-01-18 12:44:36.055 [error] Error: Git error
	at ChildProcess.<anonymous> (/opt/visual-studio-code/resources/app/extensions/git/dist/main.js:2:991008)
	at ChildProcess.emit (node:events:525:35)
	at ChildProcess._handle.onexit (node:internal/child_process:291:12)
2024-01-18 12:44:36.057 [error] Error: Git error
	at ChildProcess.<anonymous> (/opt/visual-studio-code/resources/app/extensions/git/dist/main.js:2:991008)
	at ChildProcess.emit (node:events:525:35)
	at ChildProcess._handle.onexit (node:internal/child_process:291:12)
2024-01-18 12:44:36.058 [error] Error: Git error
	at ChildProcess.<anonymous> (/opt/visual-studio-code/resources/app/extensions/git/dist/main.js:2:991008)
	at ChildProcess.emit (node:events:525:35)
	at ChildProcess._handle.onexit (node:internal/child_process:291:12)
2024-01-18 12:44:36.059 [error] Error: Git error
	at ChildProcess.<anonymous> (/opt/visual-studio-code/resources/app/extensions/git/dist/main.js:2:991008)
	at ChildProcess.emit (node:events:525:35)
	at ChildProcess._handle.onexit (node:internal/child_process:291:12)
2024-01-18 12:44:36.060 [error] Error: Git error
	at ChildProcess.<anonymous> (/opt/visual-studio-code/resources/app/extensions/git/dist/main.js:2:991008)
	at ChildProcess.emit (node:events:525:35)
	at ChildProcess._handle.onexit (node:internal/child_process:291:12)
2024-01-18 12:44:36.062 [error] Error: Git error
	at ChildProcess.<anonymous> (/opt/visual-studio-code/resources/app/extensions/git/dist/main.js:2:991008)
	at ChildProcess.emit (node:events:525:35)
	at ChildProcess._handle.onexit (node:internal/child_process:291:12)
2024-01-18 12:44:36.062 [error] Error: Git error
	at ChildProcess.<anonymous> (/opt/visual-studio-code/resources/app/extensions/git/dist/main.js:2:991008)
	at ChildProcess.emit (node:events:525:35)
	at ChildProcess._handle.onexit (node:internal/child_process:291:12)
2024-01-18 12:44:36.063 [error] Error: Git error
	at ChildProcess.<anonymous> (/opt/visual-studio-code/resources/app/extensions/git/dist/main.js:2:991008)
	at ChildProcess.emit (node:events:525:35)
	at ChildProcess._handle.onexit (node:internal/child_process:291:12)
2024-01-18 12:44:36.066 [error] Error: Git error
	at ChildProcess.<anonymous> (/opt/visual-studio-code/resources/app/extensions/git/dist/main.js:2:991008)
	at ChildProcess.emit (node:events:525:35)
	at ChildProcess._handle.onexit (node:internal/child_process:291:12)
2024-01-18 12:44:36.068 [error] Error: Git error
	at ChildProcess.<anonymous> (/opt/visual-studio-code/resources/app/extensions/git/dist/main.js:2:991008)
	at ChildProcess.emit (node:events:525:35)
	at ChildProcess._handle.onexit (node:internal/child_process:291:12)
2024-01-18 12:44:36.070 [error] Error: Git error
	at ChildProcess.<anonymous> (/opt/visual-studio-code/resources/app/extensions/git/dist/main.js:2:991008)
	at ChildProcess.emit (node:events:525:35)
	at ChildProcess._handle.onexit (node:internal/child_process:291:12)
2024-01-18 12:44:36.071 [error] Error: Git error
	at ChildProcess.<anonymous> (/opt/visual-studio-code/resources/app/extensions/git/dist/main.js:2:991008)
	at ChildProcess.emit (node:events:525:35)
	at ChildProcess._handle.onexit (node:internal/child_process:291:12)
2024-01-18 12:44:36.073 [error] Error: Git error
	at ChildProcess.<anonymous> (/opt/visual-studio-code/resources/app/extensions/git/dist/main.js:2:991008)
	at ChildProcess.emit (node:events:525:35)
	at ChildProcess._handle.onexit (node:internal/child_process:291:12)
