2024-01-11 14:59:39.676 [info] Extension host with pid 21242 started
2024-01-11 14:59:39.676 [info] Skipping acquiring lock for /home/mahin/.config/Code/User/workspaceStorage/0189459d407acd98e7c3b3bb62af50e0.
2024-01-11 14:59:40.343 [info] ExtensionService#_doActivateExtension vscode.emmet, startup: false, activationEvent: 'onLanguage'
2024-01-11 14:59:40.371 [info] ExtensionService#_doActivateExtension foxundermoon.shell-format, startup: false, activationEvent: 'onLanguage:shellscript'
2024-01-11 14:59:40.989 [info] ExtensionService#_doActivateExtension vscode.git-base, startup: true, activationEvent: '*', root cause: vscode.git
2024-01-11 14:59:41.003 [info] ExtensionService#_doActivateExtension formulahendry.auto-rename-tag, startup: true, activationEvent: '*'
2024-01-11 14:59:41.296 [info] ExtensionService#_doActivateExtension vscode.git, startup: true, activationEvent: '*'
2024-01-11 14:59:41.376 [info] ExtensionService#_doActivateExtension vscode.github, startup: true, activationEvent: '*'
2024-01-11 14:59:41.764 [info] Eager extensions activated
2024-01-11 14:59:41.892 [info] ExtensionService#_doActivateExtension vscode.debug-auto-launch, startup: false, activationEvent: 'onStartupFinished'
2024-01-11 14:59:41.899 [info] ExtensionService#_doActivateExtension vscode.merge-conflict, startup: false, activationEvent: 'onStartupFinished'
2024-01-11 14:59:41.916 [info] ExtensionService#_doActivateExtension aaron-bond.better-comments, startup: false, activationEvent: 'onStartupFinished'
2024-01-11 14:59:41.958 [info] ExtensionService#_doActivateExtension bradlc.vscode-tailwindcss, startup: false, activationEvent: 'onStartupFinished'
2024-01-11 14:59:42.015 [info] ExtensionService#_doActivateExtension PKief.material-icon-theme, startup: false, activationEvent: 'onStartupFinished'
2024-01-11 14:59:42.284 [info] ExtensionService#_doActivateExtension vscode.github-authentication, startup: false, activationEvent: 'onAuthenticationRequest:github'
2024-01-11 15:00:23.234 [info] Extension host terminating: renderer closed the MessagePort
2024-01-11 15:00:23.306 [error] Canceled: Canceled
    at new g (/usr/share/code/resources/app/out/vs/workbench/api/node/extensionHostProcess.js:141:110274)
    at l.U (/usr/share/code/resources/app/out/vs/workbench/api/node/extensionHostProcess.js:150:10866)
    at Proxy.P.<computed>.j.charCodeAt.P.<computed> (/usr/share/code/resources/app/out/vs/workbench/api/node/extensionHostProcess.js:150:8317)
    at d.g (/usr/share/code/resources/app/out/vs/workbench/api/node/extensionHostProcess.js:141:139555)
    at d.executeCommand (/usr/share/code/resources/app/out/vs/workbench/api/node/extensionHostProcess.js:141:138993)
    at p.registerCommand.description (/usr/share/code/resources/app/out/vs/workbench/api/node/extensionHostProcess.js:141:138317)
    at d.h (/usr/share/code/resources/app/out/vs/workbench/api/node/extensionHostProcess.js:141:140094)
    at d.g (/usr/share/code/resources/app/out/vs/workbench/api/node/extensionHostProcess.js:141:139086)
    at d.executeCommand (/usr/share/code/resources/app/out/vs/workbench/api/node/extensionHostProcess.js:141:138993)
    at Object.executeCommand (/usr/share/code/resources/app/out/vs/workbench/api/node/extensionHostProcess.js:158:21333)
    at f.I [as value] (/usr/share/code/resources/app/extensions/git/dist/main.js:2:924696)
    at n.y (/usr/share/code/resources/app/out/vs/workbench/api/node/extensionHostProcess.js:80:1902)
    at n.z (/usr/share/code/resources/app/out/vs/workbench/api/node/extensionHostProcess.js:80:1972)
    at n.fire (/usr/share/code/resources/app/out/vs/workbench/api/node/extensionHostProcess.js:80:2188)
    at Object.m [as dispose] (/usr/share/code/resources/app/extensions/git/dist/main.js:2:940613)
    at /usr/share/code/resources/app/extensions/git/dist/main.js:2:945566
    at Array.forEach (<anonymous>)
    at p.dispose (/usr/share/code/resources/app/extensions/git/dist/main.js:2:945552)
    at u.<anonymous> (/usr/share/code/resources/app/out/vs/workbench/api/node/extensionHostProcess.js:137:3620)
    at u.dispose (/usr/share/code/resources/app/out/vs/workbench/api/node/extensionHostProcess.js:137:3717)
    at u.<anonymous> (/usr/share/code/resources/app/extensions/git/dist/main.js:2:926708)
    at u.dispose (/usr/share/code/resources/app/out/vs/workbench/api/node/extensionHostProcess.js:137:3717)
    at s (/usr/share/code/resources/app/out/vs/workbench/api/node/extensionHostProcess.js:30:754)
    at f.cb (/usr/share/code/resources/app/out/vs/workbench/api/node/extensionHostProcess.js:154:9873)
    at /usr/share/code/resources/app/out/vs/workbench/api/node/extensionHostProcess.js:154:7808
    at Array.map (<anonymous>)
    at f.Y (/usr/share/code/resources/app/out/vs/workbench/api/node/extensionHostProcess.js:154:7795)
    at f.terminate (/usr/share/code/resources/app/out/vs/workbench/api/node/extensionHostProcess.js:154:8068)
    at s.terminate (/usr/share/code/resources/app/out/vs/workbench/api/node/extensionHostProcess.js:158:1513)
    at a (/usr/share/code/resources/app/out/vs/workbench/api/node/extensionHostProcess.js:171:9802)
    at MessagePortMain.<anonymous> (/usr/share/code/resources/app/out/vs/workbench/api/node/extensionHostProcess.js:171:6227)
    at MessagePortMain.emit (node:events:513:28)
    at Object.MessagePortMain._internalPort.emit (node:electron/js2c/utility_init:2:367) setContext undefined
2024-01-11 15:00:23.312 [error] Canceled: Canceled
    at new g (/usr/share/code/resources/app/out/vs/workbench/api/node/extensionHostProcess.js:141:110274)
    at l.U (/usr/share/code/resources/app/out/vs/workbench/api/node/extensionHostProcess.js:150:10866)
    at Proxy.P.<computed>.j.charCodeAt.P.<computed> (/usr/share/code/resources/app/out/vs/workbench/api/node/extensionHostProcess.js:150:8317)
    at d.g (/usr/share/code/resources/app/out/vs/workbench/api/node/extensionHostProcess.js:141:139555)
    at d.executeCommand (/usr/share/code/resources/app/out/vs/workbench/api/node/extensionHostProcess.js:141:138993)
    at p.registerCommand.description (/usr/share/code/resources/app/out/vs/workbench/api/node/extensionHostProcess.js:141:138317)
    at d.h (/usr/share/code/resources/app/out/vs/workbench/api/node/extensionHostProcess.js:141:140094)
    at d.g (/usr/share/code/resources/app/out/vs/workbench/api/node/extensionHostProcess.js:141:139086)
    at d.executeCommand (/usr/share/code/resources/app/out/vs/workbench/api/node/extensionHostProcess.js:141:138993)
    at Object.executeCommand (/usr/share/code/resources/app/out/vs/workbench/api/node/extensionHostProcess.js:158:21333)
    at a.$D.set b [as b] (/usr/share/code/resources/app/extensions/github/dist/extension.js:2:322364)
    at /usr/share/code/resources/app/extensions/github/dist/extension.js:2:323005
    at f.value (/usr/share/code/resources/app/extensions/git/dist/main.js:2:1016450)
    at n.y (/usr/share/code/resources/app/out/vs/workbench/api/node/extensionHostProcess.js:80:1902)
    at n.z (/usr/share/code/resources/app/out/vs/workbench/api/node/extensionHostProcess.js:80:1972)
    at n.fire (/usr/share/code/resources/app/out/vs/workbench/api/node/extensionHostProcess.js:80:2188)
    at Object.m [as dispose] (/usr/share/code/resources/app/extensions/git/dist/main.js:2:940613)
    at /usr/share/code/resources/app/extensions/git/dist/main.js:2:945566
    at Array.forEach (<anonymous>)
    at p.dispose (/usr/share/code/resources/app/extensions/git/dist/main.js:2:945552)
    at u.<anonymous> (/usr/share/code/resources/app/out/vs/workbench/api/node/extensionHostProcess.js:137:3620)
    at u.dispose (/usr/share/code/resources/app/out/vs/workbench/api/node/extensionHostProcess.js:137:3717)
    at u.<anonymous> (/usr/share/code/resources/app/extensions/git/dist/main.js:2:926708)
    at u.dispose (/usr/share/code/resources/app/out/vs/workbench/api/node/extensionHostProcess.js:137:3717)
    at s (/usr/share/code/resources/app/out/vs/workbench/api/node/extensionHostProcess.js:30:754)
    at f.cb (/usr/share/code/resources/app/out/vs/workbench/api/node/extensionHostProcess.js:154:9873)
    at /usr/share/code/resources/app/out/vs/workbench/api/node/extensionHostProcess.js:154:7808
    at Array.map (<anonymous>)
    at f.Y (/usr/share/code/resources/app/out/vs/workbench/api/node/extensionHostProcess.js:154:7795)
    at f.terminate (/usr/share/code/resources/app/out/vs/workbench/api/node/extensionHostProcess.js:154:8068)
    at s.terminate (/usr/share/code/resources/app/out/vs/workbench/api/node/extensionHostProcess.js:158:1513)
    at a (/usr/share/code/resources/app/out/vs/workbench/api/node/extensionHostProcess.js:171:9802)
    at MessagePortMain.<anonymous> (/usr/share/code/resources/app/out/vs/workbench/api/node/extensionHostProcess.js:171:6227)
    at MessagePortMain.emit (node:events:513:28)
    at Object.MessagePortMain._internalPort.emit (node:electron/js2c/utility_init:2:367) setContext undefined
2024-01-11 15:00:23.313 [info] Extension host with pid 21242 exiting with code 0
2024-01-11 15:00:24.821 [info] Extension host with pid 21508 started
2024-01-11 15:00:24.946 [info] ExtensionService#_doActivateExtension vscode.git-base, startup: true, activationEvent: '*', root cause: vscode.git
2024-01-11 15:00:24.951 [info] ExtensionService#_doActivateExtension formulahendry.auto-rename-tag, startup: true, activationEvent: '*'
2024-01-11 15:00:25.007 [info] ExtensionService#_doActivateExtension vscode.git, startup: true, activationEvent: '*'
2024-01-11 15:00:25.053 [info] ExtensionService#_doActivateExtension vscode.github, startup: true, activationEvent: '*'
2024-01-11 15:00:25.457 [info] Eager extensions activated
2024-01-11 15:00:25.459 [info] ExtensionService#_doActivateExtension vscode.debug-auto-launch, startup: false, activationEvent: 'onStartupFinished'
2024-01-11 15:00:25.464 [info] ExtensionService#_doActivateExtension vscode.merge-conflict, startup: false, activationEvent: 'onStartupFinished'
2024-01-11 15:00:25.477 [info] ExtensionService#_doActivateExtension aaron-bond.better-comments, startup: false, activationEvent: 'onStartupFinished'
2024-01-11 15:00:25.485 [info] ExtensionService#_doActivateExtension bradlc.vscode-tailwindcss, startup: false, activationEvent: 'onStartupFinished'
2024-01-11 15:00:25.524 [info] ExtensionService#_doActivateExtension PKief.material-icon-theme, startup: false, activationEvent: 'onStartupFinished'
2024-01-11 15:00:32.952 [info] Extension host terminating: renderer closed the MessagePort
2024-01-11 15:00:33.004 [info] Extension host with pid 21508 exiting with code 0
2024-01-11 15:00:34.619 [info] Extension host with pid 21576 started
2024-01-11 15:00:34.619 [info] Skipping acquiring lock for /home/mahin/.config/Code/User/workspaceStorage/bc3c8262304b680388e10362ad735650.
2024-01-11 15:00:34.759 [info] ExtensionService#_doActivateExtension vscode.emmet, startup: false, activationEvent: 'onLanguage'
2024-01-11 15:00:34.774 [info] ExtensionService#_doActivateExtension foxundermoon.shell-format, startup: false, activationEvent: 'onLanguage:shellscript'
2024-01-11 15:00:35.316 [info] ExtensionService#_doActivateExtension vscode.git-base, startup: true, activationEvent: '*', root cause: vscode.git
2024-01-11 15:00:35.324 [info] ExtensionService#_doActivateExtension formulahendry.auto-rename-tag, startup: true, activationEvent: '*'
2024-01-11 15:00:35.492 [info] ExtensionService#_doActivateExtension vscode.git, startup: true, activationEvent: '*'
2024-01-11 15:00:35.572 [info] ExtensionService#_doActivateExtension vscode.github, startup: true, activationEvent: '*'
2024-01-11 15:00:36.029 [info] Eager extensions activated
2024-01-11 15:00:36.070 [info] ExtensionService#_doActivateExtension vscode.debug-auto-launch, startup: false, activationEvent: 'onStartupFinished'
2024-01-11 15:00:36.073 [info] ExtensionService#_doActivateExtension vscode.merge-conflict, startup: false, activationEvent: 'onStartupFinished'
2024-01-11 15:00:36.090 [info] ExtensionService#_doActivateExtension aaron-bond.better-comments, startup: false, activationEvent: 'onStartupFinished'
2024-01-11 15:00:36.107 [info] ExtensionService#_doActivateExtension bradlc.vscode-tailwindcss, startup: false, activationEvent: 'onStartupFinished'
2024-01-11 15:00:36.145 [info] ExtensionService#_doActivateExtension PKief.material-icon-theme, startup: false, activationEvent: 'onStartupFinished'
2024-01-11 15:03:57.543 [info] ExtensionService#_doActivateExtension vscode.github-authentication, startup: false, activationEvent: 'onAuthenticationRequest:github'
2024-01-11 15:04:59.867 [info] Extension host terminating: renderer closed the MessagePort
2024-01-11 15:04:59.912 [error] Canceled: Canceled
    at new g (/usr/share/code/resources/app/out/vs/workbench/api/node/extensionHostProcess.js:141:110274)
    at l.U (/usr/share/code/resources/app/out/vs/workbench/api/node/extensionHostProcess.js:150:10866)
    at Proxy.P.<computed>.j.charCodeAt.P.<computed> (/usr/share/code/resources/app/out/vs/workbench/api/node/extensionHostProcess.js:150:8317)
    at d.g (/usr/share/code/resources/app/out/vs/workbench/api/node/extensionHostProcess.js:141:139555)
    at d.executeCommand (/usr/share/code/resources/app/out/vs/workbench/api/node/extensionHostProcess.js:141:138993)
    at p.registerCommand.description (/usr/share/code/resources/app/out/vs/workbench/api/node/extensionHostProcess.js:141:138317)
    at d.h (/usr/share/code/resources/app/out/vs/workbench/api/node/extensionHostProcess.js:141:140094)
    at d.g (/usr/share/code/resources/app/out/vs/workbench/api/node/extensionHostProcess.js:141:139086)
    at d.executeCommand (/usr/share/code/resources/app/out/vs/workbench/api/node/extensionHostProcess.js:141:138993)
    at Object.executeCommand (/usr/share/code/resources/app/out/vs/workbench/api/node/extensionHostProcess.js:158:21333)
    at f.I [as value] (/usr/share/code/resources/app/extensions/git/dist/main.js:2:924696)
    at n.y (/usr/share/code/resources/app/out/vs/workbench/api/node/extensionHostProcess.js:80:1902)
    at n.z (/usr/share/code/resources/app/out/vs/workbench/api/node/extensionHostProcess.js:80:1972)
    at n.fire (/usr/share/code/resources/app/out/vs/workbench/api/node/extensionHostProcess.js:80:2188)
    at Object.m [as dispose] (/usr/share/code/resources/app/extensions/git/dist/main.js:2:940613)
    at /usr/share/code/resources/app/extensions/git/dist/main.js:2:945566
    at Array.forEach (<anonymous>)
    at p.dispose (/usr/share/code/resources/app/extensions/git/dist/main.js:2:945552)
    at u.<anonymous> (/usr/share/code/resources/app/out/vs/workbench/api/node/extensionHostProcess.js:137:3620)
    at u.dispose (/usr/share/code/resources/app/out/vs/workbench/api/node/extensionHostProcess.js:137:3717)
    at u.<anonymous> (/usr/share/code/resources/app/extensions/git/dist/main.js:2:926708)
    at u.dispose (/usr/share/code/resources/app/out/vs/workbench/api/node/extensionHostProcess.js:137:3717)
    at s (/usr/share/code/resources/app/out/vs/workbench/api/node/extensionHostProcess.js:30:754)
    at f.cb (/usr/share/code/resources/app/out/vs/workbench/api/node/extensionHostProcess.js:154:9873)
    at /usr/share/code/resources/app/out/vs/workbench/api/node/extensionHostProcess.js:154:7808
    at Array.map (<anonymous>)
    at f.Y (/usr/share/code/resources/app/out/vs/workbench/api/node/extensionHostProcess.js:154:7795)
    at f.terminate (/usr/share/code/resources/app/out/vs/workbench/api/node/extensionHostProcess.js:154:8068)
    at s.terminate (/usr/share/code/resources/app/out/vs/workbench/api/node/extensionHostProcess.js:158:1513)
    at a (/usr/share/code/resources/app/out/vs/workbench/api/node/extensionHostProcess.js:171:9802)
    at MessagePortMain.<anonymous> (/usr/share/code/resources/app/out/vs/workbench/api/node/extensionHostProcess.js:171:6227)
    at MessagePortMain.emit (node:events:513:28)
    at Object.MessagePortMain._internalPort.emit (node:electron/js2c/utility_init:2:367) setContext undefined
2024-01-11 15:04:59.913 [error] Canceled: Canceled
    at new g (/usr/share/code/resources/app/out/vs/workbench/api/node/extensionHostProcess.js:141:110274)
    at l.U (/usr/share/code/resources/app/out/vs/workbench/api/node/extensionHostProcess.js:150:10866)
    at Proxy.P.<computed>.j.charCodeAt.P.<computed> (/usr/share/code/resources/app/out/vs/workbench/api/node/extensionHostProcess.js:150:8317)
    at d.g (/usr/share/code/resources/app/out/vs/workbench/api/node/extensionHostProcess.js:141:139555)
    at d.executeCommand (/usr/share/code/resources/app/out/vs/workbench/api/node/extensionHostProcess.js:141:138993)
    at p.registerCommand.description (/usr/share/code/resources/app/out/vs/workbench/api/node/extensionHostProcess.js:141:138317)
    at d.h (/usr/share/code/resources/app/out/vs/workbench/api/node/extensionHostProcess.js:141:140094)
    at d.g (/usr/share/code/resources/app/out/vs/workbench/api/node/extensionHostProcess.js:141:139086)
    at d.executeCommand (/usr/share/code/resources/app/out/vs/workbench/api/node/extensionHostProcess.js:141:138993)
    at Object.executeCommand (/usr/share/code/resources/app/out/vs/workbench/api/node/extensionHostProcess.js:158:21333)
    at a.$D.set b [as b] (/usr/share/code/resources/app/extensions/github/dist/extension.js:2:322364)
    at /usr/share/code/resources/app/extensions/github/dist/extension.js:2:323005
    at f.value (/usr/share/code/resources/app/extensions/git/dist/main.js:2:1016450)
    at n.y (/usr/share/code/resources/app/out/vs/workbench/api/node/extensionHostProcess.js:80:1902)
    at n.z (/usr/share/code/resources/app/out/vs/workbench/api/node/extensionHostProcess.js:80:1972)
    at n.fire (/usr/share/code/resources/app/out/vs/workbench/api/node/extensionHostProcess.js:80:2188)
    at Object.m [as dispose] (/usr/share/code/resources/app/extensions/git/dist/main.js:2:940613)
    at /usr/share/code/resources/app/extensions/git/dist/main.js:2:945566
    at Array.forEach (<anonymous>)
    at p.dispose (/usr/share/code/resources/app/extensions/git/dist/main.js:2:945552)
    at u.<anonymous> (/usr/share/code/resources/app/out/vs/workbench/api/node/extensionHostProcess.js:137:3620)
    at u.dispose (/usr/share/code/resources/app/out/vs/workbench/api/node/extensionHostProcess.js:137:3717)
    at u.<anonymous> (/usr/share/code/resources/app/extensions/git/dist/main.js:2:926708)
    at u.dispose (/usr/share/code/resources/app/out/vs/workbench/api/node/extensionHostProcess.js:137:3717)
    at s (/usr/share/code/resources/app/out/vs/workbench/api/node/extensionHostProcess.js:30:754)
    at f.cb (/usr/share/code/resources/app/out/vs/workbench/api/node/extensionHostProcess.js:154:9873)
    at /usr/share/code/resources/app/out/vs/workbench/api/node/extensionHostProcess.js:154:7808
    at Array.map (<anonymous>)
    at f.Y (/usr/share/code/resources/app/out/vs/workbench/api/node/extensionHostProcess.js:154:7795)
    at f.terminate (/usr/share/code/resources/app/out/vs/workbench/api/node/extensionHostProcess.js:154:8068)
    at s.terminate (/usr/share/code/resources/app/out/vs/workbench/api/node/extensionHostProcess.js:158:1513)
    at a (/usr/share/code/resources/app/out/vs/workbench/api/node/extensionHostProcess.js:171:9802)
    at MessagePortMain.<anonymous> (/usr/share/code/resources/app/out/vs/workbench/api/node/extensionHostProcess.js:171:6227)
    at MessagePortMain.emit (node:events:513:28)
    at Object.MessagePortMain._internalPort.emit (node:electron/js2c/utility_init:2:367) setContext undefined
2024-01-11 15:04:59.913 [info] Extension host with pid 21576 exiting with code 0
2024-01-11 15:05:00.706 [info] Extension host with pid 23077 started
2024-01-11 15:05:00.734 [info] ExtensionService#_doActivateExtension vscode.git-base, startup: true, activationEvent: '*', root cause: vscode.git
2024-01-11 15:05:00.738 [info] ExtensionService#_doActivateExtension formulahendry.auto-rename-tag, startup: true, activationEvent: '*'
2024-01-11 15:05:00.771 [info] ExtensionService#_doActivateExtension vscode.git, startup: true, activationEvent: '*'
2024-01-11 15:05:00.791 [info] ExtensionService#_doActivateExtension vscode.github, startup: true, activationEvent: '*'
2024-01-11 15:05:00.955 [info] Eager extensions activated
2024-01-11 15:05:00.956 [info] ExtensionService#_doActivateExtension vscode.debug-auto-launch, startup: false, activationEvent: 'onStartupFinished'
2024-01-11 15:05:00.958 [info] ExtensionService#_doActivateExtension vscode.merge-conflict, startup: false, activationEvent: 'onStartupFinished'
2024-01-11 15:05:00.964 [info] ExtensionService#_doActivateExtension aaron-bond.better-comments, startup: false, activationEvent: 'onStartupFinished'
2024-01-11 15:05:00.969 [info] ExtensionService#_doActivateExtension bradlc.vscode-tailwindcss, startup: false, activationEvent: 'onStartupFinished'
2024-01-11 15:05:00.984 [info] ExtensionService#_doActivateExtension PKief.material-icon-theme, startup: false, activationEvent: 'onStartupFinished'
2024-01-11 15:05:01.063 [info] Extension host terminating: renderer closed the MessagePort
2024-01-11 15:05:01.118 [error] ProxyResolver#addCertificatesV1 Canceled: Canceled
    at new g (/usr/share/code/resources/app/out/vs/workbench/api/node/extensionHostProcess.js:141:110274)
    at l.U (/usr/share/code/resources/app/out/vs/workbench/api/node/extensionHostProcess.js:150:10866)
    at Proxy.P.<computed>.j.charCodeAt.P.<computed> (/usr/share/code/resources/app/out/vs/workbench/api/node/extensionHostProcess.js:150:8317)
    at A.loadCertificates (/usr/share/code/resources/app/out/vs/workbench/api/node/extensionHostProcess.js:151:39023)
    at Object.loadAdditionalCertificates (/usr/share/code/resources/app/out/vs/workbench/api/node/extensionHostProcess.js:133:34240)
    at /usr/share/code/resources/app/node_modules.asar/@vscode/proxy-agent/out/index.js:475:53
    at Generator.next (<anonymous>)
    at /usr/share/code/resources/app/node_modules.asar/@vscode/proxy-agent/out/index.js:35:71
    at new Promise (<anonymous>)
    at __awaiter (/usr/share/code/resources/app/node_modules.asar/@vscode/proxy-agent/out/index.js:31:12)
    at /usr/share/code/resources/app/node_modules.asar/@vscode/proxy-agent/out/index.js:474:43
    at /usr/share/code/resources/app/node_modules.asar/@vscode/proxy-agent/out/index.js:476:16
    at Generator.next (<anonymous>)
    at /usr/share/code/resources/app/node_modules.asar/@vscode/proxy-agent/out/index.js:35:71
    at new Promise (<anonymous>)
    at __awaiter (/usr/share/code/resources/app/node_modules.asar/@vscode/proxy-agent/out/index.js:31:12)
    at getOrLoadAdditionalCertificates (/usr/share/code/resources/app/node_modules.asar/@vscode/proxy-agent/out/index.js:472:12)
    at addCertificatesV1 (/usr/share/code/resources/app/node_modules.asar/@vscode/proxy-agent/out/index.js:456:9)
    at resolveProxy (/usr/share/code/resources/app/node_modules.asar/@vscode/proxy-agent/out/index.js:112:9)
    at /usr/share/code/resources/app/node_modules.asar/@vscode/proxy-agent/out/index.js:303:77
    at new Promise (<anonymous>)
    at _PacProxyAgent.resolveP (/usr/share/code/resources/app/node_modules.asar/@vscode/proxy-agent/out/index.js:303:54)
    at _PacProxyAgent.<anonymous> (/usr/share/code/resources/app/node_modules.asar/@vscode/proxy-agent/out/agent.js:70:37)
    at Generator.next (<anonymous>)
    at /usr/share/code/resources/app/node_modules.asar/@vscode/proxy-agent/out/agent.js:8:71
    at new Promise (<anonymous>)
    at __awaiter (/usr/share/code/resources/app/node_modules.asar/@vscode/proxy-agent/out/agent.js:4:12)
    at _PacProxyAgent.connect (/usr/share/code/resources/app/node_modules.asar/@vscode/proxy-agent/out/agent.js:52:16)
    at /usr/share/code/resources/app/node_modules.asar/agent-base/dist/index.js:73:30
2024-01-11 15:05:01.118 [info] Extension host with pid 23077 exiting with code 0
