2024-01-18 12:20:03.575 [info] Added views:workbench.panel.markers.view in workbench.panel.markers
2024-01-18 12:20:03.575 [info] Added views:workbench.panel.output in workbench.panel.output
2024-01-18 12:20:03.575 [info] Added views:terminal in terminal
2024-01-18 12:20:03.575 [info] Added views:outline in workbench.view.explorer
2024-01-18 12:20:03.575 [info] Added views:workbench.scm in workbench.view.scm
2024-01-18 12:20:03.575 [info] Added views:workbench.view.search in workbench.view.search
2024-01-18 12:20:03.575 [info] Added views:timeline in workbench.view.explorer
2024-01-18 12:20:03.575 [info] Added views:workbench.explorer.fileView in workbench.view.explorer
2024-01-18 12:20:03.737 [info] Added views:workbench.debug.welcome in workbench.view.debug
2024-01-18 12:20:04.446 [info] Added views:workbench.panel.repl.view in workbench.panel.repl
2024-01-18 12:20:05.710 [info] Added views:~remote.forwardedPorts in ~remote.forwardedPortsContainer
2024-01-18 12:31:24.059 [info] Added views:workbench.views.extensions.installed,workbench.views.extensions.popular,extensions.recommendedList in workbench.view.extensions
2024-01-18 12:31:24.066 [info] Removed views:workbench.views.extensions.popular from workbench.view.extensions
2024-01-18 12:31:32.199 [info] Removed views:extensions.recommendedList,workbench.views.extensions.installed from workbench.view.extensions
2024-01-18 12:31:32.217 [info] Added views:workbench.views.extensions.marketplace in workbench.view.extensions
2024-01-18 12:32:37.238 [info] Removed views:workbench.views.extensions.marketplace from workbench.view.extensions
2024-01-18 12:32:37.259 [info] Added views:workbench.views.extensions.installed,extensions.recommendedList in workbench.view.extensions
2024-01-18 12:44:01.107 [info] Added views:workbench.panel.markers.view in workbench.panel.markers
2024-01-18 12:44:01.107 [info] Added views:workbench.panel.output in workbench.panel.output
2024-01-18 12:44:01.107 [info] Added views:terminal in terminal
2024-01-18 12:44:01.107 [info] Added views:outline in workbench.view.explorer
2024-01-18 12:44:01.107 [info] Added views:workbench.scm in workbench.view.scm
2024-01-18 12:44:01.107 [info] Added views:workbench.view.search in workbench.view.search
2024-01-18 12:44:01.107 [info] Added views:timeline in workbench.view.explorer
2024-01-18 12:44:01.107 [info] Added views:workbench.explorer.emptyView in workbench.view.explorer
2024-01-18 12:44:01.499 [info] Added views:workbench.debug.variablesView,workbench.debug.watchExpressionsView,workbench.debug.callStackView,workbench.debug.breakPointsView in workbench.view.debug
