2024-01-18 11:58:20.521 [info] Log level: Info
2024-01-18 11:58:20.521 [info] Validating found git in: "git"
2024-01-18 11:58:20.521 [info] Using git "2.43.0" from "git"
2024-01-18 12:01:03.852 [info] Log level: Info
2024-01-18 12:01:03.852 [info] Validating found git in: "git"
2024-01-18 12:01:03.852 [info] Using git "2.43.0" from "git"
2024-01-18 12:01:03.852 [info] > git rev-parse --show-toplevel [8ms]
2024-01-18 12:01:03.866 [info] > git rev-parse --git-dir --git-common-dir [5ms]
2024-01-18 12:01:03.882 [info] Open repository: /home/mahin/Hyprland-Dots-01
2024-01-18 12:01:03.974 [info] > git rev-parse --show-toplevel [23ms]
2024-01-18 12:01:03.975 [info] > git config --get commit.template [33ms]
2024-01-18 12:01:04.025 [info] > git for-each-ref --format=%(refname)%00%(upstream:short)%00%(objectname)%00%(upstream:track)%00%(upstream:remotename)%00%(upstream:remoteref) refs/heads/development refs/remotes/development [2ms]
2024-01-18 12:01:04.034 [info] > git rev-parse --show-toplevel [18ms]
2024-01-18 12:01:04.042 [info] > git status -z -uall [8ms]
2024-01-18 12:01:04.055 [info] > git rev-parse --show-toplevel [14ms]
2024-01-18 12:01:04.074 [info] > git config --get commit.template [20ms]
2024-01-18 12:01:04.083 [info] > git rev-parse --show-toplevel [10ms]
2024-01-18 12:01:04.169 [info] > git rev-parse --show-toplevel [64ms]
2024-01-18 12:01:04.170 [info] > git for-each-ref --format=%(refname)%00%(upstream:short)%00%(objectname)%00%(upstream:track)%00%(upstream:remotename)%00%(upstream:remoteref) refs/heads/development refs/remotes/development [77ms]
2024-01-18 12:01:04.206 [info] > git status -z -uall [22ms]
2024-01-18 12:01:04.209 [info] > git rev-parse --show-toplevel [4ms]
2024-01-18 12:01:04.221 [info] > git rev-parse --show-toplevel [2ms]
2024-01-18 12:01:04.247 [info] > git rev-parse --show-toplevel [18ms]
2024-01-18 12:01:04.288 [info] > git rev-parse --show-toplevel [12ms]
2024-01-18 12:01:04.306 [info] > git rev-parse --show-toplevel [3ms]
2024-01-18 12:01:04.321 [info] > git rev-parse --show-toplevel [1ms]
2024-01-18 12:01:04.333 [info] > git rev-parse --show-toplevel [1ms]
2024-01-18 12:01:04.349 [info] > git rev-parse --show-toplevel [4ms]
2024-01-18 12:01:04.360 [info] > git rev-parse --show-toplevel [3ms]
2024-01-18 12:01:04.475 [info] > git check-ignore -v -z --stdin [1ms]
2024-01-18 12:01:04.708 [info] > git show --textconv :neofetch/fedora-config.conf [5ms]
2024-01-18 12:01:04.710 [info] > git ls-files --stage -- /home/mahin/Hyprland-Dots-01/neofetch/fedora-config.conf [2ms]
2024-01-18 12:01:04.717 [info] > git cat-file -s 861637680d73ff94c61b7d4f31b3eaabb7196298 [1ms]
2024-01-18 12:01:05.819 [info] > git config --get commit.template [2ms]
2024-01-18 12:01:05.827 [info] > git for-each-ref --format=%(refname)%00%(upstream:short)%00%(objectname)%00%(upstream:track)%00%(upstream:remotename)%00%(upstream:remoteref) refs/heads/development refs/remotes/development [2ms]
2024-01-18 12:01:05.837 [info] > git status -z -uall [2ms]
2024-01-18 12:01:06.935 [info] > git ls-files --stage -- /home/mahin/Hyprland-Dots-01/neofetch/fedora-config.conf [3ms]
2024-01-18 12:01:06.952 [info] > git cat-file -s 861637680d73ff94c61b7d4f31b3eaabb7196298 [3ms]
2024-01-18 12:01:06.967 [info] > git show --textconv :neofetch/fedora-config.conf [2ms]
2024-01-18 12:01:16.464 [info] > git check-ignore -v -z --stdin [5ms]
2024-01-18 12:01:40.039 [info] > git show --textconv :neofetch/fedora-config.conf [8ms]
2024-01-18 12:01:40.040 [info] > git ls-files --stage -- /home/mahin/Hyprland-Dots-01/neofetch/fedora-config.conf [2ms]
2024-01-18 12:01:40.049 [info] > git cat-file -s 861637680d73ff94c61b7d4f31b3eaabb7196298 [1ms]
2024-01-18 12:01:48.511 [info] > git config --get commit.template [17ms]
2024-01-18 12:01:48.512 [info] > git for-each-ref --format=%(refname)%00%(upstream:short)%00%(objectname)%00%(upstream:track)%00%(upstream:remotename)%00%(upstream:remoteref) refs/heads/development refs/remotes/development [4ms]
2024-01-18 12:01:48.533 [info] > git status -z -uall [7ms]
2024-01-18 12:01:54.132 [info] > git config --get commit.template [17ms]
2024-01-18 12:01:54.133 [info] > git for-each-ref --format=%(refname)%00%(upstream:short)%00%(objectname)%00%(upstream:track)%00%(upstream:remotename)%00%(upstream:remoteref) refs/heads/development refs/remotes/development [4ms]
2024-01-18 12:01:54.154 [info] > git status -z -uall [5ms]
2024-01-18 12:01:58.915 [info] > git show --textconv :neofetch/arch-config.conf [8ms]
2024-01-18 12:01:58.916 [info] > git ls-files --stage -- /home/mahin/Hyprland-Dots-01/neofetch/arch-config.conf [1ms]
2024-01-18 12:01:58.923 [info] > git cat-file -s 34e1c59dfa67f01e3a79406bc2ccb99aa18f9c4f [1ms]
2024-01-18 12:02:08.766 [info] > git show --textconv :neofetch/arch-config.conf [11ms]
2024-01-18 12:02:08.767 [info] > git ls-files --stage -- /home/mahin/Hyprland-Dots-01/neofetch/arch-config.conf [2ms]
2024-01-18 12:02:08.775 [info] > git cat-file -s 34e1c59dfa67f01e3a79406bc2ccb99aa18f9c4f [2ms]
2024-01-18 12:02:18.364 [info] > git config --get commit.template [4ms]
2024-01-18 12:02:18.379 [info] > git for-each-ref --format=%(refname)%00%(upstream:short)%00%(objectname)%00%(upstream:track)%00%(upstream:remotename)%00%(upstream:remoteref) refs/heads/development refs/remotes/development [3ms]
2024-01-18 12:02:18.391 [info] > git status -z -uall [3ms]
2024-01-18 12:02:37.143 [info] > git show --textconv :neofetch/arch-config.conf [19ms]
2024-01-18 12:02:37.147 [info] > git ls-files --stage -- /home/mahin/Hyprland-Dots-01/neofetch/arch-config.conf [6ms]
2024-01-18 12:02:37.163 [info] > git cat-file -s 34e1c59dfa67f01e3a79406bc2ccb99aa18f9c4f [3ms]
2024-01-18 12:02:38.830 [info] > git show --textconv :neofetch/arch-config.conf [12ms]
2024-01-18 12:02:38.832 [info] > git ls-files --stage -- /home/mahin/Hyprland-Dots-01/neofetch/arch-config.conf [3ms]
2024-01-18 12:02:38.842 [info] > git cat-file -s 34e1c59dfa67f01e3a79406bc2ccb99aa18f9c4f [1ms]
2024-01-18 12:02:43.434 [info] > git show --textconv :neofetch/fedora-config.conf [20ms]
2024-01-18 12:02:43.438 [info] > git ls-files --stage -- /home/mahin/Hyprland-Dots-01/neofetch/fedora-config.conf [5ms]
2024-01-18 12:02:43.451 [info] > git cat-file -s 861637680d73ff94c61b7d4f31b3eaabb7196298 [2ms]
2024-01-18 12:02:56.716 [info] > git config --get commit.template [1ms]
2024-01-18 12:02:56.724 [info] > git for-each-ref --format=%(refname)%00%(upstream:short)%00%(objectname)%00%(upstream:track)%00%(upstream:remotename)%00%(upstream:remoteref) refs/heads/development refs/remotes/development [1ms]
2024-01-18 12:02:56.734 [info] > git status -z -uall [3ms]
2024-01-18 12:03:10.970 [info] > git config --get commit.template [13ms]
2024-01-18 12:03:10.971 [info] > git for-each-ref --format=%(refname)%00%(upstream:short)%00%(objectname)%00%(upstream:track)%00%(upstream:remotename)%00%(upstream:remoteref) refs/heads/development refs/remotes/development [2ms]
2024-01-18 12:03:10.983 [info] > git status -z -uall [2ms]
