2024-01-12 14:20:22.623 [info] Added views:workbench.panel.markers.view in workbench.panel.markers
2024-01-12 14:20:22.623 [info] Added views:workbench.panel.output in workbench.panel.output
2024-01-12 14:20:22.623 [info] Added views:terminal in terminal
2024-01-12 14:20:22.623 [info] Added views:outline in workbench.view.explorer
2024-01-12 14:20:22.623 [info] Added views:workbench.scm in workbench.view.scm
2024-01-12 14:20:22.623 [info] Added views:workbench.view.search in workbench.view.search
2024-01-12 14:20:22.623 [info] Added views:timeline in workbench.view.explorer
2024-01-12 14:20:22.623 [info] Added views:workbench.explorer.fileView in workbench.view.explorer
2024-01-12 14:20:23.182 [info] Added views:workbench.debug.variablesView,workbench.debug.watchExpressionsView,workbench.debug.callStackView,workbench.debug.breakPointsView in workbench.view.debug
2024-01-12 14:20:23.205 [info] Added views:workbench.panel.repl.view in workbench.panel.repl
2024-01-12 14:20:23.211 [info] Removed views:workbench.debug.breakPointsView,workbench.debug.callStackView,workbench.debug.watchExpressionsView,workbench.debug.variablesView from workbench.view.debug
2024-01-12 14:20:23.212 [info] Added views:workbench.debug.welcome in workbench.view.debug
2024-01-12 14:20:23.626 [info] Added views:~remote.forwardedPorts in ~remote.forwardedPortsContainer
2024-01-12 14:21:02.992 [info] Added views:workbench.panel.markers.view in workbench.panel.markers
2024-01-12 14:21:02.992 [info] Added views:workbench.panel.output in workbench.panel.output
2024-01-12 14:21:02.992 [info] Added views:terminal in terminal
2024-01-12 14:21:02.992 [info] Added views:outline in workbench.view.explorer
2024-01-12 14:21:02.992 [info] Added views:workbench.scm in workbench.view.scm
2024-01-12 14:21:02.992 [info] Added views:workbench.view.search in workbench.view.search
2024-01-12 14:21:02.992 [info] Added views:timeline in workbench.view.explorer
2024-01-12 14:21:02.992 [info] Added views:workbench.explorer.emptyView in workbench.view.explorer
2024-01-12 14:21:03.400 [info] Added views:workbench.debug.variablesView,workbench.debug.watchExpressionsView,workbench.debug.callStackView,workbench.debug.breakPointsView in workbench.view.debug
2024-01-12 14:21:03.416 [info] Added views:workbench.panel.repl.view in workbench.panel.repl
2024-01-12 14:21:03.417 [info] Removed views:workbench.debug.breakPointsView,workbench.debug.callStackView,workbench.debug.watchExpressionsView,workbench.debug.variablesView from workbench.view.debug
2024-01-12 14:21:03.417 [info] Added views:workbench.debug.welcome in workbench.view.debug
2024-01-12 14:21:03.530 [info] Added views:~remote.forwardedPorts in ~remote.forwardedPortsContainer
