2024-01-19 16:04:44.321 [info] Log level: Info
2024-01-19 16:04:44.321 [info] Validating found git in: "git"
2024-01-19 16:04:44.321 [info] Using git "2.43.0" from "git"
2024-01-19 16:04:44.321 [info] > git rev-parse --show-toplevel [14ms]
2024-01-19 16:04:44.321 [info] > git rev-parse --git-dir --git-common-dir [6ms]
2024-01-19 16:04:44.322 [info] Open repository: /home/mahin/Hyprland-Dots-01
2024-01-19 16:04:44.322 [info] > git rev-parse --show-toplevel [4ms]
2024-01-19 16:04:44.322 [info] > git config --get commit.template [17ms]
2024-01-19 16:04:44.378 [info] > git rev-parse --show-toplevel [44ms]
2024-01-19 16:04:44.393 [info] > git rev-parse --show-toplevel [4ms]
2024-01-19 16:04:44.404 [info] > git rev-parse --show-toplevel [2ms]
2024-01-19 16:04:44.410 [info] > git rev-parse --show-toplevel [1ms]
2024-01-19 16:04:44.427 [info] > git rev-parse --show-toplevel [9ms]
2024-01-19 16:04:44.443 [info] > git rev-parse --show-toplevel [4ms]
2024-01-19 16:04:44.460 [info] > git rev-parse --show-toplevel [5ms]
2024-01-19 16:04:44.487 [info] > git rev-parse --show-toplevel [17ms]
2024-01-19 16:04:44.489 [info] > git for-each-ref --format=%(refname)%00%(upstream:short)%00%(objectname)%00%(upstream:track)%00%(upstream:remotename)%00%(upstream:remoteref) refs/heads/development refs/remotes/development [112ms]
2024-01-19 16:04:44.526 [info] > git status -z -uall [17ms]
2024-01-19 16:04:44.541 [info] > git rev-parse --show-toplevel [17ms]
2024-01-19 16:04:44.561 [info] > git rev-parse --show-toplevel [6ms]
2024-01-19 16:04:44.571 [info] > git config --get commit.template [11ms]
2024-01-19 16:04:44.578 [info] > git rev-parse --show-toplevel [8ms]
2024-01-19 16:04:44.611 [info] > git for-each-ref --format=%(refname)%00%(upstream:short)%00%(objectname)%00%(upstream:track)%00%(upstream:remotename)%00%(upstream:remoteref) refs/heads/development refs/remotes/development [33ms]
2024-01-19 16:04:44.660 [info] > git status -z -uall [34ms]
2024-01-19 16:04:44.667 [info] > git rev-parse --show-toplevel [57ms]
2024-01-19 16:04:44.724 [info] > git rev-parse --show-toplevel [40ms]
2024-01-19 16:04:44.848 [info] > git check-ignore -v -z --stdin [3ms]
2024-01-19 16:04:45.143 [info] > git ls-files --stage -- /home/mahin/Hyprland-Dots-01/scripts/toggle_dark_light.sh [1ms]
2024-01-19 16:04:45.153 [info] > git show --textconv :scripts/toggle_dark_light.sh [20ms]
2024-01-19 16:04:45.154 [info] > git cat-file -s 28160285649c0dc38bd9639625fad5dff99d259a [5ms]
2024-01-19 16:04:46.267 [info] > git config --get commit.template [4ms]
2024-01-19 16:04:46.278 [info] > git for-each-ref --format=%(refname)%00%(upstream:short)%00%(objectname)%00%(upstream:track)%00%(upstream:remotename)%00%(upstream:remoteref) refs/heads/development refs/remotes/development [2ms]
2024-01-19 16:04:46.290 [info] > git status -z -uall [2ms]
2024-01-19 16:04:47.392 [info] > git ls-files --stage -- /home/mahin/Hyprland-Dots-01/scripts/toggle_dark_light.sh [4ms]
2024-01-19 16:04:47.411 [info] > git cat-file -s 28160285649c0dc38bd9639625fad5dff99d259a [3ms]
2024-01-19 16:04:47.425 [info] > git show --textconv :scripts/toggle_dark_light.sh [2ms]
2024-01-19 16:04:55.937 [info] > git for-each-ref --format=%(refname)%00%(upstream:short)%00%(objectname)%00%(upstream:track)%00%(upstream:remotename)%00%(upstream:remoteref) refs/heads/development [2ms]
2024-01-19 16:04:55.945 [info] > git config --local branch.development.vscode-merge-base [1ms]
2024-01-19 16:04:55.954 [info] > git for-each-ref --format=%(refname)%00%(upstream:short)%00%(objectname)%00%(upstream:track)%00%(upstream:remotename)%00%(upstream:remoteref) refs/heads/main refs/remotes/main [1ms]
2024-01-19 16:04:56.240 [info] > git merge-base refs/heads/development refs/heads/main [249ms]
2024-01-19 16:04:56.253 [info] > git rev-list --count --left-right refs/heads/development...refs/heads/main [3ms]
2024-01-19 16:04:56.475 [info] > git check-ignore -v -z --stdin [3ms]
2024-01-19 16:05:01.479 [info] > git show --textconv HEAD:scripts/toggle_dark_light.sh [7ms]
2024-01-19 16:05:01.482 [info] > git ls-tree -l HEAD -- /home/mahin/Hyprland-Dots-01/scripts/toggle_dark_light.sh [3ms]
2024-01-19 16:05:37.107 [info] > git ls-tree -l HEAD -- /home/mahin/Hyprland-Dots-01/scripts/toggle_dark_light.sh [2ms]
2024-01-19 16:05:41.450 [info] > git add -A -- . [3ms]
2024-01-19 16:05:41.928 [info] > git show --textconv :.git/COMMIT_EDITMSG [5ms]
2024-01-19 16:05:41.930 [info] > git ls-files --stage -- /home/mahin/Hyprland-Dots-01/.git/COMMIT_EDITMSG [3ms]
2024-01-19 16:05:42.247 [info] > git check-ignore -v -z --stdin [3ms]
2024-01-19 16:05:42.883 [info] > git ls-tree -l HEAD -- /home/mahin/Hyprland-Dots-01/scripts/toggle_dark_light.sh [8ms]
2024-01-19 16:05:42.884 [info] > git ls-files --stage -- /home/mahin/Hyprland-Dots-01/.git/COMMIT_EDITMSG [2ms]
2024-01-19 16:05:42.897 [info] > git show --textconv HEAD:scripts/toggle_dark_light.sh [7ms]
2024-01-19 16:05:42.897 [info] > git show --textconv :.git/COMMIT_EDITMSG [2ms]
2024-01-19 16:06:10.234 [info] > git -c user.useConfigOnly=true commit --quiet [28776ms]
2024-01-19 16:06:10.234 [info] Aborting commit due to empty commit message.
2024-01-19 16:06:10.255 [info] > git config --get commit.template [12ms]
2024-01-19 16:06:10.267 [info] > git ls-tree -l HEAD -- /home/mahin/Hyprland-Dots-01/scripts/toggle_dark_light.sh [14ms]
2024-01-19 16:06:10.270 [info] > git for-each-ref --format=%(refname)%00%(upstream:short)%00%(objectname)%00%(upstream:track)%00%(upstream:remotename)%00%(upstream:remoteref) refs/heads/development refs/remotes/development [5ms]
2024-01-19 16:06:10.286 [info] > git status -z -uall [8ms]
2024-01-19 16:06:15.837 [info] > git show --textconv :.git/COMMIT_EDITMSG [14ms]
2024-01-19 16:06:15.840 [info] > git ls-files --stage -- /home/mahin/Hyprland-Dots-01/.git/COMMIT_EDITMSG [4ms]
2024-01-19 16:06:16.623 [info] > git ls-files --stage -- /home/mahin/Hyprland-Dots-01/scripts/toggle_dark_light.sh [10ms]
2024-01-19 16:06:16.631 [info] > git ls-files --stage -- /home/mahin/Hyprland-Dots-01/.git/COMMIT_EDITMSG [8ms]
2024-01-19 16:06:16.633 [info] > git cat-file -s 85ae60ca561a1f981ca567dbe4cf1dfaa57802d8 [3ms]
2024-01-19 16:06:16.649 [info] > git show --textconv :.git/COMMIT_EDITMSG [8ms]
2024-01-19 16:06:16.651 [info] > git show --textconv :scripts/toggle_dark_light.sh [3ms]
2024-01-19 16:06:18.386 [info] > git -c user.useConfigOnly=true commit --quiet [2971ms]
2024-01-19 16:06:18.386 [info] Aborting commit due to empty commit message.
2024-01-19 16:06:18.412 [info] > git config --get commit.template [16ms]
2024-01-19 16:06:18.443 [info] > git ls-files --stage -- /home/mahin/Hyprland-Dots-01/scripts/toggle_dark_light.sh [31ms]
2024-01-19 16:06:18.456 [info] > git cat-file -s 85ae60ca561a1f981ca567dbe4cf1dfaa57802d8 [3ms]
2024-01-19 16:06:18.456 [info] > git for-each-ref --format=%(refname)%00%(upstream:short)%00%(objectname)%00%(upstream:track)%00%(upstream:remotename)%00%(upstream:remoteref) refs/heads/development refs/remotes/development [16ms]
2024-01-19 16:06:18.473 [info] > git status -z -uall [6ms]
2024-01-19 16:06:28.837 [info] > git ls-files --stage -- /home/mahin/Hyprland-Dots-01/scripts/toggle_dark_light.sh [1ms]
2024-01-19 16:06:28.847 [info] > git cat-file -s 85ae60ca561a1f981ca567dbe4cf1dfaa57802d8 [3ms]
2024-01-19 16:06:31.783 [info] > git show --textconv :.git/COMMIT_EDITMSG [12ms]
2024-01-19 16:06:31.785 [info] > git ls-files --stage -- /home/mahin/Hyprland-Dots-01/.git/COMMIT_EDITMSG [3ms]
2024-01-19 16:06:32.566 [info] > git ls-files --stage -- /home/mahin/Hyprland-Dots-01/scripts/toggle_dark_light.sh [10ms]
2024-01-19 16:06:32.572 [info] > git ls-files --stage -- /home/mahin/Hyprland-Dots-01/.git/COMMIT_EDITMSG [8ms]
2024-01-19 16:06:32.573 [info] > git cat-file -s 85ae60ca561a1f981ca567dbe4cf1dfaa57802d8 [2ms]
2024-01-19 16:06:32.588 [info] > git show --textconv :.git/COMMIT_EDITMSG [9ms]
2024-01-19 16:06:32.590 [info] > git show --textconv :scripts/toggle_dark_light.sh [2ms]
2024-01-19 16:07:14.829 [info] > git ls-files --stage -- /home/mahin/Hyprland-Dots-01/scripts/toggle_dark_light.sh [3ms]
2024-01-19 16:07:14.840 [info] > git cat-file -s 85ae60ca561a1f981ca567dbe4cf1dfaa57802d8 [4ms]
2024-01-19 16:07:15.853 [info] > git show --textconv :.git/COMMIT_EDITMSG [16ms]
2024-01-19 16:07:15.855 [info] > git ls-files --stage -- /home/mahin/Hyprland-Dots-01/.git/COMMIT_EDITMSG [4ms]
2024-01-19 16:07:16.427 [info] > git -c user.useConfigOnly=true commit --quiet [45064ms]
2024-01-19 16:07:16.427 [info] Aborting commit due to empty commit message.
2024-01-19 16:07:16.449 [info] > git config --get commit.template [11ms]
2024-01-19 16:07:16.451 [info] > git ls-files --stage -- /home/mahin/Hyprland-Dots-01/scripts/toggle_dark_light.sh [4ms]
2024-01-19 16:07:16.481 [info] > git cat-file -s 85ae60ca561a1f981ca567dbe4cf1dfaa57802d8 [16ms]
2024-01-19 16:07:16.483 [info] > git for-each-ref --format=%(refname)%00%(upstream:short)%00%(objectname)%00%(upstream:track)%00%(upstream:remotename)%00%(upstream:remoteref) refs/heads/development refs/remotes/development [4ms]
2024-01-19 16:07:16.493 [info] > git status -z -uall [1ms]
2024-01-19 16:07:18.777 [info] > git check-ignore -v -z --stdin [2ms]
2024-01-19 16:07:22.360 [info] > git show --textconv :scripts/toggle_dark_light.sh [19ms]
2024-01-19 16:07:22.363 [info] > git ls-files --stage -- /home/mahin/Hyprland-Dots-01/scripts/toggle_dark_light.sh [5ms]
2024-01-19 16:07:22.374 [info] > git cat-file -s 85ae60ca561a1f981ca567dbe4cf1dfaa57802d8 [2ms]
2024-01-19 16:07:59.575 [info] > git check-ignore -v -z --stdin [3ms]
2024-01-19 16:08:00.254 [info] > git ls-files --stage -- /home/mahin/Hyprland-Dots-01/alacritty/themes/alacritty.toml [3ms]
2024-01-19 16:08:00.271 [info] > git show --textconv :alacritty/themes/alacritty.toml [33ms]
2024-01-19 16:08:00.271 [info] > git cat-file -s 4f347f42776804d44b833cd9deba0dc051daa08a [6ms]
2024-01-19 16:08:17.588 [info] > git ls-files --stage -- /home/mahin/Hyprland-Dots-01/alacritty/themes/alacritty-light.toml [5ms]
2024-01-19 16:08:17.601 [info] > git show --textconv :alacritty/themes/alacritty-light.toml [35ms]
2024-01-19 16:08:17.603 [info] > git cat-file -s b4b61bfaf8a6798521a1855befd9631a31fb0748 [3ms]
2024-01-19 16:08:20.743 [info] > git show --textconv :scripts/toggle_dark_light.sh [19ms]
2024-01-19 16:08:20.746 [info] > git ls-files --stage -- /home/mahin/Hyprland-Dots-01/scripts/toggle_dark_light.sh [5ms]
2024-01-19 16:08:20.756 [info] > git cat-file -s 85ae60ca561a1f981ca567dbe4cf1dfaa57802d8 [1ms]
2024-01-19 16:08:25.646 [info] > git show --textconv :alacritty/themes/alacritty.toml [10ms]
2024-01-19 16:08:25.648 [info] > git ls-files --stage -- /home/mahin/Hyprland-Dots-01/alacritty/themes/alacritty.toml [3ms]
2024-01-19 16:08:25.656 [info] > git cat-file -s 4f347f42776804d44b833cd9deba0dc051daa08a [1ms]
2024-01-19 16:09:50.091 [info] > git config --get commit.template [15ms]
2024-01-19 16:09:50.092 [info] > git for-each-ref --format=%(refname)%00%(upstream:short)%00%(objectname)%00%(upstream:track)%00%(upstream:remotename)%00%(upstream:remoteref) refs/heads/development refs/remotes/development [3ms]
2024-01-19 16:09:50.114 [info] > git status -z -uall [7ms]
2024-01-19 16:10:25.117 [info] > git config --get commit.template [14ms]
2024-01-19 16:10:25.118 [info] > git for-each-ref --format=%(refname)%00%(upstream:short)%00%(objectname)%00%(upstream:track)%00%(upstream:remotename)%00%(upstream:remoteref) refs/heads/development refs/remotes/development [2ms]
2024-01-19 16:10:25.123 [info] > git status -z -uall [1ms]
2024-01-19 16:11:16.299 [info] > git for-each-ref --format=%(refname)%00%(upstream:short)%00%(objectname)%00%(upstream:track)%00%(upstream:remotename)%00%(upstream:remoteref) refs/heads/development refs/remotes/development [1ms]
2024-01-19 16:11:16.300 [info] > git config --get commit.template [9ms]
2024-01-19 16:11:16.305 [info] > git status -z -uall [2ms]
2024-01-19 16:11:21.348 [info] > git config --get commit.template [18ms]
2024-01-19 16:11:21.349 [info] > git for-each-ref --format=%(refname)%00%(upstream:short)%00%(objectname)%00%(upstream:track)%00%(upstream:remotename)%00%(upstream:remoteref) refs/heads/development refs/remotes/development [4ms]
2024-01-19 16:11:21.360 [info] > git status -z -uall [3ms]
2024-01-19 16:11:58.151 [info] > git show --textconv :scripts/toggle_dark_light.sh [13ms]
2024-01-19 16:11:58.153 [info] > git ls-files --stage -- /home/mahin/Hyprland-Dots-01/scripts/toggle_dark_light.sh [3ms]
2024-01-19 16:11:58.167 [info] > git cat-file -s 85ae60ca561a1f981ca567dbe4cf1dfaa57802d8 [3ms]
2024-01-19 16:12:09.356 [info] > git config --get commit.template [5ms]
2024-01-19 16:12:09.357 [info] > git for-each-ref --format=%(refname)%00%(upstream:short)%00%(objectname)%00%(upstream:track)%00%(upstream:remotename)%00%(upstream:remoteref) refs/heads/development refs/remotes/development [2ms]
2024-01-19 16:12:09.364 [info] > git status -z -uall [2ms]
2024-01-19 16:12:14.396 [info] > git config --get commit.template [10ms]
2024-01-19 16:12:14.397 [info] > git for-each-ref --format=%(refname)%00%(upstream:short)%00%(objectname)%00%(upstream:track)%00%(upstream:remotename)%00%(upstream:remoteref) refs/heads/development refs/remotes/development [2ms]
2024-01-19 16:12:14.405 [info] > git status -z -uall [2ms]
2024-01-19 16:12:23.604 [info] > git config --get commit.template [18ms]
2024-01-19 16:12:23.605 [info] > git for-each-ref --format=%(refname)%00%(upstream:short)%00%(objectname)%00%(upstream:track)%00%(upstream:remotename)%00%(upstream:remoteref) refs/heads/development refs/remotes/development [4ms]
2024-01-19 16:12:23.622 [info] > git status -z -uall [3ms]
2024-01-19 16:12:28.666 [info] > git config --get commit.template [10ms]
2024-01-19 16:12:28.666 [info] > git for-each-ref --format=%(refname)%00%(upstream:short)%00%(objectname)%00%(upstream:track)%00%(upstream:remotename)%00%(upstream:remoteref) refs/heads/development refs/remotes/development [1ms]
2024-01-19 16:12:28.674 [info] > git status -z -uall [2ms]
