2024-01-18 12:04:16.030 [info] Added views:workbench.panel.markers.view in workbench.panel.markers
2024-01-18 12:04:16.030 [info] Added views:workbench.panel.output in workbench.panel.output
2024-01-18 12:04:16.030 [info] Added views:terminal in terminal
2024-01-18 12:04:16.030 [info] Added views:outline in workbench.view.explorer
2024-01-18 12:04:16.030 [info] Added views:workbench.scm in workbench.view.scm
2024-01-18 12:04:16.030 [info] Added views:workbench.view.search in workbench.view.search
2024-01-18 12:04:16.030 [info] Added views:timeline in workbench.view.explorer
2024-01-18 12:04:16.030 [info] Added views:workbench.explorer.fileView in workbench.view.explorer
2024-01-18 12:04:16.593 [info] Added views:workbench.debug.variablesView,workbench.debug.watchExpressionsView,workbench.debug.callStackView,workbench.debug.breakPointsView in workbench.view.debug
2024-01-18 12:04:16.649 [info] Added views:workbench.panel.repl.view in workbench.panel.repl
2024-01-18 12:04:16.650 [info] Removed views:workbench.debug.breakPointsView,workbench.debug.callStackView,workbench.debug.watchExpressionsView,workbench.debug.variablesView from workbench.view.debug
2024-01-18 12:04:16.650 [info] Added views:workbench.debug.welcome in workbench.view.debug
2024-01-18 12:04:16.888 [info] Added views:~remote.forwardedPorts in ~remote.forwardedPortsContainer
2024-01-18 12:19:50.641 [info] Added views:workbench.panel.markers.view in workbench.panel.markers
2024-01-18 12:19:50.641 [info] Added views:workbench.panel.output in workbench.panel.output
2024-01-18 12:19:50.641 [info] Added views:terminal in terminal
2024-01-18 12:19:50.641 [info] Added views:outline in workbench.view.explorer
2024-01-18 12:19:50.641 [info] Added views:workbench.scm in workbench.view.scm
2024-01-18 12:19:50.641 [info] Added views:workbench.view.search in workbench.view.search
2024-01-18 12:19:50.641 [info] Added views:timeline in workbench.view.explorer
2024-01-18 12:19:50.641 [info] Added views:workbench.explorer.emptyView in workbench.view.explorer
2024-01-18 12:19:51.122 [info] Added views:workbench.debug.variablesView,workbench.debug.watchExpressionsView,workbench.debug.callStackView,workbench.debug.breakPointsView in workbench.view.debug
2024-01-18 12:19:51.163 [info] Added views:workbench.panel.repl.view in workbench.panel.repl
2024-01-18 12:19:51.164 [info] Removed views:workbench.debug.breakPointsView,workbench.debug.callStackView,workbench.debug.watchExpressionsView,workbench.debug.variablesView from workbench.view.debug
2024-01-18 12:19:51.164 [info] Added views:workbench.debug.welcome in workbench.view.debug
2024-01-18 12:19:51.298 [info] Added views:~remote.forwardedPorts in ~remote.forwardedPortsContainer
