2024-01-16 15:00:26.648 [info] Log level: Info
2024-01-16 15:00:26.648 [info] Validating found git in: "git"
2024-01-16 15:00:26.648 [info] Using git "2.43.0" from "git"
2024-01-16 15:00:26.648 [info] > git rev-parse --show-toplevel [5ms]
2024-01-16 15:00:26.648 [info] > git rev-parse --git-dir --git-common-dir [3ms]
2024-01-16 15:00:26.648 [info] Open repository: /home/mahin/.config/hypr
2024-01-16 15:00:26.649 [info] > git rev-parse --show-toplevel [53ms]
2024-01-16 15:00:26.650 [info] > git config --get commit.template [67ms]
2024-01-16 15:00:26.690 [info] > git rev-parse --show-toplevel [20ms]
2024-01-16 15:00:26.702 [info] > git for-each-ref --format=%(refname)%00%(upstream:short)%00%(objectname)%00%(upstream:track)%00%(upstream:remotename)%00%(upstream:remoteref) refs/heads/main refs/remotes/main [19ms]
2024-01-16 15:00:26.712 [warning] ENOENT: no such file or directory, open '/home/mahin/.config/hypr/.git/refs/remotes/origin/main'
2024-01-16 15:00:26.712 [info] > git rev-parse --show-toplevel [11ms]
2024-01-16 15:00:26.718 [info] > git rev-parse refs/remotes/origin/main [7ms]
2024-01-16 15:00:26.748 [info] > git rev-parse --show-toplevel [31ms]
2024-01-16 15:00:26.769 [info] > git status -z -uall [40ms]
2024-01-16 15:00:26.769 [info] > git rev-parse --show-toplevel [9ms]
2024-01-16 15:00:26.797 [info] > git rev-parse --show-toplevel [12ms]
2024-01-16 15:00:26.806 [info] > git config --get commit.template [13ms]
2024-01-16 15:00:26.816 [info] > git rev-parse --show-toplevel [11ms]
2024-01-16 15:00:26.850 [info] > git for-each-ref --format=%(refname)%00%(upstream:short)%00%(objectname)%00%(upstream:track)%00%(upstream:remotename)%00%(upstream:remoteref) refs/heads/main refs/remotes/main [35ms]
2024-01-16 15:00:26.870 [warning] ENOENT: no such file or directory, open '/home/mahin/.config/hypr/.git/refs/remotes/origin/main'
2024-01-16 15:00:26.871 [info] > git rev-parse --show-toplevel [22ms]
2024-01-16 15:00:26.907 [info] > git rev-parse refs/remotes/origin/main [37ms]
2024-01-16 15:00:26.952 [info] > git status -z -uall [37ms]
2024-01-16 15:00:26.961 [info] > git rev-parse --show-toplevel [55ms]
2024-01-16 15:00:27.002 [info] > git rev-parse --show-toplevel [30ms]
2024-01-16 15:00:27.026 [info] > git rev-parse --show-toplevel [1ms]
2024-01-16 15:00:27.039 [info] > git rev-parse --show-toplevel [1ms]
2024-01-16 15:00:27.082 [info] > git rev-parse --show-toplevel [33ms]
2024-01-16 15:00:27.098 [info] > git rev-parse --show-toplevel [2ms]
2024-01-16 15:00:27.164 [info] > git check-ignore -v -z --stdin [3ms]
2024-01-16 15:00:27.603 [info] > git show --textconv :kitty/kitty.conf [12ms]
2024-01-16 15:00:27.604 [info] > git ls-files --stage -- /home/mahin/.config/hypr/kitty/kitty.conf [3ms]
2024-01-16 15:00:27.628 [info] > git cat-file -s 9a66e4db3070ff06ee795cf18e521b7d515123f6 [16ms]
2024-01-16 15:00:34.471 [info] > git check-ignore -v -z --stdin [3ms]
2024-01-16 15:00:36.646 [info] > git show --textconv :waybar/config.jsonc [12ms]
2024-01-16 15:00:36.647 [info] > git ls-files --stage -- /home/mahin/.config/hypr/waybar/config.jsonc [2ms]
2024-01-16 15:00:36.658 [info] > git cat-file -s 27fecbadcaa4eca8965db3059a4b3de238c05f71 [1ms]
2024-01-16 15:00:54.066 [info] > git config --get commit.template [2ms]
2024-01-16 15:00:54.080 [info] > git for-each-ref --format=%(refname)%00%(upstream:short)%00%(objectname)%00%(upstream:track)%00%(upstream:remotename)%00%(upstream:remoteref) refs/heads/main refs/remotes/main [2ms]
2024-01-16 15:00:54.089 [warning] ENOENT: no such file or directory, open '/home/mahin/.config/hypr/.git/refs/remotes/origin/main'
2024-01-16 15:00:54.091 [info] > git rev-parse refs/remotes/origin/main [2ms]
2024-01-16 15:00:54.120 [info] > git status -z -uall [23ms]
2024-01-16 15:00:59.380 [info] > git config --get commit.template [1ms]
2024-01-16 15:00:59.389 [info] > git for-each-ref --format=%(refname)%00%(upstream:short)%00%(objectname)%00%(upstream:track)%00%(upstream:remotename)%00%(upstream:remoteref) refs/heads/main refs/remotes/main [3ms]
2024-01-16 15:00:59.394 [warning] ENOENT: no such file or directory, open '/home/mahin/.config/hypr/.git/refs/remotes/origin/main'
2024-01-16 15:00:59.395 [info] > git rev-parse refs/remotes/origin/main [1ms]
2024-01-16 15:00:59.422 [info] > git status -z -uall [23ms]
2024-01-16 15:01:04.443 [info] > git config --get commit.template [10ms]
2024-01-16 15:01:04.444 [info] > git for-each-ref --format=%(refname)%00%(upstream:short)%00%(objectname)%00%(upstream:track)%00%(upstream:remotename)%00%(upstream:remoteref) refs/heads/main refs/remotes/main [1ms]
2024-01-16 15:01:04.449 [warning] ENOENT: no such file or directory, open '/home/mahin/.config/hypr/.git/refs/remotes/origin/main'
2024-01-16 15:01:04.449 [info] > git rev-parse refs/remotes/origin/main [1ms]
2024-01-16 15:01:04.483 [info] > git status -z -uall [26ms]
