2024-01-18 11:58:19.822 [info] Added views:workbench.panel.markers.view in workbench.panel.markers
2024-01-18 11:58:19.822 [info] Added views:workbench.panel.output in workbench.panel.output
2024-01-18 11:58:19.822 [info] Added views:terminal in terminal
2024-01-18 11:58:19.822 [info] Added views:outline in workbench.view.explorer
2024-01-18 11:58:19.822 [info] Added views:workbench.scm in workbench.view.scm
2024-01-18 11:58:19.822 [info] Added views:workbench.view.search in workbench.view.search
2024-01-18 11:58:19.822 [info] Added views:timeline in workbench.view.explorer
2024-01-18 11:58:19.822 [info] Added views:workbench.explorer.emptyView in workbench.view.explorer
2024-01-18 11:58:20.249 [info] Added views:workbench.debug.welcome in workbench.view.debug
2024-01-18 11:58:20.348 [info] Added views:workbench.panel.repl.view in workbench.panel.repl
2024-01-18 11:58:20.401 [info] Added views:~remote.forwardedPorts in ~remote.forwardedPortsContainer
2024-01-18 12:01:02.833 [info] Added views:workbench.panel.markers.view in workbench.panel.markers
2024-01-18 12:01:02.833 [info] Added views:workbench.panel.output in workbench.panel.output
2024-01-18 12:01:02.833 [info] Added views:terminal in terminal
2024-01-18 12:01:02.833 [info] Added views:outline in workbench.view.explorer
2024-01-18 12:01:02.833 [info] Added views:workbench.scm in workbench.view.scm
2024-01-18 12:01:02.833 [info] Added views:workbench.view.search in workbench.view.search
2024-01-18 12:01:02.833 [info] Added views:timeline in workbench.view.explorer
2024-01-18 12:01:02.833 [info] Added views:workbench.explorer.fileView in workbench.view.explorer
2024-01-18 12:01:03.052 [info] Added views:workbench.debug.welcome in workbench.view.debug
2024-01-18 12:01:03.483 [info] Added views:workbench.panel.repl.view in workbench.panel.repl
2024-01-18 12:01:04.495 [info] Added views:~remote.forwardedPorts in ~remote.forwardedPortsContainer
2024-01-18 12:03:24.368 [info] Added views:workbench.panel.markers.view in workbench.panel.markers
2024-01-18 12:03:24.368 [info] Added views:workbench.panel.output in workbench.panel.output
2024-01-18 12:03:24.368 [info] Added views:terminal in terminal
2024-01-18 12:03:24.368 [info] Added views:outline in workbench.view.explorer
2024-01-18 12:03:24.368 [info] Added views:workbench.scm in workbench.view.scm
2024-01-18 12:03:24.368 [info] Added views:workbench.view.search in workbench.view.search
2024-01-18 12:03:24.368 [info] Added views:timeline in workbench.view.explorer
2024-01-18 12:03:24.368 [info] Added views:workbench.explorer.emptyView in workbench.view.explorer
2024-01-18 12:03:24.854 [info] Added views:workbench.debug.variablesView,workbench.debug.watchExpressionsView,workbench.debug.callStackView,workbench.debug.breakPointsView in workbench.view.debug
2024-01-18 12:03:24.874 [info] Added views:workbench.panel.repl.view in workbench.panel.repl
2024-01-18 12:03:24.876 [info] Removed views:workbench.debug.breakPointsView,workbench.debug.callStackView,workbench.debug.watchExpressionsView,workbench.debug.variablesView from workbench.view.debug
2024-01-18 12:03:24.877 [info] Added views:workbench.debug.welcome in workbench.view.debug
