2024-01-19 16:04:03.789 [info] Log level: Info
2024-01-19 16:04:03.789 [info] Validating found git in: "git"
2024-01-19 16:04:03.789 [info] Using git "2.43.0" from "git"
2024-01-19 16:04:03.789 [info] > git rev-parse --show-toplevel [10ms]
2024-01-19 16:04:03.789 [info] > git rev-parse --git-dir --git-common-dir [1ms]
2024-01-19 16:04:03.789 [info] Open repository: /home/mahin/.config/hypr
2024-01-19 16:04:03.790 [info] > git rev-parse --show-toplevel [761ms]
2024-01-19 16:04:03.791 [info] > git config --get commit.template [767ms]
2024-01-19 16:04:03.828 [info] > git rev-parse --show-toplevel [13ms]
2024-01-19 16:04:03.837 [info] > git rev-parse --show-toplevel [2ms]
2024-01-19 16:04:03.846 [info] > git rev-parse --show-toplevel [1ms]
2024-01-19 16:04:03.859 [info] > git rev-parse --show-toplevel [3ms]
2024-01-19 16:04:03.869 [info] > git for-each-ref --format=%(refname)%00%(upstream:short)%00%(objectname)%00%(upstream:track)%00%(upstream:remotename)%00%(upstream:remoteref) refs/heads/main refs/remotes/main [43ms]
2024-01-19 16:04:03.877 [warning] ENOENT: no such file or directory, open '/home/mahin/.config/hypr/.git/refs/remotes/origin/main'
2024-01-19 16:04:03.878 [info] > git rev-parse --show-toplevel [12ms]
2024-01-19 16:04:03.887 [info] > git rev-parse refs/remotes/origin/main [10ms]
2024-01-19 16:04:03.895 [info] > git rev-parse --show-toplevel [9ms]
2024-01-19 16:04:03.907 [info] > git rev-parse --show-toplevel [1ms]
2024-01-19 16:04:03.915 [info] > git rev-parse --show-toplevel [2ms]
2024-01-19 16:04:03.925 [info] > git rev-parse --show-toplevel [2ms]
2024-01-19 16:04:03.933 [info] > git rev-parse --show-toplevel [3ms]
2024-01-19 16:04:03.943 [info] > git rev-parse --show-toplevel [1ms]
2024-01-19 16:04:03.949 [info] > git rev-parse --show-toplevel [2ms]
2024-01-19 16:04:03.960 [info] > git rev-parse --show-toplevel [2ms]
2024-01-19 16:04:04.306 [info] > git check-ignore -v -z --stdin [2ms]
2024-01-19 16:04:04.652 [info] > git show --textconv :scripts/baraction [10ms]
2024-01-19 16:04:04.654 [info] > git ls-files --stage -- /home/mahin/.config/hypr/scripts/baraction [3ms]
2024-01-19 16:04:04.738 [info] > git cat-file -s 65340d5403fdfb541094fd75a4056a5a6a5d9749 [77ms]
2024-01-19 16:04:05.334 [info] > git status -z -uall [1440ms]
2024-01-19 16:04:05.348 [info] > git config --get commit.template [3ms]
2024-01-19 16:04:05.358 [info] > git for-each-ref --format=%(refname)%00%(upstream:short)%00%(objectname)%00%(upstream:track)%00%(upstream:remotename)%00%(upstream:remoteref) refs/heads/main refs/remotes/main [2ms]
2024-01-19 16:04:05.362 [warning] ENOENT: no such file or directory, open '/home/mahin/.config/hypr/.git/refs/remotes/origin/main'
2024-01-19 16:04:05.365 [info] > git rev-parse refs/remotes/origin/main [3ms]
2024-01-19 16:04:05.538 [info] > git status -z -uall [166ms]
2024-01-19 16:04:06.885 [info] > git config --get commit.template [19ms]
2024-01-19 16:04:06.887 [info] > git for-each-ref --format=%(refname)%00%(upstream:short)%00%(objectname)%00%(upstream:track)%00%(upstream:remotename)%00%(upstream:remoteref) refs/heads/main refs/remotes/main [5ms]
2024-01-19 16:04:06.899 [warning] ENOENT: no such file or directory, open '/home/mahin/.config/hypr/.git/refs/remotes/origin/main'
2024-01-19 16:04:06.901 [info] > git rev-parse refs/remotes/origin/main [3ms]
2024-01-19 16:04:06.945 [info] > git status -z -uall [34ms]
2024-01-19 16:04:06.957 [info] > git ls-files --stage -- /home/mahin/.config/hypr/scripts/baraction [0ms]
2024-01-19 16:04:06.962 [info] > git cat-file -s 65340d5403fdfb541094fd75a4056a5a6a5d9749 [1ms]
2024-01-19 16:04:06.969 [info] > git show --textconv :scripts/baraction [1ms]
2024-01-19 16:04:08.389 [info] > git show --textconv :scripts/baraction [24ms]
2024-01-19 16:04:08.390 [info] > git ls-files --stage -- /home/mahin/.config/hypr/scripts/baraction [5ms]
2024-01-19 16:04:08.403 [info] > git cat-file -s 65340d5403fdfb541094fd75a4056a5a6a5d9749 [4ms]
2024-01-19 16:04:11.863 [info] > git check-ignore -v -z --stdin [3ms]
