2024-01-18 11:43:05.840 [info] Log level: Info
2024-01-18 11:43:05.840 [info] Validating found git in: "git"
2024-01-18 11:43:05.840 [info] Using git "2.43.0" from "git"
2024-01-18 11:43:05.840 [info] > git rev-parse --show-toplevel [1ms]
2024-01-18 11:43:05.840 [info] > git rev-parse --git-dir --git-common-dir [1ms]
2024-01-18 11:43:05.840 [info] Open repository: /home/mahin/Hyprland-Dots-01
2024-01-18 11:43:05.840 [info] > git rev-parse --show-toplevel [6ms]
2024-01-18 11:43:05.840 [info] > git rev-parse --show-toplevel [1ms]
2024-01-18 11:43:05.840 [info] > git rev-parse --show-toplevel [1ms]
2024-01-18 11:43:05.840 [info] > git rev-parse --show-toplevel [1ms]
2024-01-18 11:43:05.840 [info] > git config --get commit.template [29ms]
2024-01-18 11:43:05.840 [info] > git rev-parse --show-toplevel [2ms]
2024-01-18 11:43:05.840 [info] > git rev-parse --show-toplevel [1ms]
2024-01-18 11:43:05.840 [info] > git rev-parse --show-toplevel [0ms]
2024-01-18 11:43:05.840 [info] > git for-each-ref --format=%(refname)%00%(upstream:short)%00%(objectname)%00%(upstream:track)%00%(upstream:remotename)%00%(upstream:remoteref) refs/heads/development refs/remotes/development [37ms]
2024-01-18 11:43:05.840 [info] > git rev-parse --show-toplevel [5ms]
2024-01-18 11:43:05.840 [info] > git rev-parse --show-toplevel [0ms]
2024-01-18 11:43:05.840 [info] > git rev-parse --show-toplevel [1ms]
2024-01-18 11:43:05.840 [info] > git rev-parse --show-toplevel [0ms]
2024-01-18 11:43:05.840 [info] > git rev-parse --show-toplevel [1ms]
2024-01-18 11:43:05.840 [info] > git status -z -uall [25ms]
2024-01-18 11:43:05.840 [info] > git rev-parse --show-toplevel [8ms]
2024-01-18 11:43:05.840 [info] > git config --get commit.template [2ms]
2024-01-18 11:43:05.840 [info] > git for-each-ref --format=%(refname)%00%(upstream:short)%00%(objectname)%00%(upstream:track)%00%(upstream:remotename)%00%(upstream:remoteref) refs/heads/development refs/remotes/development [2ms]
2024-01-18 11:43:05.840 [info] > git status -z -uall [1ms]
2024-01-18 11:43:07.373 [info] > git ls-files --stage -- /home/mahin/Hyprland-Dots-01/Help.md [17ms]
2024-01-18 11:43:07.517 [info] > git show --textconv :Help.md [167ms]
2024-01-18 11:43:07.518 [info] > git cat-file -s 4707bab705ff9c0e7fb4c88d718b3e228930d4c3 [141ms]
2024-01-18 11:43:07.647 [info] > git check-ignore -v -z --stdin [3ms]
2024-01-18 11:43:09.160 [info] > git show --textconv :README.md [15ms]
2024-01-18 11:43:09.161 [info] > git ls-files --stage -- /home/mahin/Hyprland-Dots-01/README.md [2ms]
2024-01-18 11:43:09.181 [info] > git cat-file -s 0a1d65c717cf68975847cbb21a05da8c124b5e11 [12ms]
2024-01-18 11:43:09.183 [info] > git config --get commit.template [3ms]
2024-01-18 11:43:09.191 [info] > git for-each-ref --format=%(refname)%00%(upstream:short)%00%(objectname)%00%(upstream:track)%00%(upstream:remotename)%00%(upstream:remoteref) refs/heads/development refs/remotes/development [2ms]
2024-01-18 11:43:09.200 [info] > git status -z -uall [5ms]
2024-01-18 11:43:09.277 [info] > git ls-files --stage -- /home/mahin/Hyprland-Dots-01/README.md [1ms]
2024-01-18 11:43:09.286 [info] > git cat-file -s 0a1d65c717cf68975847cbb21a05da8c124b5e11 [2ms]
2024-01-18 11:43:09.292 [info] > git show --textconv :README.md [0ms]
2024-01-18 11:43:12.235 [info] > git ls-files --stage -- /home/mahin/Hyprland-Dots-01/configs/wrules.conf [3ms]
2024-01-18 11:43:12.389 [info] > git show --textconv :configs/wrules.conf [165ms]
2024-01-18 11:43:12.389 [info] > git cat-file -s e7600c602d307d1765b4164d35ca24cd22ed930b [147ms]
2024-01-18 11:43:26.904 [info] > git ls-files --stage -- /home/mahin/Hyprland-Dots-01/configs/settings.conf [2ms]
2024-01-18 11:43:26.917 [info] > git show --textconv :configs/settings.conf [26ms]
2024-01-18 11:43:26.919 [info] > git cat-file -s 0631a8d776360cb5aa41dd7766e7607b1c271506 [4ms]
2024-01-18 11:43:30.914 [info] > git show --textconv :configs/wrules.conf [19ms]
2024-01-18 11:43:30.917 [info] > git ls-files --stage -- /home/mahin/Hyprland-Dots-01/configs/wrules.conf [4ms]
2024-01-18 11:43:30.927 [info] > git cat-file -s e7600c602d307d1765b4164d35ca24cd22ed930b [2ms]
2024-01-18 11:43:32.836 [info] > git check-ignore -v -z --stdin [4ms]
2024-01-18 11:43:34.870 [info] > git check-ignore -v -z --stdin [3ms]
2024-01-18 11:43:38.140 [info] > git show --textconv :neofetch/config.conf [19ms]
2024-01-18 11:43:38.144 [info] > git ls-files --stage -- /home/mahin/Hyprland-Dots-01/neofetch/config.conf [6ms]
2024-01-18 11:43:38.155 [info] > git cat-file -s c25b747234909fb74d49d44fb5c0fb5adbad2fda [2ms]
2024-01-18 11:44:06.231 [info] > git config --get commit.template [18ms]
2024-01-18 11:44:06.232 [info] > git for-each-ref --format=%(refname)%00%(upstream:short)%00%(objectname)%00%(upstream:track)%00%(upstream:remotename)%00%(upstream:remoteref) refs/heads/development refs/remotes/development [5ms]
2024-01-18 11:44:06.243 [info] > git status -z -uall [2ms]
2024-01-18 11:44:17.179 [info] > git config --get commit.template [18ms]
2024-01-18 11:44:17.181 [info] > git for-each-ref --format=%(refname)%00%(upstream:short)%00%(objectname)%00%(upstream:track)%00%(upstream:remotename)%00%(upstream:remoteref) refs/heads/development refs/remotes/development [4ms]
2024-01-18 11:44:17.203 [info] > git status -z -uall [6ms]
2024-01-18 11:44:25.075 [info] > git config --get commit.template [3ms]
2024-01-18 11:44:25.094 [info] > git for-each-ref --format=%(refname)%00%(upstream:short)%00%(objectname)%00%(upstream:track)%00%(upstream:remotename)%00%(upstream:remoteref) refs/heads/development refs/remotes/development [4ms]
2024-01-18 11:44:25.111 [info] > git status -z -uall [4ms]
2024-01-18 11:44:39.173 [info] > git config --get commit.template [18ms]
2024-01-18 11:44:39.174 [info] > git for-each-ref --format=%(refname)%00%(upstream:short)%00%(objectname)%00%(upstream:track)%00%(upstream:remotename)%00%(upstream:remoteref) refs/heads/development refs/remotes/development [4ms]
2024-01-18 11:44:39.192 [info] > git status -z -uall [3ms]
2024-01-18 11:44:44.220 [info] > git config --get commit.template [12ms]
2024-01-18 11:44:44.221 [info] > git for-each-ref --format=%(refname)%00%(upstream:short)%00%(objectname)%00%(upstream:track)%00%(upstream:remotename)%00%(upstream:remoteref) refs/heads/development refs/remotes/development [2ms]
2024-01-18 11:44:44.235 [info] > git status -z -uall [4ms]
2024-01-18 11:44:59.307 [info] > git show --textconv :neofetch/arch-config.conf [6ms]
2024-01-18 11:44:59.309 [info] > git ls-files --stage -- /home/mahin/Hyprland-Dots-01/neofetch/arch-config.conf [2ms]
2024-01-18 11:44:59.553 [info] > git check-ignore -v -z --stdin [4ms]
2024-01-18 11:45:00.100 [info] > git config --get commit.template [18ms]
2024-01-18 11:45:00.101 [info] > git for-each-ref --format=%(refname)%00%(upstream:short)%00%(objectname)%00%(upstream:track)%00%(upstream:remotename)%00%(upstream:remoteref) refs/heads/development refs/remotes/development [4ms]
2024-01-18 11:45:00.118 [info] > git status -z -uall [5ms]
2024-01-18 11:45:02.734 [info] > git show --textconv :neofetch/arch-config copy.conf [18ms]
2024-01-18 11:45:02.738 [info] > git ls-files --stage -- /home/mahin/Hyprland-Dots-01/neofetch/arch-config copy.conf [5ms]
2024-01-18 11:45:02.986 [info] > git check-ignore -v -z --stdin [4ms]
2024-01-18 11:45:05.153 [info] > git config --get commit.template [14ms]
2024-01-18 11:45:05.154 [info] > git for-each-ref --format=%(refname)%00%(upstream:short)%00%(objectname)%00%(upstream:track)%00%(upstream:remotename)%00%(upstream:remoteref) refs/heads/development refs/remotes/development [3ms]
2024-01-18 11:45:05.164 [info] > git status -z -uall [3ms]
2024-01-18 11:45:24.849 [info] > git show --textconv :neofetch/fedora-config.conf [19ms]
2024-01-18 11:45:24.853 [info] > git ls-files --stage -- /home/mahin/Hyprland-Dots-01/neofetch/fedora-config.conf [6ms]
2024-01-18 11:45:25.108 [info] > git check-ignore -v -z --stdin [3ms]
2024-01-18 11:45:25.620 [info] > git config --get commit.template [7ms]
2024-01-18 11:45:25.635 [info] > git for-each-ref --format=%(refname)%00%(upstream:short)%00%(objectname)%00%(upstream:track)%00%(upstream:remotename)%00%(upstream:remoteref) refs/heads/development refs/remotes/development [3ms]
2024-01-18 11:45:25.648 [info] > git status -z -uall [3ms]
2024-01-18 11:45:54.569 [info] > git for-each-ref --format=%(refname)%00%(upstream:short)%00%(objectname)%00%(upstream:track)%00%(upstream:remotename)%00%(upstream:remoteref) refs/heads/development refs/remotes/development [3ms]
2024-01-18 11:45:54.569 [info] > git config --get commit.template [14ms]
2024-01-18 11:45:54.579 [info] > git status -z -uall [3ms]
2024-01-18 11:49:33.437 [info] > git show --textconv :neofetch/arch-config.conf [18ms]
2024-01-18 11:49:33.440 [info] > git ls-files --stage -- /home/mahin/Hyprland-Dots-01/neofetch/arch-config.conf [5ms]
2024-01-18 11:53:14.683 [info] > git show --textconv :neofetch/config.conf.back [17ms]
2024-01-18 11:53:14.687 [info] > git ls-files --stage -- /home/mahin/Hyprland-Dots-01/neofetch/config.conf.back [5ms]
2024-01-18 11:53:14.704 [info] > git cat-file -s cdba4c6630d13921d8b0ce40b325c7c4879b09ba [3ms]
2024-01-18 11:53:15.993 [info] > git show --textconv :neofetch/arch-config.conf [19ms]
2024-01-18 11:53:15.996 [info] > git ls-files --stage -- /home/mahin/Hyprland-Dots-01/neofetch/arch-config.conf [4ms]
2024-01-18 11:53:16.740 [info] > git show --textconv :neofetch/config.conf.backup [14ms]
2024-01-18 11:53:16.743 [info] > git ls-files --stage -- /home/mahin/Hyprland-Dots-01/neofetch/config.conf.backup [4ms]
2024-01-18 11:53:16.752 [info] > git cat-file -s 5c962a5c0ab33eed59df6709b34930b76992e9b1 [2ms]
2024-01-18 11:53:16.816 [info] > git config --get commit.template [8ms]
2024-01-18 11:53:16.817 [info] > git for-each-ref --format=%(refname)%00%(upstream:short)%00%(objectname)%00%(upstream:track)%00%(upstream:remotename)%00%(upstream:remoteref) refs/heads/development refs/remotes/development [1ms]
2024-01-18 11:53:16.826 [info] > git status -z -uall [2ms]
2024-01-18 11:53:18.144 [info] > git show --textconv :neofetch/arch-config.conf [15ms]
2024-01-18 11:53:18.147 [info] > git ls-files --stage -- /home/mahin/Hyprland-Dots-01/neofetch/arch-config.conf [3ms]
2024-01-18 11:53:21.854 [info] > git config --get commit.template [4ms]
2024-01-18 11:53:21.868 [info] > git for-each-ref --format=%(refname)%00%(upstream:short)%00%(objectname)%00%(upstream:track)%00%(upstream:remotename)%00%(upstream:remoteref) refs/heads/development refs/remotes/development [2ms]
2024-01-18 11:53:21.878 [info] > git status -z -uall [2ms]
2024-01-18 11:53:34.270 [info] > git config --get commit.template [14ms]
2024-01-18 11:53:34.272 [info] > git for-each-ref --format=%(refname)%00%(upstream:short)%00%(objectname)%00%(upstream:track)%00%(upstream:remotename)%00%(upstream:remoteref) refs/heads/development refs/remotes/development [4ms]
2024-01-18 11:53:34.290 [info] > git status -z -uall [3ms]
2024-01-18 11:53:34.640 [info] > git show --textconv :neofetch/fedora-config.conf [21ms]
2024-01-18 11:53:34.644 [info] > git ls-files --stage -- /home/mahin/Hyprland-Dots-01/neofetch/fedora-config.conf [5ms]
2024-01-18 11:53:39.360 [info] > git config --get commit.template [15ms]
2024-01-18 11:53:39.360 [info] > git for-each-ref --format=%(refname)%00%(upstream:short)%00%(objectname)%00%(upstream:track)%00%(upstream:remotename)%00%(upstream:remoteref) refs/heads/development refs/remotes/development [2ms]
2024-01-18 11:53:39.370 [info] > git status -z -uall [3ms]
2024-01-18 11:53:47.873 [info] > git show --textconv :neofetch/arch-config.conf [12ms]
2024-01-18 11:53:47.874 [info] > git ls-files --stage -- /home/mahin/Hyprland-Dots-01/neofetch/arch-config.conf [2ms]
2024-01-18 11:53:48.576 [info] > git config --get commit.template [2ms]
2024-01-18 11:53:48.587 [info] > git for-each-ref --format=%(refname)%00%(upstream:short)%00%(objectname)%00%(upstream:track)%00%(upstream:remotename)%00%(upstream:remoteref) refs/heads/development refs/remotes/development [3ms]
2024-01-18 11:53:48.596 [info] > git status -z -uall [2ms]
2024-01-18 11:53:53.635 [info] > git config --get commit.template [17ms]
2024-01-18 11:53:53.637 [info] > git for-each-ref --format=%(refname)%00%(upstream:short)%00%(objectname)%00%(upstream:track)%00%(upstream:remotename)%00%(upstream:remoteref) refs/heads/development refs/remotes/development [3ms]
2024-01-18 11:53:53.656 [info] > git status -z -uall [5ms]
2024-01-18 11:54:00.702 [info] > git config --get commit.template [14ms]
2024-01-18 11:54:00.704 [info] > git for-each-ref --format=%(refname)%00%(upstream:short)%00%(objectname)%00%(upstream:track)%00%(upstream:remotename)%00%(upstream:remoteref) refs/heads/development refs/remotes/development [3ms]
2024-01-18 11:54:00.722 [info] > git status -z -uall [5ms]
2024-01-18 11:54:05.760 [info] > git config --get commit.template [16ms]
2024-01-18 11:54:05.761 [info] > git for-each-ref --format=%(refname)%00%(upstream:short)%00%(objectname)%00%(upstream:track)%00%(upstream:remotename)%00%(upstream:remoteref) refs/heads/development refs/remotes/development [3ms]
2024-01-18 11:54:05.779 [info] > git status -z -uall [5ms]
2024-01-18 11:54:06.936 [info] > git show --textconv :neofetch/fedora-config.conf [20ms]
2024-01-18 11:54:06.941 [info] > git ls-files --stage -- /home/mahin/Hyprland-Dots-01/neofetch/fedora-config.conf [7ms]
2024-01-18 11:54:10.804 [info] > git config --get commit.template [2ms]
2024-01-18 11:54:10.816 [info] > git for-each-ref --format=%(refname)%00%(upstream:short)%00%(objectname)%00%(upstream:track)%00%(upstream:remotename)%00%(upstream:remoteref) refs/heads/development refs/remotes/development [1ms]
2024-01-18 11:54:10.829 [info] > git status -z -uall [2ms]
2024-01-18 11:54:15.868 [info] > git config --get commit.template [19ms]
2024-01-18 11:54:15.870 [info] > git for-each-ref --format=%(refname)%00%(upstream:short)%00%(objectname)%00%(upstream:track)%00%(upstream:remotename)%00%(upstream:remoteref) refs/heads/development refs/remotes/development [5ms]
2024-01-18 11:54:15.886 [info] > git status -z -uall [4ms]
2024-01-18 11:54:20.912 [info] > git config --get commit.template [12ms]
2024-01-18 11:54:20.913 [info] > git for-each-ref --format=%(refname)%00%(upstream:short)%00%(objectname)%00%(upstream:track)%00%(upstream:remotename)%00%(upstream:remoteref) refs/heads/development refs/remotes/development [2ms]
2024-01-18 11:54:20.926 [info] > git status -z -uall [3ms]
2024-01-18 11:54:23.123 [info] > git show --textconv :neofetch/arch-config.conf [18ms]
2024-01-18 11:54:23.127 [info] > git ls-files --stage -- /home/mahin/Hyprland-Dots-01/neofetch/arch-config.conf [6ms]
2024-01-18 11:54:28.572 [info] > git config --get commit.template [20ms]
2024-01-18 11:54:28.575 [info] > git for-each-ref --format=%(refname)%00%(upstream:short)%00%(objectname)%00%(upstream:track)%00%(upstream:remotename)%00%(upstream:remoteref) refs/heads/development refs/remotes/development [6ms]
2024-01-18 11:54:28.597 [info] > git status -z -uall [4ms]
2024-01-18 11:54:28.924 [info] > git show --textconv :neofetch/fedora-config.conf [10ms]
2024-01-18 11:54:28.926 [info] > git ls-files --stage -- /home/mahin/Hyprland-Dots-01/neofetch/fedora-config.conf [3ms]
2024-01-18 11:54:33.635 [info] > git config --get commit.template [15ms]
2024-01-18 11:54:33.637 [info] > git for-each-ref --format=%(refname)%00%(upstream:short)%00%(objectname)%00%(upstream:track)%00%(upstream:remotename)%00%(upstream:remoteref) refs/heads/development refs/remotes/development [3ms]
2024-01-18 11:54:33.652 [info] > git status -z -uall [4ms]
2024-01-18 11:55:43.309 [info] > git show --textconv :neofetch/arch-config.conf [17ms]
2024-01-18 11:55:43.311 [info] > git ls-files --stage -- /home/mahin/Hyprland-Dots-01/neofetch/arch-config.conf [3ms]
2024-01-18 11:55:43.932 [info] > git config --get commit.template [17ms]
2024-01-18 11:55:43.933 [info] > git for-each-ref --format=%(refname)%00%(upstream:short)%00%(objectname)%00%(upstream:track)%00%(upstream:remotename)%00%(upstream:remoteref) refs/heads/development refs/remotes/development [2ms]
2024-01-18 11:55:43.947 [info] > git status -z -uall [3ms]
2024-01-18 11:55:48.974 [info] > git config --get commit.template [2ms]
2024-01-18 11:55:48.993 [info] > git for-each-ref --format=%(refname)%00%(upstream:short)%00%(objectname)%00%(upstream:track)%00%(upstream:remotename)%00%(upstream:remoteref) refs/heads/development refs/remotes/development [4ms]
2024-01-18 11:55:49.013 [info] > git status -z -uall [5ms]
2024-01-18 11:55:51.223 [info] > git show --textconv :neofetch/fedora-config.conf [15ms]
2024-01-18 11:55:51.225 [info] > git ls-files --stage -- /home/mahin/Hyprland-Dots-01/neofetch/fedora-config.conf [3ms]
2024-01-18 11:55:53.136 [info] > git show --textconv :neofetch/arch-config.conf [14ms]
2024-01-18 11:55:53.138 [info] > git ls-files --stage -- /home/mahin/Hyprland-Dots-01/neofetch/arch-config.conf [3ms]
2024-01-18 11:55:54.264 [info] > git show --textconv :neofetch/fedora-config.conf [15ms]
2024-01-18 11:55:54.266 [info] > git ls-files --stage -- /home/mahin/Hyprland-Dots-01/neofetch/fedora-config.conf [3ms]
2024-01-18 11:56:24.914 [info] > git config --get commit.template [2ms]
2024-01-18 11:56:24.923 [info] > git for-each-ref --format=%(refname)%00%(upstream:short)%00%(objectname)%00%(upstream:track)%00%(upstream:remotename)%00%(upstream:remoteref) refs/heads/development refs/remotes/development [1ms]
2024-01-18 11:56:24.934 [info] > git status -z -uall [3ms]
2024-01-18 11:56:25.012 [info] > git ls-files --stage -- /home/mahin/Hyprland-Dots-01/neofetch/fedora-config.conf [1ms]
2024-01-18 11:56:25.020 [info] > git cat-file -s 861637680d73ff94c61b7d4f31b3eaabb7196298 [1ms]
2024-01-18 11:56:25.029 [info] > git show --textconv :neofetch/fedora-config.conf [1ms]
2024-01-18 11:56:37.826 [info] > git config --get commit.template [11ms]
2024-01-18 11:56:37.827 [info] > git for-each-ref --format=%(refname)%00%(upstream:short)%00%(objectname)%00%(upstream:track)%00%(upstream:remotename)%00%(upstream:remoteref) refs/heads/development refs/remotes/development [2ms]
2024-01-18 11:56:37.839 [info] > git status -z -uall [3ms]
2024-01-18 11:56:37.912 [info] > git ls-files --stage -- /home/mahin/Hyprland-Dots-01/neofetch/fedora-config.conf [2ms]
2024-01-18 11:56:37.920 [info] > git cat-file -s 861637680d73ff94c61b7d4f31b3eaabb7196298 [1ms]
2024-01-18 11:56:37.931 [info] > git show --textconv :neofetch/fedora-config.conf [2ms]
2024-01-18 11:56:51.358 [info] Log level: Info
2024-01-18 11:56:51.358 [info] Validating found git in: "git"
2024-01-18 11:56:51.358 [info] Using git "2.43.0" from "git"
