2024-01-18 12:04:18.457 [info] Log level: Info
2024-01-18 12:04:18.457 [info] Validating found git in: "git"
2024-01-18 12:04:18.457 [info] Using git "2.43.0" from "git"
2024-01-18 12:04:18.457 [info] > git rev-parse --show-toplevel [6ms]
2024-01-18 12:04:18.457 [info] > git rev-parse --git-dir --git-common-dir [1ms]
2024-01-18 12:04:18.457 [info] Open repository: /main/Code/all git-clones/Fedora-Hyprland
2024-01-18 12:04:18.458 [info] > git rev-parse --show-toplevel [2ms]
2024-01-18 12:04:18.459 [info] > git config --get commit.template [6ms]
2024-01-18 12:04:18.471 [info] > git rev-parse --show-toplevel [4ms]
2024-01-18 12:04:18.476 [info] > git for-each-ref --format=%(refname)%00%(upstream:short)%00%(objectname)%00%(upstream:track)%00%(upstream:remotename)%00%(upstream:remoteref) refs/heads/main refs/remotes/main [6ms]
2024-01-18 12:04:18.481 [warning] ENOENT: no such file or directory, open '/main/Code/all git-clones/Fedora-Hyprland/.git/refs/remotes/origin/main'
2024-01-18 12:04:18.482 [info] > git rev-parse --show-toplevel [7ms]
2024-01-18 12:04:18.484 [info] > git rev-parse refs/remotes/origin/main [3ms]
2024-01-18 12:04:18.499 [info] > git status -z -uall [12ms]
2024-01-18 12:04:18.509 [info] > git config --get commit.template [2ms]
2024-01-18 12:04:18.531 [info] > git for-each-ref --format=%(refname)%00%(upstream:short)%00%(objectname)%00%(upstream:track)%00%(upstream:remotename)%00%(upstream:remoteref) refs/heads/main refs/remotes/main [17ms]
2024-01-18 12:04:18.536 [warning] ENOENT: no such file or directory, open '/main/Code/all git-clones/Fedora-Hyprland/.git/refs/remotes/origin/main'
2024-01-18 12:04:18.545 [info] > git rev-parse refs/remotes/origin/main [8ms]
2024-01-18 12:04:18.566 [info] > git status -z -uall [13ms]
2024-01-18 12:04:18.977 [info] > git check-ignore -v -z --stdin [4ms]
2024-01-18 12:04:20.192 [info] > git check-ignore -v -z --stdin [3ms]
2024-01-18 12:04:23.060 [info] > git show --textconv :.github/FUNDING.yml [10ms]
2024-01-18 12:04:23.062 [info] > git ls-files --stage -- /main/Code/all git-clones/Fedora-Hyprland/.github/FUNDING.yml [3ms]
2024-01-18 12:04:23.070 [info] > git cat-file -s 745e648950b3d0acbf028b2017d34329f8fddbbd [1ms]
2024-01-18 12:04:33.938 [info] > git show --textconv :.github/PULL_REQUEST_TEMPLATE.md [11ms]
2024-01-18 12:04:33.939 [info] > git ls-files --stage -- /main/Code/all git-clones/Fedora-Hyprland/.github/PULL_REQUEST_TEMPLATE.md [2ms]
2024-01-18 12:04:33.956 [info] > git cat-file -s a6071bb5b369513d3f6288009e3a901bf9616841 [9ms]
2024-01-18 12:04:37.448 [info] > git check-ignore -v -z --stdin [3ms]
2024-01-18 12:04:40.050 [info] > git check-ignore -v -z --stdin [3ms]
2024-01-18 12:04:41.204 [info] > git check-ignore -v -z --stdin [3ms]
2024-01-18 12:04:42.431 [info] > git check-ignore -v -z --stdin [4ms]
2024-01-18 12:04:44.794 [info] > git show --textconv :assets/Thunar/uca.xml [11ms]
2024-01-18 12:04:44.796 [info] > git ls-files --stage -- /main/Code/all git-clones/Fedora-Hyprland/assets/Thunar/uca.xml [3ms]
2024-01-18 12:04:44.806 [info] > git cat-file -s 726815520ff1559cdb412a01c0f88f04a5653962 [2ms]
2024-01-18 12:04:55.422 [info] > git show --textconv :.editorconfig [18ms]
2024-01-18 12:04:55.426 [info] > git ls-files --stage -- /main/Code/all git-clones/Fedora-Hyprland/.editorconfig [6ms]
2024-01-18 12:04:55.443 [info] > git cat-file -s f8e728056244d3d0bcb266007685192f86538afd [3ms]
2024-01-18 12:05:02.906 [info] > git show --textconv :CHANGELOGS.md [20ms]
2024-01-18 12:05:02.911 [info] > git ls-files --stage -- /main/Code/all git-clones/Fedora-Hyprland/CHANGELOGS.md [7ms]
2024-01-18 12:05:02.934 [info] > git cat-file -s bf6162b27ce617b45ea65716c36125f1b06c65b0 [6ms]
2024-01-18 12:05:08.307 [info] > git show --textconv :COMMIT_MESSAGE_GUIDELINES.md [20ms]
2024-01-18 12:05:08.312 [info] > git ls-files --stage -- /main/Code/all git-clones/Fedora-Hyprland/COMMIT_MESSAGE_GUIDELINES.md [7ms]
2024-01-18 12:05:08.337 [info] > git cat-file -s 642335c838090bb5d09b24e55bf6ef1490949cca [5ms]
2024-01-18 12:05:18.356 [info] > git show --textconv :CONTRIBUTING.md [20ms]
2024-01-18 12:05:18.361 [info] > git ls-files --stage -- /main/Code/all git-clones/Fedora-Hyprland/CONTRIBUTING.md [7ms]
2024-01-18 12:05:18.371 [info] > git cat-file -s 5e79b499b74da8bd0947d183d58047e5104727d9 [1ms]
2024-01-18 12:09:57.086 [info] > git show --textconv :install.sh [7ms]
2024-01-18 12:09:57.088 [info] > git ls-files --stage -- /main/Code/all git-clones/Fedora-Hyprland/install.sh [3ms]
2024-01-18 12:09:57.094 [info] > git cat-file -s 587fe82ff97877a3940dfbd6662d78b47e5838eb [2ms]
2024-01-18 12:13:19.313 [info] > git check-ignore -v -z --stdin [2ms]
2024-01-18 12:13:21.455 [info] > git show --textconv :install-scripts/hyprland.sh [10ms]
2024-01-18 12:13:21.458 [info] > git ls-files --stage -- /main/Code/all git-clones/Fedora-Hyprland/install-scripts/hyprland.sh [4ms]
2024-01-18 12:13:21.469 [info] > git cat-file -s 9867ade29d70b77e21aa81e971d8b55c5dc94c7c [2ms]
2024-01-18 12:19:51.293 [info] Log level: Info
2024-01-18 12:19:51.294 [info] Validating found git in: "git"
2024-01-18 12:19:51.294 [info] Using git "2.43.0" from "git"
