2024-01-18 13:57:47.568 [info] Log level: Info
2024-01-18 13:57:47.568 [info] Validating found git in: "git"
2024-01-18 13:57:47.568 [info] Using git "2.43.0" from "git"
2024-01-18 13:57:47.568 [info] > git rev-parse --show-toplevel [8ms]
2024-01-18 13:57:47.568 [info] > git rev-parse --git-dir --git-common-dir [4ms]
2024-01-18 13:57:47.568 [info] Open repository: /home/mahin/.config/hypr
2024-01-18 13:57:47.569 [info] > git rev-parse --show-toplevel [10ms]
2024-01-18 13:57:47.571 [info] > git config --get commit.template [45ms]
2024-01-18 13:57:47.776 [info] > git rev-parse --show-toplevel [59ms]
2024-01-18 13:57:47.828 [info] > git for-each-ref --format=%(refname)%00%(upstream:short)%00%(objectname)%00%(upstream:track)%00%(upstream:remotename)%00%(upstream:remoteref) refs/heads/main refs/remotes/main [57ms]
2024-01-18 13:57:47.865 [warning] ENOENT: no such file or directory, open '/home/mahin/.config/hypr/.git/refs/remotes/origin/main'
2024-01-18 13:57:47.866 [info] > git rev-parse refs/remotes/origin/main [1ms]
2024-01-18 13:57:47.888 [info] > git rev-parse --show-toplevel [62ms]
2024-01-18 13:57:47.951 [info] > git status -z -uall [63ms]
2024-01-18 13:57:47.951 [info] > git rev-parse --show-toplevel [9ms]
2024-01-18 13:57:48.471 [info] > git check-ignore -v -z --stdin [4ms]
2024-01-18 13:57:48.482 [info] > git config --get commit.template [383ms]
2024-01-18 13:57:48.482 [info] > git rev-parse --show-toplevel [428ms]
2024-01-18 13:57:48.557 [info] > git rev-parse --show-toplevel [31ms]
2024-01-18 13:57:48.601 [info] > git rev-parse --show-toplevel [3ms]
2024-01-18 13:57:48.605 [info] > git for-each-ref --format=%(refname)%00%(upstream:short)%00%(objectname)%00%(upstream:track)%00%(upstream:remotename)%00%(upstream:remoteref) refs/heads/main refs/remotes/main [51ms]
2024-01-18 13:57:48.668 [warning] ENOENT: no such file or directory, open '/home/mahin/.config/hypr/.git/refs/remotes/origin/main'
2024-01-18 13:57:48.677 [info] > git rev-parse refs/remotes/origin/main [8ms]
2024-01-18 13:57:48.732 [info] > git rev-parse --show-toplevel [100ms]
2024-01-18 13:57:48.816 [info] > git status -z -uall [86ms]
2024-01-18 13:57:48.816 [info] > git rev-parse --show-toplevel [8ms]
2024-01-18 13:57:48.871 [info] > git rev-parse --show-toplevel [1ms]
2024-01-18 13:57:48.895 [info] > git rev-parse --show-toplevel [2ms]
2024-01-18 13:57:48.915 [info] > git rev-parse --show-toplevel [0ms]
2024-01-18 13:57:48.969 [info] > git rev-parse --show-toplevel [34ms]
2024-01-18 13:57:49.038 [info] > git rev-parse --show-toplevel [46ms]
2024-01-18 13:57:51.682 [info] > git show --textconv :scripts/baraction [72ms]
2024-01-18 13:57:51.719 [info] > git ls-files --stage -- /home/mahin/.config/hypr/scripts/baraction [39ms]
2024-01-18 13:57:51.779 [info] > git cat-file -s 65340d5403fdfb541094fd75a4056a5a6a5d9749 [4ms]
2024-01-18 13:57:54.261 [info] > git config --get commit.template [2ms]
2024-01-18 13:57:54.293 [info] > git for-each-ref --format=%(refname)%00%(upstream:short)%00%(objectname)%00%(upstream:track)%00%(upstream:remotename)%00%(upstream:remoteref) refs/heads/main refs/remotes/main [8ms]
2024-01-18 13:57:54.319 [warning] ENOENT: no such file or directory, open '/home/mahin/.config/hypr/.git/refs/remotes/origin/main'
2024-01-18 13:57:54.322 [info] > git rev-parse refs/remotes/origin/main [3ms]
2024-01-18 13:57:54.401 [info] > git status -z -uall [52ms]
2024-01-18 13:57:54.422 [info] > git ls-files --stage -- /home/mahin/.config/hypr/scripts/baraction [23ms]
2024-01-18 13:57:54.441 [info] > git cat-file -s 65340d5403fdfb541094fd75a4056a5a6a5d9749 [3ms]
2024-01-18 13:57:54.464 [info] > git show --textconv :scripts/baraction [2ms]
2024-01-18 13:58:09.732 [info] > git config --get commit.template [12ms]
2024-01-18 13:58:09.812 [info] > git for-each-ref --format=%(refname)%00%(upstream:short)%00%(objectname)%00%(upstream:track)%00%(upstream:remotename)%00%(upstream:remoteref) refs/heads/main refs/remotes/main [1ms]
2024-01-18 13:58:09.869 [warning] ENOENT: no such file or directory, open '/home/mahin/.config/hypr/.git/refs/remotes/origin/main'
2024-01-18 13:58:09.872 [info] > git rev-parse refs/remotes/origin/main [3ms]
2024-01-18 13:58:09.966 [info] > git status -z -uall [39ms]
2024-01-18 13:58:44.902 [info] > git config --get commit.template [6ms]
2024-01-18 13:58:44.929 [info] > git for-each-ref --format=%(refname)%00%(upstream:short)%00%(objectname)%00%(upstream:track)%00%(upstream:remotename)%00%(upstream:remoteref) refs/heads/main refs/remotes/main [8ms]
2024-01-18 13:58:44.943 [warning] ENOENT: no such file or directory, open '/home/mahin/.config/hypr/.git/refs/remotes/origin/main'
2024-01-18 13:58:44.945 [info] > git rev-parse refs/remotes/origin/main [2ms]
2024-01-18 13:58:45.031 [info] > git status -z -uall [72ms]
2024-01-18 13:59:19.786 [info] > git config --get commit.template [3ms]
2024-01-18 13:59:19.811 [info] > git for-each-ref --format=%(refname)%00%(upstream:short)%00%(objectname)%00%(upstream:track)%00%(upstream:remotename)%00%(upstream:remoteref) refs/heads/main refs/remotes/main [3ms]
2024-01-18 13:59:19.825 [warning] ENOENT: no such file or directory, open '/home/mahin/.config/hypr/.git/refs/remotes/origin/main'
2024-01-18 13:59:19.829 [info] > git rev-parse refs/remotes/origin/main [3ms]
2024-01-18 13:59:19.879 [info] > git status -z -uall [35ms]
2024-01-18 13:59:35.861 [info] > git config --get commit.template [22ms]
2024-01-18 13:59:35.863 [info] > git for-each-ref --format=%(refname)%00%(upstream:short)%00%(objectname)%00%(upstream:track)%00%(upstream:remotename)%00%(upstream:remoteref) refs/heads/main refs/remotes/main [6ms]
2024-01-18 13:59:35.882 [warning] ENOENT: no such file or directory, open '/home/mahin/.config/hypr/.git/refs/remotes/origin/main'
2024-01-18 13:59:35.883 [info] > git rev-parse refs/remotes/origin/main [1ms]
2024-01-18 13:59:35.942 [info] > git status -z -uall [43ms]
2024-01-18 13:59:41.001 [info] > git config --get commit.template [11ms]
2024-01-18 13:59:41.051 [info] > git for-each-ref --format=%(refname)%00%(upstream:short)%00%(objectname)%00%(upstream:track)%00%(upstream:remotename)%00%(upstream:remoteref) refs/heads/main refs/remotes/main [7ms]
2024-01-18 13:59:41.107 [warning] ENOENT: no such file or directory, open '/home/mahin/.config/hypr/.git/refs/remotes/origin/main'
2024-01-18 13:59:41.119 [info] > git rev-parse refs/remotes/origin/main [13ms]
2024-01-18 13:59:41.230 [info] > git status -z -uall [52ms]
2024-01-18 13:59:47.412 [info] > git config --get commit.template [3ms]
2024-01-18 13:59:47.435 [info] > git for-each-ref --format=%(refname)%00%(upstream:short)%00%(objectname)%00%(upstream:track)%00%(upstream:remotename)%00%(upstream:remoteref) refs/heads/main refs/remotes/main [2ms]
2024-01-18 13:59:47.449 [warning] ENOENT: no such file or directory, open '/home/mahin/.config/hypr/.git/refs/remotes/origin/main'
2024-01-18 13:59:47.451 [info] > git rev-parse refs/remotes/origin/main [1ms]
2024-01-18 13:59:47.501 [info] > git status -z -uall [35ms]
2024-01-18 14:00:51.068 [info] > git config --get commit.template [22ms]
2024-01-18 14:00:51.124 [info] > git for-each-ref --format=%(refname)%00%(upstream:short)%00%(objectname)%00%(upstream:track)%00%(upstream:remotename)%00%(upstream:remoteref) refs/heads/main refs/remotes/main [2ms]
2024-01-18 14:00:51.183 [warning] ENOENT: no such file or directory, open '/home/mahin/.config/hypr/.git/refs/remotes/origin/main'
2024-01-18 14:00:51.209 [info] > git rev-parse refs/remotes/origin/main [26ms]
2024-01-18 14:00:51.282 [info] > git status -z -uall [49ms]
2024-01-18 14:00:57.970 [info] > git config --get commit.template [10ms]
2024-01-18 14:00:58.003 [info] > git for-each-ref --format=%(refname)%00%(upstream:short)%00%(objectname)%00%(upstream:track)%00%(upstream:remotename)%00%(upstream:remoteref) refs/heads/main refs/remotes/main [2ms]
2024-01-18 14:00:58.027 [warning] ENOENT: no such file or directory, open '/home/mahin/.config/hypr/.git/refs/remotes/origin/main'
2024-01-18 14:00:58.029 [info] > git rev-parse refs/remotes/origin/main [2ms]
2024-01-18 14:00:58.094 [info] > git status -z -uall [45ms]
2024-01-18 14:01:06.575 [info] > git config --get commit.template [35ms]
2024-01-18 14:01:06.576 [info] > git for-each-ref --format=%(refname)%00%(upstream:short)%00%(objectname)%00%(upstream:track)%00%(upstream:remotename)%00%(upstream:remoteref) refs/heads/main refs/remotes/main [5ms]
2024-01-18 14:01:06.612 [warning] ENOENT: no such file or directory, open '/home/mahin/.config/hypr/.git/refs/remotes/origin/main'
2024-01-18 14:01:06.620 [info] > git rev-parse refs/remotes/origin/main [8ms]
2024-01-18 14:01:06.680 [info] > git status -z -uall [33ms]
2024-01-18 14:01:21.288 [info] > git config --get commit.template [6ms]
2024-01-18 14:01:21.381 [info] > git for-each-ref --format=%(refname)%00%(upstream:short)%00%(objectname)%00%(upstream:track)%00%(upstream:remotename)%00%(upstream:remoteref) refs/heads/main refs/remotes/main [20ms]
2024-01-18 14:01:21.429 [warning] ENOENT: no such file or directory, open '/home/mahin/.config/hypr/.git/refs/remotes/origin/main'
2024-01-18 14:01:21.444 [info] > git rev-parse refs/remotes/origin/main [15ms]
2024-01-18 14:01:21.742 [info] > git status -z -uall [205ms]
