2024-01-12 18:31:19.600 [info] Added views:workbench.panel.markers.view in workbench.panel.markers
2024-01-12 18:31:19.600 [info] Added views:workbench.panel.output in workbench.panel.output
2024-01-12 18:31:19.600 [info] Added views:terminal in terminal
2024-01-12 18:31:19.600 [info] Added views:outline in workbench.view.explorer
2024-01-12 18:31:19.600 [info] Added views:workbench.scm in workbench.view.scm
2024-01-12 18:31:19.600 [info] Added views:workbench.view.search in workbench.view.search
2024-01-12 18:31:19.600 [info] Added views:timeline in workbench.view.explorer
2024-01-12 18:31:19.600 [info] Added views:workbench.explorer.fileView in workbench.view.explorer
2024-01-12 18:31:20.255 [info] Added views:workbench.debug.variablesView,workbench.debug.watchExpressionsView,workbench.debug.callStackView,workbench.debug.breakPointsView in workbench.view.debug
2024-01-12 18:31:20.272 [info] Added views:workbench.panel.repl.view in workbench.panel.repl
2024-01-12 18:31:20.273 [info] Removed views:workbench.debug.breakPointsView,workbench.debug.callStackView,workbench.debug.watchExpressionsView,workbench.debug.variablesView from workbench.view.debug
2024-01-12 18:31:20.274 [info] Added views:workbench.debug.welcome in workbench.view.debug
2024-01-12 18:31:20.562 [info] Added views:~remote.forwardedPorts in ~remote.forwardedPortsContainer
2024-01-12 18:32:47.234 [info] Added views:workbench.panel.markers.view in workbench.panel.markers
2024-01-12 18:32:47.234 [info] Added views:workbench.panel.output in workbench.panel.output
2024-01-12 18:32:47.234 [info] Added views:terminal in terminal
2024-01-12 18:32:47.234 [info] Added views:outline in workbench.view.explorer
2024-01-12 18:32:47.234 [info] Added views:workbench.scm in workbench.view.scm
2024-01-12 18:32:47.234 [info] Added views:workbench.view.search in workbench.view.search
2024-01-12 18:32:47.234 [info] Added views:timeline in workbench.view.explorer
2024-01-12 18:32:47.234 [info] Added views:workbench.explorer.emptyView in workbench.view.explorer
2024-01-12 18:32:47.669 [info] Added views:workbench.debug.variablesView,workbench.debug.watchExpressionsView,workbench.debug.callStackView,workbench.debug.breakPointsView in workbench.view.debug
2024-01-12 18:32:47.675 [info] Added views:~remote.forwardedPorts in ~remote.forwardedPortsContainer
2024-01-12 18:32:47.766 [info] Added views:workbench.panel.repl.view in workbench.panel.repl
2024-01-12 18:32:47.768 [info] Removed views:workbench.debug.breakPointsView,workbench.debug.callStackView,workbench.debug.watchExpressionsView,workbench.debug.variablesView from workbench.view.debug
2024-01-12 18:32:47.768 [info] Added views:workbench.debug.welcome in workbench.view.debug
2024-01-12 18:32:59.420 [info] Added views:workbench.panel.output in workbench.panel.output
2024-01-12 18:32:59.420 [info] Added views:workbench.panel.markers.view in workbench.panel.markers
2024-01-12 18:32:59.420 [info] Added views:terminal in terminal
2024-01-12 18:32:59.420 [info] Added views:outline in workbench.view.explorer
2024-01-12 18:32:59.420 [info] Added views:workbench.scm in workbench.view.scm
2024-01-12 18:32:59.420 [info] Added views:workbench.view.search in workbench.view.search
2024-01-12 18:32:59.420 [info] Added views:timeline in workbench.view.explorer
2024-01-12 18:32:59.420 [info] Added views:workbench.explorer.fileView in workbench.view.explorer
2024-01-12 18:32:59.856 [info] Added views:workbench.debug.variablesView,workbench.debug.watchExpressionsView,workbench.debug.callStackView,workbench.debug.breakPointsView in workbench.view.debug
2024-01-12 18:32:59.898 [info] Added views:workbench.panel.repl.view in workbench.panel.repl
2024-01-12 18:32:59.899 [info] Removed views:workbench.debug.breakPointsView,workbench.debug.callStackView,workbench.debug.watchExpressionsView,workbench.debug.variablesView from workbench.view.debug
2024-01-12 18:32:59.899 [info] Added views:workbench.debug.welcome in workbench.view.debug
2024-01-12 18:33:00.144 [info] Added views:~remote.forwardedPorts in ~remote.forwardedPortsContainer
