2024-01-13 00:16:20.326 [info] Added views:workbench.panel.markers.view in workbench.panel.markers
2024-01-13 00:16:20.326 [info] Added views:workbench.panel.output in workbench.panel.output
2024-01-13 00:16:20.326 [info] Added views:terminal in terminal
2024-01-13 00:16:20.326 [info] Added views:outline in workbench.view.explorer
2024-01-13 00:16:20.326 [info] Added views:workbench.scm in workbench.view.scm
2024-01-13 00:16:20.326 [info] Added views:workbench.view.search in workbench.view.search
2024-01-13 00:16:20.326 [info] Added views:timeline in workbench.view.explorer
2024-01-13 00:16:20.326 [info] Added views:workbench.explorer.fileView in workbench.view.explorer
2024-01-13 00:16:20.828 [info] Added views:workbench.debug.welcome in workbench.view.debug
2024-01-13 00:16:20.861 [info] Added views:workbench.panel.repl.view in workbench.panel.repl
2024-01-13 00:16:21.152 [info] Added views:~remote.forwardedPorts in ~remote.forwardedPortsContainer
2024-01-13 00:20:03.764 [info] Added views:workbench.panel.markers.view in workbench.panel.markers
2024-01-13 00:20:03.764 [info] Added views:workbench.panel.output in workbench.panel.output
2024-01-13 00:20:03.764 [info] Added views:terminal in terminal
2024-01-13 00:20:03.764 [info] Added views:outline in workbench.view.explorer
2024-01-13 00:20:03.764 [info] Added views:workbench.scm in workbench.view.scm
2024-01-13 00:20:03.764 [info] Added views:workbench.view.search in workbench.view.search
2024-01-13 00:20:03.764 [info] Added views:timeline in workbench.view.explorer
2024-01-13 00:20:03.764 [info] Added views:workbench.explorer.emptyView in workbench.view.explorer
2024-01-13 00:20:04.124 [info] Added views:workbench.debug.variablesView,workbench.debug.watchExpressionsView,workbench.debug.callStackView,workbench.debug.breakPointsView in workbench.view.debug
2024-01-13 00:20:04.207 [info] Added views:workbench.panel.repl.view in workbench.panel.repl
2024-01-13 00:20:04.208 [info] Removed views:workbench.debug.breakPointsView,workbench.debug.callStackView,workbench.debug.watchExpressionsView,workbench.debug.variablesView from workbench.view.debug
2024-01-13 00:20:04.208 [info] Added views:workbench.debug.welcome in workbench.view.debug
2024-01-13 00:20:04.251 [info] Added views:~remote.forwardedPorts in ~remote.forwardedPortsContainer
