2024-01-20 13:56:43.543 [info] Log level: Info
2024-01-20 13:56:43.543 [info] Validating found git in: "git"
2024-01-20 13:56:43.543 [info] Using git "2.43.0" from "git"
2024-01-20 13:56:43.543 [info] > git rev-parse --show-toplevel [642ms]
2024-01-20 13:56:43.543 [info] > git rev-parse --git-dir --git-common-dir [4ms]
2024-01-20 13:56:43.543 [info] Open repository: /home/mahin/Hyprland-Dots-01
2024-01-20 13:56:43.544 [info] > git rev-parse --show-toplevel [3ms]
2024-01-20 13:56:43.552 [info] > git config --get commit.template [16ms]
2024-01-20 13:56:43.553 [info] > git rev-parse --show-toplevel [6ms]
2024-01-20 13:56:43.558 [info] > git rev-parse --show-toplevel [1ms]
2024-01-20 13:56:43.563 [info] > git rev-parse --show-toplevel [1ms]
2024-01-20 13:56:43.566 [info] > git for-each-ref --format=%(refname)%00%(upstream:short)%00%(objectname)%00%(upstream:track)%00%(upstream:remotename)%00%(upstream:remoteref) refs/heads/development refs/remotes/development [16ms]
2024-01-20 13:56:43.573 [info] > git rev-parse --show-toplevel [7ms]
2024-01-20 13:56:43.578 [info] > git rev-parse --show-toplevel [1ms]
2024-01-20 13:56:43.582 [info] > git rev-parse --show-toplevel [1ms]
2024-01-20 13:56:43.587 [info] > git rev-parse --show-toplevel [1ms]
2024-01-20 13:56:43.592 [info] > git rev-parse --show-toplevel [0ms]
2024-01-20 13:56:43.597 [info] > git rev-parse --show-toplevel [1ms]
2024-01-20 13:56:43.601 [info] > git rev-parse --show-toplevel [1ms]
2024-01-20 13:56:43.606 [info] > git rev-parse --show-toplevel [1ms]
2024-01-20 13:56:43.612 [info] > git rev-parse --show-toplevel [2ms]
2024-01-20 13:56:43.621 [info] > git status -z -uall [50ms]
2024-01-20 13:56:43.636 [info] > git config --get commit.template [3ms]
2024-01-20 13:56:43.699 [info] > git for-each-ref --format=%(refname)%00%(upstream:short)%00%(objectname)%00%(upstream:track)%00%(upstream:remotename)%00%(upstream:remoteref) refs/heads/development refs/remotes/development [59ms]
2024-01-20 13:56:43.730 [info] > git status -z -uall [26ms]
2024-01-20 13:56:44.059 [info] > git check-ignore -v -z --stdin [4ms]
2024-01-20 13:56:44.762 [info] > git config --get commit.template [13ms]
2024-01-20 13:56:44.763 [info] > git for-each-ref --format=%(refname)%00%(upstream:short)%00%(objectname)%00%(upstream:track)%00%(upstream:remotename)%00%(upstream:remoteref) refs/heads/development refs/remotes/development [3ms]
2024-01-20 13:56:44.777 [info] > git status -z -uall [4ms]
2024-01-20 13:56:45.694 [info] > git check-ignore -v -z --stdin [1ms]
2024-01-20 13:56:47.719 [info] > git ls-files --stage -- /home/mahin/Hyprland-Dots-01/rofi/config.rasi [1ms]
2024-01-20 13:56:47.828 [info] > git show --textconv :rofi/config.rasi [115ms]
2024-01-20 13:56:47.828 [info] > git cat-file -s 222e5593d0d320eb70c0f2b41f7425ff3ce57faf [103ms]
2024-01-20 13:56:52.064 [info] > git show --textconv :rofi/config.rasi [19ms]
2024-01-20 13:56:52.068 [info] > git ls-files --stage -- /home/mahin/Hyprland-Dots-01/rofi/config.rasi [5ms]
2024-01-20 13:56:52.086 [info] > git cat-file -s 222e5593d0d320eb70c0f2b41f7425ff3ce57faf [3ms]
2024-01-20 13:56:53.303 [info] > git check-ignore -v -z --stdin [2ms]
2024-01-20 13:56:53.850 [info] > git config --get commit.template [13ms]
2024-01-20 13:56:53.851 [info] > git for-each-ref --format=%(refname)%00%(upstream:short)%00%(objectname)%00%(upstream:track)%00%(upstream:remotename)%00%(upstream:remoteref) refs/heads/development refs/remotes/development [2ms]
2024-01-20 13:56:53.861 [info] > git status -z -uall [3ms]
2024-01-20 13:56:54.984 [info] > git ls-files --stage -- /home/mahin/Hyprland-Dots-01/rofi/themes/config.rasi [2ms]
2024-01-20 13:56:54.998 [info] > git cat-file -s aa799782e9a8b7e21c52eb266ffbe8f08d1a68aa [2ms]
2024-01-20 13:56:55.003 [info] > git show --textconv :rofi/themes/config.rasi [37ms]
2024-01-20 13:57:32.013 [info] > git config --get commit.template [19ms]
2024-01-20 13:57:32.015 [info] > git for-each-ref --format=%(refname)%00%(upstream:short)%00%(objectname)%00%(upstream:track)%00%(upstream:remotename)%00%(upstream:remoteref) refs/heads/development refs/remotes/development [4ms]
2024-01-20 13:57:32.031 [info] > git status -z -uall [4ms]
2024-01-20 13:57:40.808 [info] > git check-ignore -v -z --stdin [4ms]
2024-01-20 13:58:18.375 [info] > git config --get commit.template [5ms]
2024-01-20 13:58:18.376 [info] > git for-each-ref --format=%(refname)%00%(upstream:short)%00%(objectname)%00%(upstream:track)%00%(upstream:remotename)%00%(upstream:remoteref) refs/heads/development refs/remotes/development [1ms]
2024-01-20 13:58:18.381 [info] > git status -z -uall [1ms]
2024-01-20 13:58:23.410 [info] > git config --get commit.template [5ms]
2024-01-20 13:58:23.425 [info] > git for-each-ref --format=%(refname)%00%(upstream:short)%00%(objectname)%00%(upstream:track)%00%(upstream:remotename)%00%(upstream:remoteref) refs/heads/development refs/remotes/development [3ms]
2024-01-20 13:58:23.434 [info] > git status -z -uall [2ms]
2024-01-20 13:58:32.256 [info] > git check-ignore -v -z --stdin [3ms]
2024-01-20 13:58:33.042 [info] > git check-ignore -v -z --stdin [4ms]
2024-01-20 13:58:34.229 [info] > git ls-files --stage -- /home/mahin/Hyprland-Dots-01/waybar/config.jsonc [32ms]
2024-01-20 13:58:34.245 [info] > git show --textconv :waybar/config.jsonc [53ms]
2024-01-20 13:58:34.247 [info] > git cat-file -s b26c6417a54f780944f4e261ae04a34a995b94e6 [13ms]
2024-01-20 13:58:50.494 [info] > git config --get commit.template [4ms]
2024-01-20 13:58:50.510 [info] > git for-each-ref --format=%(refname)%00%(upstream:short)%00%(objectname)%00%(upstream:track)%00%(upstream:remotename)%00%(upstream:remoteref) refs/heads/development refs/remotes/development [4ms]
2024-01-20 13:58:50.529 [info] > git status -z -uall [5ms]
2024-01-20 13:58:55.549 [info] > git config --get commit.template [2ms]
2024-01-20 13:58:55.560 [info] > git for-each-ref --format=%(refname)%00%(upstream:short)%00%(objectname)%00%(upstream:track)%00%(upstream:remotename)%00%(upstream:remoteref) refs/heads/development refs/remotes/development [2ms]
2024-01-20 13:58:55.573 [info] > git status -z -uall [4ms]
2024-01-20 13:59:26.602 [info] > git check-ignore -v -z --stdin [4ms]
2024-01-20 13:59:27.204 [info] > git show --textconv :configs/exec.conf [20ms]
2024-01-20 13:59:27.204 [info] > git ls-files --stage -- /home/mahin/Hyprland-Dots-01/configs/exec.conf [4ms]
2024-01-20 13:59:27.217 [info] > git cat-file -s 28a28a7e290b1f4595f9143947b6865dafd40522 [2ms]
2024-01-20 13:59:52.058 [info] > git config --get commit.template [8ms]
2024-01-20 13:59:52.059 [info] > git for-each-ref --format=%(refname)%00%(upstream:short)%00%(objectname)%00%(upstream:track)%00%(upstream:remotename)%00%(upstream:remoteref) refs/heads/development refs/remotes/development [3ms]
2024-01-20 13:59:52.066 [info] > git status -z -uall [2ms]
2024-01-20 13:59:59.146 [info] > git config --get commit.template [14ms]
2024-01-20 13:59:59.147 [info] > git for-each-ref --format=%(refname)%00%(upstream:short)%00%(objectname)%00%(upstream:track)%00%(upstream:remotename)%00%(upstream:remoteref) refs/heads/development refs/remotes/development [2ms]
2024-01-20 13:59:59.164 [info] > git status -z -uall [5ms]
2024-01-20 14:01:09.678 [info] Log level: Info
2024-01-20 14:01:09.678 [info] Validating found git in: "git"
2024-01-20 14:01:09.678 [info] Using git "2.43.0" from "git"
