2024-01-13 00:21:17.754 [info] Extension host with pid 5849 started
2024-01-13 00:21:17.754 [info] Skipping acquiring lock for /home/mahin/.config/Code/User/workspaceStorage/38cddfd52a081cb75a4a103d449d0481.
2024-01-13 00:21:17.798 [info] ExtensionService#_doActivateExtension vscode.git-base, startup: true, activationEvent: '*', root cause: vscode.git
2024-01-13 00:21:17.801 [info] ExtensionService#_doActivateExtension formulahendry.auto-rename-tag, startup: true, activationEvent: '*'
2024-01-13 00:21:17.850 [info] ExtensionService#_doActivateExtension vscode.git, startup: true, activationEvent: '*'
2024-01-13 00:21:17.884 [info] ExtensionService#_doActivateExtension vscode.github, startup: true, activationEvent: '*'
2024-01-13 00:21:18.080 [info] Eager extensions activated
2024-01-13 00:21:18.113 [info] ExtensionService#_doActivateExtension vscode.debug-auto-launch, startup: false, activationEvent: 'onStartupFinished'
2024-01-13 00:21:18.115 [info] ExtensionService#_doActivateExtension vscode.merge-conflict, startup: false, activationEvent: 'onStartupFinished'
2024-01-13 00:21:18.121 [info] ExtensionService#_doActivateExtension aaron-bond.better-comments, startup: false, activationEvent: 'onStartupFinished'
2024-01-13 00:21:18.126 [info] ExtensionService#_doActivateExtension bradlc.vscode-tailwindcss, startup: false, activationEvent: 'onStartupFinished'
2024-01-13 00:21:18.139 [info] ExtensionService#_doActivateExtension PKief.material-icon-theme, startup: false, activationEvent: 'onStartupFinished'
2024-01-13 00:21:18.166 [info] ExtensionService#_doActivateExtension vscode.github-authentication, startup: false, activationEvent: 'onAuthenticationRequest:github'
2024-01-13 00:21:26.785 [info] ExtensionService#_doActivateExtension foxundermoon.shell-format, startup: false, activationEvent: 'onLanguage:shellscript'
2024-01-13 00:21:26.790 [info] ExtensionService#_doActivateExtension vscode.emmet, startup: false, activationEvent: 'onLanguage'
2024-01-13 00:29:04.987 [info] Extension host terminating: renderer closed the MessagePort
2024-01-13 00:29:05.013 [error] Canceled: Canceled
    at new g (/usr/share/code/resources/app/out/vs/workbench/api/node/extensionHostProcess.js:141:110274)
    at l.U (/usr/share/code/resources/app/out/vs/workbench/api/node/extensionHostProcess.js:150:10866)
    at Proxy.P.<computed>.j.charCodeAt.P.<computed> (/usr/share/code/resources/app/out/vs/workbench/api/node/extensionHostProcess.js:150:8317)
    at d.g (/usr/share/code/resources/app/out/vs/workbench/api/node/extensionHostProcess.js:141:139555)
    at d.executeCommand (/usr/share/code/resources/app/out/vs/workbench/api/node/extensionHostProcess.js:141:138993)
    at p.registerCommand.description (/usr/share/code/resources/app/out/vs/workbench/api/node/extensionHostProcess.js:141:138317)
    at d.h (/usr/share/code/resources/app/out/vs/workbench/api/node/extensionHostProcess.js:141:140094)
    at d.g (/usr/share/code/resources/app/out/vs/workbench/api/node/extensionHostProcess.js:141:139086)
    at d.executeCommand (/usr/share/code/resources/app/out/vs/workbench/api/node/extensionHostProcess.js:141:138993)
    at Object.executeCommand (/usr/share/code/resources/app/out/vs/workbench/api/node/extensionHostProcess.js:158:21333)
    at f.I [as value] (/usr/share/code/resources/app/extensions/git/dist/main.js:2:924696)
    at n.y (/usr/share/code/resources/app/out/vs/workbench/api/node/extensionHostProcess.js:80:1902)
    at n.z (/usr/share/code/resources/app/out/vs/workbench/api/node/extensionHostProcess.js:80:1972)
    at n.fire (/usr/share/code/resources/app/out/vs/workbench/api/node/extensionHostProcess.js:80:2188)
    at Object.m [as dispose] (/usr/share/code/resources/app/extensions/git/dist/main.js:2:940613)
    at /usr/share/code/resources/app/extensions/git/dist/main.js:2:945566
    at Array.forEach (<anonymous>)
    at p.dispose (/usr/share/code/resources/app/extensions/git/dist/main.js:2:945552)
    at u.<anonymous> (/usr/share/code/resources/app/out/vs/workbench/api/node/extensionHostProcess.js:137:3620)
    at u.dispose (/usr/share/code/resources/app/out/vs/workbench/api/node/extensionHostProcess.js:137:3717)
    at u.<anonymous> (/usr/share/code/resources/app/extensions/git/dist/main.js:2:926708)
    at u.dispose (/usr/share/code/resources/app/out/vs/workbench/api/node/extensionHostProcess.js:137:3717)
    at s (/usr/share/code/resources/app/out/vs/workbench/api/node/extensionHostProcess.js:30:754)
    at f.cb (/usr/share/code/resources/app/out/vs/workbench/api/node/extensionHostProcess.js:154:9873)
    at /usr/share/code/resources/app/out/vs/workbench/api/node/extensionHostProcess.js:154:7808
    at Array.map (<anonymous>)
    at f.Y (/usr/share/code/resources/app/out/vs/workbench/api/node/extensionHostProcess.js:154:7795)
    at f.terminate (/usr/share/code/resources/app/out/vs/workbench/api/node/extensionHostProcess.js:154:8068)
    at s.terminate (/usr/share/code/resources/app/out/vs/workbench/api/node/extensionHostProcess.js:158:1513)
    at a (/usr/share/code/resources/app/out/vs/workbench/api/node/extensionHostProcess.js:171:9802)
    at MessagePortMain.<anonymous> (/usr/share/code/resources/app/out/vs/workbench/api/node/extensionHostProcess.js:171:6227)
    at MessagePortMain.emit (node:events:513:28)
    at Object.MessagePortMain._internalPort.emit (node:electron/js2c/utility_init:2:367) setContext undefined
2024-01-13 00:29:05.018 [error] Canceled: Canceled
    at new g (/usr/share/code/resources/app/out/vs/workbench/api/node/extensionHostProcess.js:141:110274)
    at l.U (/usr/share/code/resources/app/out/vs/workbench/api/node/extensionHostProcess.js:150:10866)
    at Proxy.P.<computed>.j.charCodeAt.P.<computed> (/usr/share/code/resources/app/out/vs/workbench/api/node/extensionHostProcess.js:150:8317)
    at d.g (/usr/share/code/resources/app/out/vs/workbench/api/node/extensionHostProcess.js:141:139555)
    at d.executeCommand (/usr/share/code/resources/app/out/vs/workbench/api/node/extensionHostProcess.js:141:138993)
    at p.registerCommand.description (/usr/share/code/resources/app/out/vs/workbench/api/node/extensionHostProcess.js:141:138317)
    at d.h (/usr/share/code/resources/app/out/vs/workbench/api/node/extensionHostProcess.js:141:140094)
    at d.g (/usr/share/code/resources/app/out/vs/workbench/api/node/extensionHostProcess.js:141:139086)
    at d.executeCommand (/usr/share/code/resources/app/out/vs/workbench/api/node/extensionHostProcess.js:141:138993)
    at Object.executeCommand (/usr/share/code/resources/app/out/vs/workbench/api/node/extensionHostProcess.js:158:21333)
    at a.$D.set b [as b] (/usr/share/code/resources/app/extensions/github/dist/extension.js:2:322364)
    at /usr/share/code/resources/app/extensions/github/dist/extension.js:2:323005
    at f.value (/usr/share/code/resources/app/extensions/git/dist/main.js:2:1016450)
    at n.y (/usr/share/code/resources/app/out/vs/workbench/api/node/extensionHostProcess.js:80:1902)
    at n.z (/usr/share/code/resources/app/out/vs/workbench/api/node/extensionHostProcess.js:80:1972)
    at n.fire (/usr/share/code/resources/app/out/vs/workbench/api/node/extensionHostProcess.js:80:2188)
    at Object.m [as dispose] (/usr/share/code/resources/app/extensions/git/dist/main.js:2:940613)
    at /usr/share/code/resources/app/extensions/git/dist/main.js:2:945566
    at Array.forEach (<anonymous>)
    at p.dispose (/usr/share/code/resources/app/extensions/git/dist/main.js:2:945552)
    at u.<anonymous> (/usr/share/code/resources/app/out/vs/workbench/api/node/extensionHostProcess.js:137:3620)
    at u.dispose (/usr/share/code/resources/app/out/vs/workbench/api/node/extensionHostProcess.js:137:3717)
    at u.<anonymous> (/usr/share/code/resources/app/extensions/git/dist/main.js:2:926708)
    at u.dispose (/usr/share/code/resources/app/out/vs/workbench/api/node/extensionHostProcess.js:137:3717)
    at s (/usr/share/code/resources/app/out/vs/workbench/api/node/extensionHostProcess.js:30:754)
    at f.cb (/usr/share/code/resources/app/out/vs/workbench/api/node/extensionHostProcess.js:154:9873)
    at /usr/share/code/resources/app/out/vs/workbench/api/node/extensionHostProcess.js:154:7808
    at Array.map (<anonymous>)
    at f.Y (/usr/share/code/resources/app/out/vs/workbench/api/node/extensionHostProcess.js:154:7795)
    at f.terminate (/usr/share/code/resources/app/out/vs/workbench/api/node/extensionHostProcess.js:154:8068)
    at s.terminate (/usr/share/code/resources/app/out/vs/workbench/api/node/extensionHostProcess.js:158:1513)
    at a (/usr/share/code/resources/app/out/vs/workbench/api/node/extensionHostProcess.js:171:9802)
    at MessagePortMain.<anonymous> (/usr/share/code/resources/app/out/vs/workbench/api/node/extensionHostProcess.js:171:6227)
    at MessagePortMain.emit (node:events:513:28)
    at Object.MessagePortMain._internalPort.emit (node:electron/js2c/utility_init:2:367) setContext undefined
2024-01-13 00:29:05.018 [info] Extension host with pid 5849 exiting with code 0
