2024-01-18 11:49:25.784 [info] Extension host with pid 200091 started
2024-01-18 11:49:25.784 [info] Skipping acquiring lock for /home/mahin/.config/Code/User/workspaceStorage/618128772db6fcd63b2fac7c95d49c4a.
2024-01-18 11:49:25.852 [info] ExtensionService#_doActivateExtension vscode.git-base, startup: true, activationEvent: '*', root cause: vscode.git
2024-01-18 11:49:25.883 [info] ExtensionService#_doActivateExtension vscode.git, startup: true, activationEvent: '*'
2024-01-18 11:49:25.908 [info] ExtensionService#_doActivateExtension vscode.github, startup: true, activationEvent: '*'
2024-01-18 11:49:25.970 [info] Eager extensions activated
2024-01-18 11:49:26.039 [info] ExtensionService#_doActivateExtension vscode.debug-auto-launch, startup: false, activationEvent: 'onStartupFinished'
2024-01-18 11:49:26.043 [info] ExtensionService#_doActivateExtension vscode.merge-conflict, startup: false, activationEvent: 'onStartupFinished'
2024-01-18 11:49:26.052 [info] ExtensionService#_doActivateExtension aaron-bond.better-comments, startup: false, activationEvent: 'onStartupFinished'
2024-01-18 11:49:26.061 [info] ExtensionService#_doActivateExtension bradlc.vscode-tailwindcss, startup: false, activationEvent: 'onStartupFinished'
2024-01-18 11:49:26.086 [info] ExtensionService#_doActivateExtension PKief.material-icon-theme, startup: false, activationEvent: 'onStartupFinished'
2024-01-18 11:49:52.709 [info] Extension host terminating: renderer closed the MessagePort
2024-01-18 11:49:52.724 [info] Extension host with pid 200091 exiting with code 0
2024-01-18 11:49:53.684 [info] Extension host with pid 203545 started
2024-01-18 11:49:53.745 [info] ExtensionService#_doActivateExtension vscode.git-base, startup: true, activationEvent: '*', root cause: vscode.git
2024-01-18 11:49:53.770 [info] ExtensionService#_doActivateExtension vscode.git, startup: true, activationEvent: '*'
2024-01-18 11:49:53.799 [info] ExtensionService#_doActivateExtension vscode.github, startup: true, activationEvent: '*'
2024-01-18 11:49:53.872 [info] Eager extensions activated
2024-01-18 11:49:53.883 [info] ExtensionService#_doActivateExtension vscode.debug-auto-launch, startup: false, activationEvent: 'onStartupFinished'
2024-01-18 11:49:53.886 [info] ExtensionService#_doActivateExtension vscode.merge-conflict, startup: false, activationEvent: 'onStartupFinished'
2024-01-18 11:49:53.899 [info] ExtensionService#_doActivateExtension aaron-bond.better-comments, startup: false, activationEvent: 'onStartupFinished'
2024-01-18 11:49:53.904 [info] ExtensionService#_doActivateExtension bradlc.vscode-tailwindcss, startup: false, activationEvent: 'onStartupFinished'
2024-01-18 11:49:53.922 [info] ExtensionService#_doActivateExtension PKief.material-icon-theme, startup: false, activationEvent: 'onStartupFinished'
2024-01-18 11:50:09.670 [info] Extension host terminating: renderer closed the MessagePort
2024-01-18 11:50:09.698 [info] Extension host with pid 203545 exiting with code 0
