2024-01-18 14:02:00.784 [info] Log level: Info
2024-01-18 14:02:00.784 [info] Validating found git in: "git"
2024-01-18 14:02:00.784 [info] Using git "2.43.0" from "git"
2024-01-18 14:02:00.784 [info] > git rev-parse --show-toplevel [47ms]
2024-01-18 14:02:00.784 [info] > git rev-parse --git-dir --git-common-dir [45ms]
2024-01-18 14:02:00.784 [info] Open repository: /home/mahin/.config/hypr
2024-01-18 14:02:00.784 [info] > git rev-parse --show-toplevel [41ms]
2024-01-18 14:02:00.784 [info] > git config --get commit.template [83ms]
2024-01-18 14:02:00.849 [info] > git rev-parse --show-toplevel [48ms]
2024-01-18 14:02:00.852 [info] > git for-each-ref --format=%(refname)%00%(upstream:short)%00%(objectname)%00%(upstream:track)%00%(upstream:remotename)%00%(upstream:remoteref) refs/heads/main refs/remotes/main [9ms]
2024-01-18 14:02:00.944 [warning] ENOENT: no such file or directory, open '/home/mahin/.config/hypr/.git/refs/remotes/origin/main'
2024-01-18 14:02:00.954 [info] > git rev-parse refs/remotes/origin/main [11ms]
2024-01-18 14:02:00.991 [info] > git rev-parse --show-toplevel [108ms]
2024-01-18 14:02:01.067 [info] > git status -z -uall [78ms]
2024-01-18 14:02:01.073 [info] > git rev-parse --show-toplevel [40ms]
2024-01-18 14:02:01.166 [info] > git config --get commit.template [9ms]
2024-01-18 14:02:01.166 [info] > git rev-parse --show-toplevel [35ms]
2024-01-18 14:02:01.299 [info] > git rev-parse --show-toplevel [109ms]
2024-01-18 14:02:01.392 [info] > git check-ignore -v -z --stdin [44ms]
2024-01-18 14:02:01.412 [info] > git for-each-ref --format=%(refname)%00%(upstream:short)%00%(objectname)%00%(upstream:track)%00%(upstream:remotename)%00%(upstream:remoteref) refs/heads/main refs/remotes/main [113ms]
2024-01-18 14:02:01.458 [warning] ENOENT: no such file or directory, open '/home/mahin/.config/hypr/.git/refs/remotes/origin/main'
2024-01-18 14:02:01.459 [info] > git rev-parse --show-toplevel [68ms]
2024-01-18 14:02:01.495 [info] > git rev-parse refs/remotes/origin/main [37ms]
2024-01-18 14:02:01.550 [info] > git rev-parse --show-toplevel [55ms]
2024-01-18 14:02:01.610 [info] > git rev-parse --show-toplevel [9ms]
2024-01-18 14:02:01.668 [info] > git rev-parse --show-toplevel [7ms]
2024-01-18 14:02:01.714 [info] > git status -z -uall [166ms]
2024-01-18 14:02:01.714 [info] > git rev-parse --show-toplevel [8ms]
2024-01-18 14:02:01.796 [info] > git rev-parse --show-toplevel [12ms]
2024-01-18 14:02:01.862 [info] > git rev-parse --show-toplevel [35ms]
2024-01-18 14:02:01.889 [info] > git rev-parse --show-toplevel [7ms]
2024-01-18 14:02:03.281 [info] > git show --textconv :scripts/baraction [25ms]
2024-01-18 14:02:03.310 [info] > git ls-files --stage -- /home/mahin/.config/hypr/scripts/baraction [26ms]
2024-01-18 14:02:03.332 [info] > git cat-file -s 65340d5403fdfb541094fd75a4056a5a6a5d9749 [4ms]
2024-01-18 14:02:08.058 [info] > git config --get commit.template [3ms]
2024-01-18 14:02:08.107 [info] > git ls-files --stage -- /home/mahin/.config/hypr/scripts/baraction [22ms]
2024-01-18 14:02:08.128 [info] > git cat-file -s 65340d5403fdfb541094fd75a4056a5a6a5d9749 [4ms]
2024-01-18 14:02:08.130 [info] > git for-each-ref --format=%(refname)%00%(upstream:short)%00%(objectname)%00%(upstream:track)%00%(upstream:remotename)%00%(upstream:remoteref) refs/heads/main refs/remotes/main [26ms]
2024-01-18 14:02:08.149 [warning] ENOENT: no such file or directory, open '/home/mahin/.config/hypr/.git/refs/remotes/origin/main'
2024-01-18 14:02:08.152 [info] > git rev-parse refs/remotes/origin/main [3ms]
2024-01-18 14:02:08.211 [info] > git show --textconv :scripts/baraction [4ms]
2024-01-18 14:02:08.227 [info] > git status -z -uall [57ms]
2024-01-18 14:02:13.315 [info] > git config --get commit.template [2ms]
2024-01-18 14:02:13.352 [info] > git for-each-ref --format=%(refname)%00%(upstream:short)%00%(objectname)%00%(upstream:track)%00%(upstream:remotename)%00%(upstream:remoteref) refs/heads/main refs/remotes/main [4ms]
2024-01-18 14:02:13.409 [warning] ENOENT: no such file or directory, open '/home/mahin/.config/hypr/.git/refs/remotes/origin/main'
2024-01-18 14:02:13.412 [info] > git rev-parse refs/remotes/origin/main [3ms]
2024-01-18 14:02:13.538 [info] > git status -z -uall [81ms]
2024-01-18 14:03:51.265 [info] > git config --get commit.template [3ms]
2024-01-18 14:03:51.293 [info] > git for-each-ref --format=%(refname)%00%(upstream:short)%00%(objectname)%00%(upstream:track)%00%(upstream:remotename)%00%(upstream:remoteref) refs/heads/main refs/remotes/main [1ms]
2024-01-18 14:03:51.312 [warning] ENOENT: no such file or directory, open '/home/mahin/.config/hypr/.git/refs/remotes/origin/main'
2024-01-18 14:03:51.320 [info] > git rev-parse refs/remotes/origin/main [4ms]
2024-01-18 14:03:51.380 [info] > git status -z -uall [42ms]
2024-01-18 14:04:36.339 [info] > git config --get commit.template [11ms]
2024-01-18 14:04:36.363 [info] > git for-each-ref --format=%(refname)%00%(upstream:short)%00%(objectname)%00%(upstream:track)%00%(upstream:remotename)%00%(upstream:remoteref) refs/heads/main refs/remotes/main [2ms]
2024-01-18 14:04:36.393 [warning] ENOENT: no such file or directory, open '/home/mahin/.config/hypr/.git/refs/remotes/origin/main'
2024-01-18 14:04:36.395 [info] > git rev-parse refs/remotes/origin/main [3ms]
2024-01-18 14:04:36.477 [info] > git status -z -uall [52ms]
2024-01-18 14:04:41.533 [info] > git config --get commit.template [9ms]
2024-01-18 14:04:41.572 [info] > git for-each-ref --format=%(refname)%00%(upstream:short)%00%(objectname)%00%(upstream:track)%00%(upstream:remotename)%00%(upstream:remoteref) refs/heads/main refs/remotes/main [10ms]
2024-01-18 14:04:41.599 [warning] ENOENT: no such file or directory, open '/home/mahin/.config/hypr/.git/refs/remotes/origin/main'
2024-01-18 14:04:41.603 [info] > git rev-parse refs/remotes/origin/main [4ms]
2024-01-18 14:04:41.669 [info] > git status -z -uall [45ms]
