2024-01-20 13:56:37.442 [info] Added views:workbench.panel.markers.view in workbench.panel.markers
2024-01-20 13:56:37.442 [info] Added views:workbench.panel.output in workbench.panel.output
2024-01-20 13:56:37.442 [info] Added views:terminal in terminal
2024-01-20 13:56:37.442 [info] Added views:workbench.scm in workbench.view.scm
2024-01-20 13:56:37.442 [info] Added views:workbench.view.search in workbench.view.search
2024-01-20 13:56:37.442 [info] Added views:outline in workbench.view.explorer
2024-01-20 13:56:37.443 [info] Added views:timeline in workbench.view.explorer
2024-01-20 13:56:37.443 [info] Added views:workbench.explorer.fileView in workbench.view.explorer
2024-01-20 13:56:38.636 [info] Added views:workbench.debug.welcome in workbench.view.debug
2024-01-20 13:56:42.182 [info] Added views:~remote.forwardedPorts in ~remote.forwardedPortsContainer
2024-01-20 13:56:42.434 [info] Added views:workbench.panel.repl.view in workbench.panel.repl
2024-01-20 14:01:09.031 [info] Added views:workbench.panel.markers.view in workbench.panel.markers
2024-01-20 14:01:09.031 [info] Added views:workbench.panel.output in workbench.panel.output
2024-01-20 14:01:09.031 [info] Added views:terminal in terminal
2024-01-20 14:01:09.031 [info] Added views:outline in workbench.view.explorer
2024-01-20 14:01:09.031 [info] Added views:workbench.scm in workbench.view.scm
2024-01-20 14:01:09.031 [info] Added views:workbench.view.search in workbench.view.search
2024-01-20 14:01:09.031 [info] Added views:timeline in workbench.view.explorer
2024-01-20 14:01:09.031 [info] Added views:workbench.explorer.emptyView in workbench.view.explorer
2024-01-20 14:01:09.523 [info] Added views:workbench.debug.variablesView,workbench.debug.watchExpressionsView,workbench.debug.callStackView,workbench.debug.breakPointsView in workbench.view.debug
2024-01-20 14:01:09.546 [info] Added views:workbench.panel.repl.view in workbench.panel.repl
2024-01-20 14:01:09.547 [info] Removed views:workbench.debug.breakPointsView,workbench.debug.callStackView,workbench.debug.watchExpressionsView,workbench.debug.variablesView from workbench.view.debug
2024-01-20 14:01:09.548 [info] Added views:workbench.debug.welcome in workbench.view.debug
2024-01-20 14:01:09.826 [info] Added views:~remote.forwardedPorts in ~remote.forwardedPortsContainer
